#! /c/Source/iverilog-install/bin/vvp
:ivl_version "12.0 (devel)" "(s20150603-1539-g2693dd32b)";
:ivl_delay_selection "TYPICAL";
:vpi_time_precision - 9;
:vpi_module "C:\iverilog\lib\ivl\system.vpi";
:vpi_module "C:\iverilog\lib\ivl\vhdl_sys.vpi";
:vpi_module "C:\iverilog\lib\ivl\vhdl_textio.vpi";
:vpi_module "C:\iverilog\lib\ivl\v2005_math.vpi";
:vpi_module "C:\iverilog\lib\ivl\va_math.vpi";
S_000001d3dabfa7c0 .scope module, "tb_SnailFSM_101" "tb_SnailFSM_101" 2 4;
 .timescale -9 -9;
L_000001d3dac4cbf0 .functor BUFZ 64, v000001d3dac41370_0, C4<0000000000000000000000000000000000000000000000000000000000000000>, C4<0000000000000000000000000000000000000000000000000000000000000000>, C4<0000000000000000000000000000000000000000000000000000000000000000>;
v000001d3dac41410_0 .var "D", 0 0;
v000001d3dac414b0_0 .net "Q", 0 0, v000001d3dac12b60_0;  1 drivers
v000001d3dac41550_0 .var "_rst", 0 0;
v000001d3dac415f0_0 .var "clk", 0 0;
v000001d3dac418c0_0 .net "state", 63 0, L_000001d3dac4cbf0;  1 drivers
E_000001d3dabf9620 .event posedge, v000001d3dac4a0a0_0;
S_000001d3dac49dd0 .scope module, "DUT" "SnailFSM_Moore_101" 2 11, 3 1 0, S_000001d3dabfa7c0;
 .timescale 0 0;
    .port_info 0 /INPUT 1 "D";
    .port_info 1 /INPUT 1 "_rst";
    .port_info 2 /INPUT 1 "clk";
    .port_info 3 /OUTPUT 1 "Q";
P_000001d3dabfbe10 .param/l "HOORAY" 1 3 3, +C4<00000000000000000000000000000011>;
P_000001d3dabfbe48 .param/l "HOPE1" 1 3 3, +C4<00000000000000000000000000000001>;
P_000001d3dabfbe80 .param/l "HOPE2" 1 3 3, +C4<00000000000000000000000000000010>;
P_000001d3dabfbeb8 .param/l "SAD" 1 3 3, +C4<00000000000000000000000000000000>;
v000001d3dabfa950_0 .net "D", 0 0, v000001d3dac41410_0;  1 drivers
v000001d3dac12b60_0 .var "Q", 0 0;
v000001d3dac49f60_0 .var "Q_nonsynch", 0 0;
v000001d3dac4a000_0 .net "_rst", 0 0, v000001d3dac41550_0;  1 drivers
v000001d3dac4a0a0_0 .net "clk", 0 0, v000001d3dac415f0_0;  1 drivers
v000001d3dac4a140_0 .var "nextstate", 1 0;
v000001d3dac412d0_0 .var "state", 1 0;
v000001d3dac41370_0 .var "txstate", 63 0;
E_000001d3dabf9720/0 .event negedge, v000001d3dac4a000_0;
E_000001d3dabf9720/1 .event posedge, v000001d3dac4a0a0_0;
E_000001d3dabf9720 .event/or E_000001d3dabf9720/0, E_000001d3dabf9720/1;
E_000001d3dabf9820 .event anyedge, v000001d3dac412d0_0;
E_000001d3dabf91e0 .event anyedge, v000001d3dac412d0_0, v000001d3dabfa950_0;
    .scope S_000001d3dac49dd0;
T_0 ;
    %wait E_000001d3dabf9820;
    %load/vec4 v000001d3dac412d0_0;
    %dup/vec4;
    %pushi/vec4 0, 0, 2;
    %cmp/u;
    %jmp/1 T_0.0, 6;
    %dup/vec4;
    %pushi/vec4 1, 0, 2;
    %cmp/u;
    %jmp/1 T_0.1, 6;
    %dup/vec4;
    %pushi/vec4 2, 0, 2;
    %cmp/u;
    %jmp/1 T_0.2, 6;
    %dup/vec4;
    %pushi/vec4 3, 0, 2;
    %cmp/u;
    %jmp/1 T_0.3, 6;
    %jmp T_0.4;
T_0.0 ;
    %pushi/vec4 0, 0, 32; draw_string_vec4
    %pushi/vec4 5456196, 0, 32; draw_string_vec4
    %concat/vec4; draw_string_vec4
    %store/vec4 v000001d3dac41370_0, 0, 64;
    %jmp T_0.4;
T_0.1 ;
    %pushi/vec4 72, 0, 32; draw_string_vec4
    %pushi/vec4 1330660657, 0, 32; draw_string_vec4
    %concat/vec4; draw_string_vec4
    %store/vec4 v000001d3dac41370_0, 0, 64;
    %jmp T_0.4;
T_0.2 ;
    %pushi/vec4 72, 0, 32; draw_string_vec4
    %pushi/vec4 1330660658, 0, 32; draw_string_vec4
    %concat/vec4; draw_string_vec4
    %store/vec4 v000001d3dac41370_0, 0, 64;
    %jmp T_0.4;
T_0.3 ;
    %pushi/vec4 18511, 0, 32; draw_string_vec4
    %pushi/vec4 1330790745, 0, 32; draw_string_vec4
    %concat/vec4; draw_string_vec4
    %store/vec4 v000001d3dac41370_0, 0, 64;
    %jmp T_0.4;
T_0.4 ;
    %pop/vec4 1;
    %jmp T_0;
    .thread T_0, $push;
    .scope S_000001d3dac49dd0;
T_1 ;
    %wait E_000001d3dabf9720;
    %load/vec4 v000001d3dac4a000_0;
    %nor/r;
    %flag_set/vec4 8;
    %jmp/0xz  T_1.0, 8;
    %pushi/vec4 0, 0, 2;
    %assign/vec4 v000001d3dac412d0_0, 0;
    %jmp T_1.1;
T_1.0 ;
    %load/vec4 v000001d3dac4a140_0;
    %assign/vec4 v000001d3dac412d0_0, 0;
T_1.1 ;
    %jmp T_1;
    .thread T_1;
    .scope S_000001d3dac49dd0;
T_2 ;
    %wait E_000001d3dabf91e0;
    %load/vec4 v000001d3dac412d0_0;
    %dup/vec4;
    %pushi/vec4 0, 0, 2;
    %cmp/u;
    %jmp/1 T_2.0, 6;
    %dup/vec4;
    %pushi/vec4 1, 0, 2;
    %cmp/u;
    %jmp/1 T_2.1, 6;
    %dup/vec4;
    %pushi/vec4 2, 0, 2;
    %cmp/u;
    %jmp/1 T_2.2, 6;
    %dup/vec4;
    %pushi/vec4 3, 0, 2;
    %cmp/u;
    %jmp/1 T_2.3, 6;
    %pushi/vec4 0, 0, 2;
    %store/vec4 v000001d3dac4a140_0, 0, 2;
    %jmp T_2.5;
T_2.0 ;
    %load/vec4 v000001d3dabfa950_0;
    %flag_set/vec4 8;
    %jmp/0 T_2.6, 8;
    %pushi/vec4 1, 0, 32;
    %jmp/1 T_2.7, 8;
T_2.6 ; End of true expr.
    %pushi/vec4 0, 0, 32;
    %jmp/0 T_2.7, 8;
 ; End of false expr.
    %blend;
T_2.7;
    %pad/s 2;
    %store/vec4 v000001d3dac4a140_0, 0, 2;
    %jmp T_2.5;
T_2.1 ;
    %load/vec4 v000001d3dabfa950_0;
    %nor/r;
    %flag_set/vec4 8;
    %jmp/0 T_2.8, 8;
    %pushi/vec4 2, 0, 32;
    %jmp/1 T_2.9, 8;
T_2.8 ; End of true expr.
    %pushi/vec4 1, 0, 32;
    %jmp/0 T_2.9, 8;
 ; End of false expr.
    %blend;
T_2.9;
    %pad/s 2;
    %store/vec4 v000001d3dac4a140_0, 0, 2;
    %jmp T_2.5;
T_2.2 ;
    %load/vec4 v000001d3dabfa950_0;
    %flag_set/vec4 8;
    %jmp/0 T_2.10, 8;
    %pushi/vec4 3, 0, 32;
    %jmp/1 T_2.11, 8;
T_2.10 ; End of true expr.
    %pushi/vec4 0, 0, 32;
    %jmp/0 T_2.11, 8;
 ; End of false expr.
    %blend;
T_2.11;
    %pad/s 2;
    %store/vec4 v000001d3dac4a140_0, 0, 2;
    %jmp T_2.5;
T_2.3 ;
    %load/vec4 v000001d3dabfa950_0;
    %flag_set/vec4 8;
    %jmp/0 T_2.12, 8;
    %pushi/vec4 1, 0, 32;
    %jmp/1 T_2.13, 8;
T_2.12 ; End of true expr.
    %pushi/vec4 0, 0, 32;
    %jmp/0 T_2.13, 8;
 ; End of false expr.
    %blend;
T_2.13;
    %pad/s 2;
    %store/vec4 v000001d3dac4a140_0, 0, 2;
    %jmp T_2.5;
T_2.5 ;
    %pop/vec4 1;
    %jmp T_2;
    .thread T_2, $push;
    .scope S_000001d3dac49dd0;
T_3 ;
    %wait E_000001d3dabf9820;
    %load/vec4 v000001d3dac412d0_0;
    %dup/vec4;
    %pushi/vec4 0, 0, 2;
    %cmp/u;
    %jmp/1 T_3.0, 6;
    %dup/vec4;
    %pushi/vec4 1, 0, 2;
    %cmp/u;
    %jmp/1 T_3.1, 6;
    %dup/vec4;
    %pushi/vec4 2, 0, 2;
    %cmp/u;
    %jmp/1 T_3.2, 6;
    %dup/vec4;
    %pushi/vec4 3, 0, 2;
    %cmp/u;
    %jmp/1 T_3.3, 6;
    %pushi/vec4 0, 0, 1;
    %store/vec4 v000001d3dac49f60_0, 0, 1;
    %jmp T_3.5;
T_3.0 ;
    %pushi/vec4 0, 0, 1;
    %store/vec4 v000001d3dac49f60_0, 0, 1;
    %jmp T_3.5;
T_3.1 ;
    %pushi/vec4 0, 0, 1;
    %store/vec4 v000001d3dac49f60_0, 0, 1;
    %jmp T_3.5;
T_3.2 ;
    %pushi/vec4 0, 0, 1;
    %store/vec4 v000001d3dac49f60_0, 0, 1;
    %jmp T_3.5;
T_3.3 ;
    %pushi/vec4 1, 0, 1;
    %store/vec4 v000001d3dac49f60_0, 0, 1;
    %jmp T_3.5;
T_3.5 ;
    %pop/vec4 1;
    %jmp T_3;
    .thread T_3, $push;
    .scope S_000001d3dac49dd0;
T_4 ;
    %wait E_000001d3dabf9720;
    %load/vec4 v000001d3dac4a000_0;
    %nor/r;
    %flag_set/vec4 8;
    %jmp/0xz  T_4.0, 8;
    %pushi/vec4 0, 0, 1;
    %assign/vec4 v000001d3dac12b60_0, 0;
    %jmp T_4.1;
T_4.0 ;
    %load/vec4 v000001d3dac49f60_0;
    %assign/vec4 v000001d3dac12b60_0, 0;
T_4.1 ;
    %jmp T_4;
    .thread T_4;
    .scope S_000001d3dabfa7c0;
T_5 ;
    %pushi/vec4 0, 0, 1;
    %store/vec4 v000001d3dac415f0_0, 0, 1;
T_5.0 ;
    %delay 5, 0;
    %load/vec4 v000001d3dac415f0_0;
    %inv;
    %store/vec4 v000001d3dac415f0_0, 0, 1;
    %jmp T_5.0;
    %end;
    .thread T_5;
    .scope S_000001d3dabfa7c0;
T_6 ;
    %pushi/vec4 1, 0, 1;
    %store/vec4 v000001d3dac41550_0, 0, 1;
    %pushi/vec4 2, 0, 32;
T_6.0 %dup/vec4;
    %pushi/vec4 0, 0, 32;
    %cmp/s;
    %jmp/1xz T_6.1, 5;
    %jmp/1 T_6.1, 4;
    %pushi/vec4 1, 0, 32;
    %sub;
    %delay 1, 0;
    %load/vec4 v000001d3dac41550_0;
    %inv;
    %store/vec4 v000001d3dac41550_0, 0, 1;
    %jmp T_6.0;
T_6.1 ;
    %pop/vec4 1;
    %end;
    .thread T_6;
    .scope S_000001d3dabfa7c0;
T_7 ;
    %pushi/vec4 0, 0, 1;
    %store/vec4 v000001d3dac41410_0, 0, 1;
    %end;
    .thread T_7;
    .scope S_000001d3dabfa7c0;
T_8 ;
    %wait E_000001d3dabf9620;
    %delay 3, 0;
    %vpi_func 2 27 "$random" 32 {0 0 0};
    %pad/s 1;
    %store/vec4 v000001d3dac41410_0, 0, 1;
    %jmp T_8;
    .thread T_8;
    .scope S_000001d3dabfa7c0;
T_9 ;
    %delay 300, 0;
    %vpi_call 2 30 "$finish" {0 0 0};
    %end;
    .thread T_9;
    .scope S_000001d3dabfa7c0;
T_10 ;
    %vpi_call 2 33 "$dumpfile", "qqq.vcd" {0 0 0};
    %vpi_call 2 34 "$dumpvars" {0 0 0};
    %end;
    .thread T_10;
# The file index is used to find the file name in the following table.
:file_names 4;
    "N/A";
    "<interactive>";
    "tb_SnailFSM_101.v";
    "./SnailFSM_Moore_101.v";
