GowinSynthesis start
Running parser ...
Analyzing Verilog file 'D:\repos\MPEI_repos\MPEI\MPEI_Magistracy\Term_one\digital_design\KM_3_seven_seg_and_lcd\Sipeed_Tang_Primer_20k\lcd1602\lcd1602_keyboard\src\LCD_TEST_4.sv'
WARN  (EX3182) : Initial value of parameter 'w_key' is omitted("D:\repos\MPEI_repos\MPEI\MPEI_Magistracy\Term_one\digital_design\KM_3_seven_seg_and_lcd\Sipeed_Tang_Primer_20k\lcd1602\lcd1602_keyboard\src\LCD_TEST_4.sv":3)
Analyzing Verilog file 'D:\repos\MPEI_repos\MPEI\MPEI_Magistracy\Term_one\digital_design\KM_3_seven_seg_and_lcd\Sipeed_Tang_Primer_20k\lcd1602\lcd1602_keyboard\src\button_debouncer.sv'
Analyzing Verilog file 'D:\repos\MPEI_repos\MPEI\MPEI_Magistracy\Term_one\digital_design\KM_3_seven_seg_and_lcd\Sipeed_Tang_Primer_20k\lcd1602\lcd1602_keyboard\src\top.sv'
Undeclared symbol 'rst', assumed default net type 'wire'("D:\repos\MPEI_repos\MPEI\MPEI_Magistracy\Term_one\digital_design\KM_3_seven_seg_and_lcd\Sipeed_Tang_Primer_20k\lcd1602\lcd1602_keyboard\src\top.sv":28)
Compiling module 'top'("D:\repos\MPEI_repos\MPEI\MPEI_Magistracy\Term_one\digital_design\KM_3_seven_seg_and_lcd\Sipeed_Tang_Primer_20k\lcd1602\lcd1602_keyboard\src\top.sv":1)
Compiling module 'LCD_TEST_4(w_key=5)'("D:\repos\MPEI_repos\MPEI\MPEI_Magistracy\Term_one\digital_design\KM_3_seven_seg_and_lcd\Sipeed_Tang_Primer_20k\lcd1602\lcd1602_keyboard\src\LCD_TEST_4.sv":1)
Compiling module 'button_debouncer'("D:\repos\MPEI_repos\MPEI\MPEI_Magistracy\Term_one\digital_design\KM_3_seven_seg_and_lcd\Sipeed_Tang_Primer_20k\lcd1602\lcd1602_keyboard\src\button_debouncer.sv":1)
WARN  (EX3780) : Using initial value of 'sw_change_f' since it is never assigned("D:\repos\MPEI_repos\MPEI\MPEI_Magistracy\Term_one\digital_design\KM_3_seven_seg_and_lcd\Sipeed_Tang_Primer_20k\lcd1602\lcd1602_keyboard\src\button_debouncer.sv":28)
WARN  (EX3780) : Using initial value of 'sw_cnt_max' since it is never assigned("D:\repos\MPEI_repos\MPEI\MPEI_Magistracy\Term_one\digital_design\KM_3_seven_seg_and_lcd\Sipeed_Tang_Primer_20k\lcd1602\lcd1602_keyboard\src\button_debouncer.sv":30)
WARN  (EX2565) : Input 'sw_state' on this instance is undriven. Assigning to 0, simulation mismatch possible. Please assign the input or remove the declaration("D:\repos\MPEI_repos\MPEI\MPEI_Magistracy\Term_one\digital_design\KM_3_seven_seg_and_lcd\Sipeed_Tang_Primer_20k\lcd1602\lcd1602_keyboard\src\top.sv":46)
WARN  (EX2565) : Input 'sw_down' on this instance is undriven. Assigning to 0, simulation mismatch possible. Please assign the input or remove the declaration("D:\repos\MPEI_repos\MPEI\MPEI_Magistracy\Term_one\digital_design\KM_3_seven_seg_and_lcd\Sipeed_Tang_Primer_20k\lcd1602\lcd1602_keyboard\src\top.sv":46)
NOTE  (EX0101) : Current top module is "top"
[5%] Running netlist conversion ...
WARN  (CV0018) : Input key_on_board[0] is unused("D:\repos\MPEI_repos\MPEI\MPEI_Magistracy\Term_one\digital_design\KM_3_seven_seg_and_lcd\Sipeed_Tang_Primer_20k\lcd1602\lcd1602_keyboard\src\top.sv":11)
WARN  (CV0016) : Input sw_on_board is unused("D:\repos\MPEI_repos\MPEI\MPEI_Magistracy\Term_one\digital_design\KM_3_seven_seg_and_lcd\Sipeed_Tang_Primer_20k\lcd1602\lcd1602_keyboard\src\top.sv":12)
Running device independent optimization ...
[10%] Optimizing Phase 0 completed
[15%] Optimizing Phase 1 completed
[25%] Optimizing Phase 2 completed
Running inference ...
[30%] Inferring Phase 0 completed
[40%] Inferring Phase 1 completed
[50%] Inferring Phase 2 completed
[55%] Inferring Phase 3 completed
Running technical mapping ...
[60%] Tech-Mapping Phase 0 completed
[65%] Tech-Mapping Phase 1 completed
[75%] Tech-Mapping Phase 2 completed
[80%] Tech-Mapping Phase 3 completed
[90%] Tech-Mapping Phase 4 completed
WARN  (NL0002) : The module "button_debouncer" instantiated to "u2" is swept in optimizing("D:\repos\MPEI_repos\MPEI\MPEI_Magistracy\Term_one\digital_design\KM_3_seven_seg_and_lcd\Sipeed_Tang_Primer_20k\lcd1602\lcd1602_keyboard\src\top.sv":60)
[95%] Generate netlist file "D:\repos\MPEI_repos\MPEI\MPEI_Magistracy\Term_one\digital_design\KM_3_seven_seg_and_lcd\Sipeed_Tang_Primer_20k\lcd1602\lcd1602_keyboard\impl\gwsynthesis\lcd1602_keyboard.vg" completed
[100%] Generate report file "D:\repos\MPEI_repos\MPEI\MPEI_Magistracy\Term_one\digital_design\KM_3_seven_seg_and_lcd\Sipeed_Tang_Primer_20k\lcd1602\lcd1602_keyboard\impl\gwsynthesis\lcd1602_keyboard_syn.rpt.html" completed
GowinSynthesis finish
