Analysis & Synthesis report for ALU_olimp
Sat May 13 10:14:51 2023
Quartus Prime Version 21.1.1 Build 850 06/23/2022 SJ Lite Edition


---------------------
; Table of Contents ;
---------------------
  1. Legal Notice
  2. Analysis & Synthesis Summary
  3. Analysis & Synthesis Settings
  4. Parallel Compilation
  5. Analysis & Synthesis Source Files Read
  6. Analysis & Synthesis Resource Usage Summary
  7. Analysis & Synthesis Resource Utilization by Entity
  8. General Register Statistics
  9. Parameter Settings for Inferred Entity Instance: ALU:ALU|lpm_mult:Mult0
 10. lpm_mult Parameter Settings by Entity Instance
 11. Post-Synthesis Netlist Statistics for Top Partition
 12. Elapsed Time Per Partition
 13. Analysis & Synthesis Messages
 14. Analysis & Synthesis Suppressed Messages



----------------
; Legal Notice ;
----------------
Copyright (C) 2022  Intel Corporation. All rights reserved.
Your use of Intel Corporation's design tools, logic functions 
and other software and tools, and any partner logic 
functions, and any output files from any of the foregoing 
(including device programming or simulation files), and any 
associated documentation or information are expressly subject 
to the terms and conditions of the Intel Program License 
Subscription Agreement, the Intel Quartus Prime License Agreement,
the Intel FPGA IP License Agreement, or other applicable license
agreement, including, without limitation, that your use is for
the sole purpose of programming logic devices manufactured by
Intel and sold by Intel or its authorized distributors.  Please
refer to the applicable agreement for further details, at
https://fpgasoftware.intel.com/eula.



+----------------------------------------------------------------------------------+
; Analysis & Synthesis Summary                                                     ;
+------------------------------------+---------------------------------------------+
; Analysis & Synthesis Status        ; Successful - Sat May 13 10:14:51 2023       ;
; Quartus Prime Version              ; 21.1.1 Build 850 06/23/2022 SJ Lite Edition ;
; Revision Name                      ; ALU_olimp                                   ;
; Top-level Entity Name              ; top_module                                  ;
; Family                             ; Cyclone IV E                                ;
; Total logic elements               ; 56                                          ;
;     Total combinational functions  ; 56                                          ;
;     Dedicated logic registers      ; 18                                          ;
; Total registers                    ; 18                                          ;
; Total pins                         ; 25                                          ;
; Total virtual pins                 ; 0                                           ;
; Total memory bits                  ; 0                                           ;
; Embedded Multiplier 9-bit elements ; 0                                           ;
; Total PLLs                         ; 0                                           ;
+------------------------------------+---------------------------------------------+


+------------------------------------------------------------------------------------------------------------+
; Analysis & Synthesis Settings                                                                              ;
+------------------------------------------------------------------+--------------------+--------------------+
; Option                                                           ; Setting            ; Default Value      ;
+------------------------------------------------------------------+--------------------+--------------------+
; Device                                                           ; EP4CE6E22C8        ;                    ;
; Top-level entity name                                            ; top_module         ; ALU_olimp          ;
; Family name                                                      ; Cyclone IV E       ; Cyclone V          ;
; Use smart compilation                                            ; Off                ; Off                ;
; Enable parallel Assembler and Timing Analyzer during compilation ; On                 ; On                 ;
; Enable compact report table                                      ; Off                ; Off                ;
; Restructure Multiplexers                                         ; Auto               ; Auto               ;
; Create Debugging Nodes for IP Cores                              ; Off                ; Off                ;
; Preserve fewer node names                                        ; On                 ; On                 ;
; Intel FPGA IP Evaluation Mode                                    ; Enable             ; Enable             ;
; Verilog Version                                                  ; Verilog_2001       ; Verilog_2001       ;
; VHDL Version                                                     ; VHDL_1993          ; VHDL_1993          ;
; State Machine Processing                                         ; Auto               ; Auto               ;
; Safe State Machine                                               ; Off                ; Off                ;
; Extract Verilog State Machines                                   ; On                 ; On                 ;
; Extract VHDL State Machines                                      ; On                 ; On                 ;
; Ignore Verilog initial constructs                                ; Off                ; Off                ;
; Iteration limit for constant Verilog loops                       ; 5000               ; 5000               ;
; Iteration limit for non-constant Verilog loops                   ; 250                ; 250                ;
; Add Pass-Through Logic to Inferred RAMs                          ; On                 ; On                 ;
; Infer RAMs from Raw Logic                                        ; On                 ; On                 ;
; Parallel Synthesis                                               ; On                 ; On                 ;
; DSP Block Balancing                                              ; Auto               ; Auto               ;
; NOT Gate Push-Back                                               ; On                 ; On                 ;
; Power-Up Don't Care                                              ; On                 ; On                 ;
; Remove Redundant Logic Cells                                     ; Off                ; Off                ;
; Remove Duplicate Registers                                       ; On                 ; On                 ;
; Ignore CARRY Buffers                                             ; Off                ; Off                ;
; Ignore CASCADE Buffers                                           ; Off                ; Off                ;
; Ignore GLOBAL Buffers                                            ; Off                ; Off                ;
; Ignore ROW GLOBAL Buffers                                        ; Off                ; Off                ;
; Ignore LCELL Buffers                                             ; Off                ; Off                ;
; Ignore SOFT Buffers                                              ; On                 ; On                 ;
; Limit AHDL Integers to 32 Bits                                   ; Off                ; Off                ;
; Optimization Technique                                           ; Balanced           ; Balanced           ;
; Carry Chain Length                                               ; 70                 ; 70                 ;
; Auto Carry Chains                                                ; On                 ; On                 ;
; Auto Open-Drain Pins                                             ; On                 ; On                 ;
; Perform WYSIWYG Primitive Resynthesis                            ; Off                ; Off                ;
; Auto ROM Replacement                                             ; On                 ; On                 ;
; Auto RAM Replacement                                             ; On                 ; On                 ;
; Auto DSP Block Replacement                                       ; On                 ; On                 ;
; Auto Shift Register Replacement                                  ; Auto               ; Auto               ;
; Allow Shift Register Merging across Hierarchies                  ; Auto               ; Auto               ;
; Auto Clock Enable Replacement                                    ; On                 ; On                 ;
; Strict RAM Replacement                                           ; Off                ; Off                ;
; Allow Synchronous Control Signals                                ; On                 ; On                 ;
; Force Use of Synchronous Clear Signals                           ; Off                ; Off                ;
; Auto RAM Block Balancing                                         ; On                 ; On                 ;
; Auto RAM to Logic Cell Conversion                                ; Off                ; Off                ;
; Auto Resource Sharing                                            ; Off                ; Off                ;
; Allow Any RAM Size For Recognition                               ; Off                ; Off                ;
; Allow Any ROM Size For Recognition                               ; Off                ; Off                ;
; Allow Any Shift Register Size For Recognition                    ; Off                ; Off                ;
; Use LogicLock Constraints during Resource Balancing              ; On                 ; On                 ;
; Ignore translate_off and synthesis_off directives                ; Off                ; Off                ;
; Timing-Driven Synthesis                                          ; On                 ; On                 ;
; Report Parameter Settings                                        ; On                 ; On                 ;
; Report Source Assignments                                        ; On                 ; On                 ;
; Report Connectivity Checks                                       ; On                 ; On                 ;
; Ignore Maximum Fan-Out Assignments                               ; Off                ; Off                ;
; Synchronization Register Chain Length                            ; 2                  ; 2                  ;
; Power Optimization During Synthesis                              ; Normal compilation ; Normal compilation ;
; HDL message level                                                ; Level2             ; Level2             ;
; Suppress Register Optimization Related Messages                  ; Off                ; Off                ;
; Number of Removed Registers Reported in Synthesis Report         ; 5000               ; 5000               ;
; Number of Swept Nodes Reported in Synthesis Report               ; 5000               ; 5000               ;
; Number of Inverted Registers Reported in Synthesis Report        ; 100                ; 100                ;
; Clock MUX Protection                                             ; On                 ; On                 ;
; Auto Gated Clock Conversion                                      ; Off                ; Off                ;
; Block Design Naming                                              ; Auto               ; Auto               ;
; SDC constraint protection                                        ; Off                ; Off                ;
; Synthesis Effort                                                 ; Auto               ; Auto               ;
; Shift Register Replacement - Allow Asynchronous Clear Signal     ; On                 ; On                 ;
; Pre-Mapping Resynthesis Optimization                             ; Off                ; Off                ;
; Analysis & Synthesis Message Level                               ; Medium             ; Medium             ;
; Disable Register Merging Across Hierarchies                      ; Auto               ; Auto               ;
; Resource Aware Inference For Block RAM                           ; On                 ; On                 ;
+------------------------------------------------------------------+--------------------+--------------------+


+------------------------------------------+
; Parallel Compilation                     ;
+----------------------------+-------------+
; Processors                 ; Number      ;
+----------------------------+-------------+
; Number detected on machine ; 8           ;
; Maximum allowed            ; 8           ;
;                            ;             ;
; Average used               ; 1.00        ;
; Maximum used               ; 8           ;
;                            ;             ;
; Usage by Processor         ; % Time Used ;
;     Processor 1            ; 100.0%      ;
;     Processors 2-8         ;   0.0%      ;
+----------------------------+-------------+


+-------------------------------------------------------------------------------------------------------------------------------------------------------------------+
; Analysis & Synthesis Source Files Read                                                                                                                            ;
+----------------------------------+-----------------+------------------------+---------------------------------------------------------------------------+---------+
; File Name with User-Entered Path ; Used in Netlist ; File Type              ; File Name with Absolute Path                                              ; Library ;
+----------------------------------+-----------------+------------------------+---------------------------------------------------------------------------+---------+
; src/top_module.v                 ; yes             ; User Verilog HDL File  ; D:/intelFPGA_lite/Project/ALU_olimp/src/top_module.v                      ;         ;
; src/clk_div.v                    ; yes             ; User Verilog HDL File  ; D:/intelFPGA_lite/Project/ALU_olimp/src/clk_div.v                         ;         ;
; src/seven_seg.v                  ; yes             ; User Verilog HDL File  ; D:/intelFPGA_lite/Project/ALU_olimp/src/seven_seg.v                       ;         ;
; src/seven_seg_disp.v             ; yes             ; User Verilog HDL File  ; D:/intelFPGA_lite/Project/ALU_olimp/src/seven_seg_disp.v                  ;         ;
; src/ALU.v                        ; yes             ; User Verilog HDL File  ; D:/intelFPGA_lite/Project/ALU_olimp/src/ALU.v                             ;         ;
; lpm_mult.tdf                     ; yes             ; Megafunction           ; d:/intelfpga_lite/21.1/quartus/libraries/megafunctions/lpm_mult.tdf       ;         ;
; aglobal211.inc                   ; yes             ; Megafunction           ; d:/intelfpga_lite/21.1/quartus/libraries/megafunctions/aglobal211.inc     ;         ;
; lpm_add_sub.inc                  ; yes             ; Megafunction           ; d:/intelfpga_lite/21.1/quartus/libraries/megafunctions/lpm_add_sub.inc    ;         ;
; multcore.inc                     ; yes             ; Megafunction           ; d:/intelfpga_lite/21.1/quartus/libraries/megafunctions/multcore.inc       ;         ;
; bypassff.inc                     ; yes             ; Megafunction           ; d:/intelfpga_lite/21.1/quartus/libraries/megafunctions/bypassff.inc       ;         ;
; altshift.inc                     ; yes             ; Megafunction           ; d:/intelfpga_lite/21.1/quartus/libraries/megafunctions/altshift.inc       ;         ;
; multcore.tdf                     ; yes             ; Megafunction           ; d:/intelfpga_lite/21.1/quartus/libraries/megafunctions/multcore.tdf       ;         ;
; csa_add.inc                      ; yes             ; Megafunction           ; d:/intelfpga_lite/21.1/quartus/libraries/megafunctions/csa_add.inc        ;         ;
; mpar_add.inc                     ; yes             ; Megafunction           ; d:/intelfpga_lite/21.1/quartus/libraries/megafunctions/mpar_add.inc       ;         ;
; muleabz.inc                      ; yes             ; Megafunction           ; d:/intelfpga_lite/21.1/quartus/libraries/megafunctions/muleabz.inc        ;         ;
; mul_lfrg.inc                     ; yes             ; Megafunction           ; d:/intelfpga_lite/21.1/quartus/libraries/megafunctions/mul_lfrg.inc       ;         ;
; mul_boothc.inc                   ; yes             ; Megafunction           ; d:/intelfpga_lite/21.1/quartus/libraries/megafunctions/mul_boothc.inc     ;         ;
; alt_ded_mult.inc                 ; yes             ; Megafunction           ; d:/intelfpga_lite/21.1/quartus/libraries/megafunctions/alt_ded_mult.inc   ;         ;
; alt_ded_mult_y.inc               ; yes             ; Megafunction           ; d:/intelfpga_lite/21.1/quartus/libraries/megafunctions/alt_ded_mult_y.inc ;         ;
; dffpipe.inc                      ; yes             ; Megafunction           ; d:/intelfpga_lite/21.1/quartus/libraries/megafunctions/dffpipe.inc        ;         ;
; altshift.tdf                     ; yes             ; Megafunction           ; d:/intelfpga_lite/21.1/quartus/libraries/megafunctions/altshift.tdf       ;         ;
+----------------------------------+-----------------+------------------------+---------------------------------------------------------------------------+---------+


+---------------------------------------------------------+
; Analysis & Synthesis Resource Usage Summary             ;
+---------------------------------------------+-----------+
; Resource                                    ; Usage     ;
+---------------------------------------------+-----------+
; Estimated Total logic elements              ; 56        ;
;                                             ;           ;
; Total combinational functions               ; 56        ;
; Logic element usage by number of LUT inputs ;           ;
;     -- 4 input functions                    ; 30        ;
;     -- 3 input functions                    ; 6         ;
;     -- <=2 input functions                  ; 20        ;
;                                             ;           ;
; Logic elements by mode                      ;           ;
;     -- normal mode                          ; 46        ;
;     -- arithmetic mode                      ; 10        ;
;                                             ;           ;
; Total registers                             ; 18        ;
;     -- Dedicated logic registers            ; 18        ;
;     -- I/O registers                        ; 0         ;
;                                             ;           ;
; I/O pins                                    ; 25        ;
;                                             ;           ;
; Embedded Multiplier 9-bit elements          ; 0         ;
;                                             ;           ;
; Maximum fan-out node                        ; CLK~input ;
; Maximum fan-out                             ; 16        ;
; Total fan-out                               ; 253       ;
; Average fan-out                             ; 2.04      ;
+---------------------------------------------+-----------+


+-------------------------------------------------------------------------------------------------------------------------------------------------------------------------------------------------------------------------------------------------------+
; Analysis & Synthesis Resource Utilization by Entity                                                                                                                                                                                                   ;
+------------------------------------+---------------------+---------------------------+-------------+--------------+---------+-----------+------+--------------+-------------------------------------------------------+----------------+--------------+
; Compilation Hierarchy Node         ; Combinational ALUTs ; Dedicated Logic Registers ; Memory Bits ; DSP Elements ; DSP 9x9 ; DSP 18x18 ; Pins ; Virtual Pins ; Full Hierarchy Name                                   ; Entity Name    ; Library Name ;
+------------------------------------+---------------------+---------------------------+-------------+--------------+---------+-----------+------+--------------+-------------------------------------------------------+----------------+--------------+
; |top_module                        ; 56 (0)              ; 18 (0)                    ; 0           ; 0            ; 0       ; 0         ; 25   ; 0            ; |top_module                                           ; top_module     ; work         ;
;    |ALU:ALU|                       ; 36 (34)             ; 4 (4)                     ; 0           ; 0            ; 0       ; 0         ; 0    ; 0            ; |top_module|ALU:ALU                                   ; ALU            ; work         ;
;       |lpm_mult:Mult0|             ; 2 (0)               ; 0 (0)                     ; 0           ; 0            ; 0       ; 0         ; 0    ; 0            ; |top_module|ALU:ALU|lpm_mult:Mult0                    ; lpm_mult       ; work         ;
;          |multcore:mult_core|      ; 2 (2)               ; 0 (0)                     ; 0           ; 0            ; 0       ; 0         ; 0    ; 0            ; |top_module|ALU:ALU|lpm_mult:Mult0|multcore:mult_core ; multcore       ; work         ;
;    |clk_div:clk_div|               ; 12 (12)             ; 12 (12)                   ; 0           ; 0            ; 0       ; 0         ; 0    ; 0            ; |top_module|clk_div:clk_div                           ; clk_div        ; work         ;
;    |seven_seg_disp:seven_seg_disp| ; 8 (8)               ; 2 (2)                     ; 0           ; 0            ; 0       ; 0         ; 0    ; 0            ; |top_module|seven_seg_disp:seven_seg_disp             ; seven_seg_disp ; work         ;
+------------------------------------+---------------------+---------------------------+-------------+--------------+---------+-----------+------+--------------+-------------------------------------------------------+----------------+--------------+
Note: For table entries with two numbers listed, the numbers in parentheses indicate the number of resources of the given type used by the specific entity alone. The numbers listed outside of parentheses indicate the total resources of the given type used by the specific entity and all of its sub-entities in the hierarchy.


+------------------------------------------------------+
; General Register Statistics                          ;
+----------------------------------------------+-------+
; Statistic                                    ; Value ;
+----------------------------------------------+-------+
; Total registers                              ; 18    ;
; Number of registers using Synchronous Clear  ; 0     ;
; Number of registers using Synchronous Load   ; 0     ;
; Number of registers using Asynchronous Clear ; 4     ;
; Number of registers using Asynchronous Load  ; 0     ;
; Number of registers using Clock Enable       ; 0     ;
; Number of registers using Preset             ; 0     ;
+----------------------------------------------+-------+


+-------------------------------------------------------------------------------------+
; Parameter Settings for Inferred Entity Instance: ALU:ALU|lpm_mult:Mult0             ;
+------------------------------------------------+--------------+---------------------+
; Parameter Name                                 ; Value        ; Type                ;
+------------------------------------------------+--------------+---------------------+
; AUTO_CARRY_CHAINS                              ; ON           ; AUTO_CARRY          ;
; IGNORE_CARRY_BUFFERS                           ; OFF          ; IGNORE_CARRY        ;
; AUTO_CASCADE_CHAINS                            ; ON           ; AUTO_CASCADE        ;
; IGNORE_CASCADE_BUFFERS                         ; OFF          ; IGNORE_CASCADE      ;
; LPM_WIDTHA                                     ; 2            ; Untyped             ;
; LPM_WIDTHB                                     ; 2            ; Untyped             ;
; LPM_WIDTHP                                     ; 4            ; Untyped             ;
; LPM_WIDTHR                                     ; 4            ; Untyped             ;
; LPM_WIDTHS                                     ; 1            ; Untyped             ;
; LPM_REPRESENTATION                             ; UNSIGNED     ; Untyped             ;
; LPM_PIPELINE                                   ; 0            ; Untyped             ;
; LATENCY                                        ; 0            ; Untyped             ;
; INPUT_A_IS_CONSTANT                            ; NO           ; Untyped             ;
; INPUT_B_IS_CONSTANT                            ; NO           ; Untyped             ;
; USE_EAB                                        ; OFF          ; Untyped             ;
; MAXIMIZE_SPEED                                 ; 5            ; Untyped             ;
; DEVICE_FAMILY                                  ; Cyclone IV E ; Untyped             ;
; CARRY_CHAIN                                    ; MANUAL       ; Untyped             ;
; APEX20K_TECHNOLOGY_MAPPER                      ; LUT          ; TECH_MAPPER_APEX20K ;
; DEDICATED_MULTIPLIER_CIRCUITRY                 ; AUTO         ; Untyped             ;
; DEDICATED_MULTIPLIER_MIN_INPUT_WIDTH_FOR_AUTO  ; 0            ; Untyped             ;
; DEDICATED_MULTIPLIER_MIN_OUTPUT_WIDTH_FOR_AUTO ; 0            ; Untyped             ;
; CBXI_PARAMETER                                 ; NOTHING      ; Untyped             ;
; INPUT_A_FIXED_VALUE                            ; Bx           ; Untyped             ;
; INPUT_B_FIXED_VALUE                            ; Bx           ; Untyped             ;
; USE_AHDL_IMPLEMENTATION                        ; OFF          ; Untyped             ;
+------------------------------------------------+--------------+---------------------+
Note: In order to hide this table in the UI and the text report file, please set the "Show Parameter Settings in Synthesis Report" option in "Analysis and Synthesis Settings -> More Settings" to "Off".


+----------------------------------------------------------------+
; lpm_mult Parameter Settings by Entity Instance                 ;
+---------------------------------------+------------------------+
; Name                                  ; Value                  ;
+---------------------------------------+------------------------+
; Number of entity instances            ; 1                      ;
; Entity Instance                       ; ALU:ALU|lpm_mult:Mult0 ;
;     -- LPM_WIDTHA                     ; 2                      ;
;     -- LPM_WIDTHB                     ; 2                      ;
;     -- LPM_WIDTHP                     ; 4                      ;
;     -- LPM_REPRESENTATION             ; UNSIGNED               ;
;     -- INPUT_A_IS_CONSTANT            ; NO                     ;
;     -- INPUT_B_IS_CONSTANT            ; NO                     ;
;     -- USE_EAB                        ; OFF                    ;
;     -- DEDICATED_MULTIPLIER_CIRCUITRY ; AUTO                   ;
;     -- INPUT_A_FIXED_VALUE            ; Bx                     ;
;     -- INPUT_B_FIXED_VALUE            ; Bx                     ;
+---------------------------------------+------------------------+


+-----------------------------------------------------+
; Post-Synthesis Netlist Statistics for Top Partition ;
+-----------------------+-----------------------------+
; Type                  ; Count                       ;
+-----------------------+-----------------------------+
; boundary_port         ; 25                          ;
; cycloneiii_ff         ; 18                          ;
;     CLR               ; 4                           ;
;     plain             ; 14                          ;
; cycloneiii_lcell_comb ; 65                          ;
;     arith             ; 10                          ;
;         2 data inputs ; 9                           ;
;         3 data inputs ; 1                           ;
;     normal            ; 55                          ;
;         0 data inputs ; 2                           ;
;         1 data inputs ; 9                           ;
;         2 data inputs ; 9                           ;
;         3 data inputs ; 5                           ;
;         4 data inputs ; 30                          ;
;                       ;                             ;
; Max LUT depth         ; 4.00                        ;
; Average LUT depth     ; 2.47                        ;
+-----------------------+-----------------------------+


+-------------------------------+
; Elapsed Time Per Partition    ;
+----------------+--------------+
; Partition Name ; Elapsed Time ;
+----------------+--------------+
; Top            ; 00:00:01     ;
+----------------+--------------+


+-------------------------------+
; Analysis & Synthesis Messages ;
+-------------------------------+
Info: *******************************************************************
Info: Running Quartus Prime Analysis & Synthesis
    Info: Version 21.1.1 Build 850 06/23/2022 SJ Lite Edition
    Info: Processing started: Sat May 13 10:14:30 2023
Info: Command: quartus_map --read_settings_files=on --write_settings_files=off ALU_olimp -c ALU_olimp
Warning (18236): Number of processors has not been specified which may cause overloading on shared machines.  Set the global assignment NUM_PARALLEL_PROCESSORS in your QSF to an appropriate value for best performance.
Info (20030): Parallel compilation is enabled and will use 8 of the 8 processors detected
Info (12021): Found 1 design units, including 1 entities, in source file src/top_module.v
    Info (12023): Found entity 1: top_module File: D:/intelFPGA_lite/Project/ALU_olimp/src/top_module.v Line: 1
Info (12021): Found 1 design units, including 1 entities, in source file src/clk_div.v
    Info (12023): Found entity 1: clk_div File: D:/intelFPGA_lite/Project/ALU_olimp/src/clk_div.v Line: 1
Info (12021): Found 1 design units, including 1 entities, in source file src/seven_seg.v
    Info (12023): Found entity 1: seven_seg File: D:/intelFPGA_lite/Project/ALU_olimp/src/seven_seg.v Line: 1
Info (12021): Found 1 design units, including 1 entities, in source file src/seven_seg_disp.v
    Info (12023): Found entity 1: seven_seg_disp File: D:/intelFPGA_lite/Project/ALU_olimp/src/seven_seg_disp.v Line: 1
Info (12021): Found 1 design units, including 1 entities, in source file src/alu.v
    Info (12023): Found entity 1: ALU File: D:/intelFPGA_lite/Project/ALU_olimp/src/ALU.v Line: 1
Warning (10236): Verilog HDL Implicit Net warning at top_module.v(25): created implicit net for "S1" File: D:/intelFPGA_lite/Project/ALU_olimp/src/top_module.v Line: 25
Warning (10236): Verilog HDL Implicit Net warning at top_module.v(25): created implicit net for "S2" File: D:/intelFPGA_lite/Project/ALU_olimp/src/top_module.v Line: 25
Warning (10236): Verilog HDL Implicit Net warning at top_module.v(25): created implicit net for "S3" File: D:/intelFPGA_lite/Project/ALU_olimp/src/top_module.v Line: 25
Warning (10236): Verilog HDL Implicit Net warning at top_module.v(25): created implicit net for "S4" File: D:/intelFPGA_lite/Project/ALU_olimp/src/top_module.v Line: 25
Warning (10236): Verilog HDL Implicit Net warning at top_module.v(37): created implicit net for "clk2" File: D:/intelFPGA_lite/Project/ALU_olimp/src/top_module.v Line: 37
Info (12127): Elaborating entity "top_module" for the top level hierarchy
Warning (10036): Verilog HDL or VHDL warning at top_module.v(25): object "S1" assigned a value but never read File: D:/intelFPGA_lite/Project/ALU_olimp/src/top_module.v Line: 25
Warning (10036): Verilog HDL or VHDL warning at top_module.v(25): object "S2" assigned a value but never read File: D:/intelFPGA_lite/Project/ALU_olimp/src/top_module.v Line: 25
Warning (10036): Verilog HDL or VHDL warning at top_module.v(25): object "S3" assigned a value but never read File: D:/intelFPGA_lite/Project/ALU_olimp/src/top_module.v Line: 25
Warning (10036): Verilog HDL or VHDL warning at top_module.v(25): object "S4" assigned a value but never read File: D:/intelFPGA_lite/Project/ALU_olimp/src/top_module.v Line: 25
Warning (10230): Verilog HDL assignment warning at top_module.v(14): truncated value with size 32 to match size of target (1) File: D:/intelFPGA_lite/Project/ALU_olimp/src/top_module.v Line: 14
Warning (10230): Verilog HDL assignment warning at top_module.v(16): truncated value with size 32 to match size of target (1) File: D:/intelFPGA_lite/Project/ALU_olimp/src/top_module.v Line: 16
Warning (10230): Verilog HDL assignment warning at top_module.v(18): truncated value with size 32 to match size of target (1) File: D:/intelFPGA_lite/Project/ALU_olimp/src/top_module.v Line: 18
Warning (10230): Verilog HDL assignment warning at top_module.v(20): truncated value with size 32 to match size of target (1) File: D:/intelFPGA_lite/Project/ALU_olimp/src/top_module.v Line: 20
Info (12128): Elaborating entity "clk_div" for hierarchy "clk_div:clk_div" File: D:/intelFPGA_lite/Project/ALU_olimp/src/top_module.v Line: 37
Info (12128): Elaborating entity "seven_seg_disp" for hierarchy "seven_seg_disp:seven_seg_disp" File: D:/intelFPGA_lite/Project/ALU_olimp/src/top_module.v Line: 39
Info (12128): Elaborating entity "seven_seg" for hierarchy "seven_seg_disp:seven_seg_disp|seven_seg:seven_seg" File: D:/intelFPGA_lite/Project/ALU_olimp/src/seven_seg_disp.v Line: 22
Info (12128): Elaborating entity "ALU" for hierarchy "ALU:ALU" File: D:/intelFPGA_lite/Project/ALU_olimp/src/top_module.v Line: 41
Warning (10230): Verilog HDL assignment warning at ALU.v(30): truncated value with size 32 to match size of target (4) File: D:/intelFPGA_lite/Project/ALU_olimp/src/ALU.v Line: 30
Warning (10230): Verilog HDL assignment warning at ALU.v(31): truncated value with size 32 to match size of target (4) File: D:/intelFPGA_lite/Project/ALU_olimp/src/ALU.v Line: 31
Info (278001): Inferred 1 megafunctions from design logic
    Info (278003): Inferred multiplier megafunction ("lpm_mult") from the following logic: "ALU:ALU|Mult0" File: D:/intelFPGA_lite/Project/ALU_olimp/src/ALU.v Line: 20
Info (12130): Elaborated megafunction instantiation "ALU:ALU|lpm_mult:Mult0" File: D:/intelFPGA_lite/Project/ALU_olimp/src/ALU.v Line: 20
Info (12133): Instantiated megafunction "ALU:ALU|lpm_mult:Mult0" with the following parameter: File: D:/intelFPGA_lite/Project/ALU_olimp/src/ALU.v Line: 20
    Info (12134): Parameter "LPM_WIDTHA" = "2"
    Info (12134): Parameter "LPM_WIDTHB" = "2"
    Info (12134): Parameter "LPM_WIDTHP" = "4"
    Info (12134): Parameter "LPM_WIDTHR" = "4"
    Info (12134): Parameter "LPM_WIDTHS" = "1"
    Info (12134): Parameter "LPM_REPRESENTATION" = "UNSIGNED"
    Info (12134): Parameter "INPUT_A_IS_CONSTANT" = "NO"
    Info (12134): Parameter "INPUT_B_IS_CONSTANT" = "NO"
    Info (12134): Parameter "MAXIMIZE_SPEED" = "5"
Info (12131): Elaborated megafunction instantiation "ALU:ALU|lpm_mult:Mult0|multcore:mult_core", which is child of megafunction instantiation "ALU:ALU|lpm_mult:Mult0" File: d:/intelfpga_lite/21.1/quartus/libraries/megafunctions/lpm_mult.tdf Line: 324
Info (12131): Elaborated megafunction instantiation "ALU:ALU|lpm_mult:Mult0|altshift:external_latency_ffs", which is child of megafunction instantiation "ALU:ALU|lpm_mult:Mult0" File: d:/intelfpga_lite/21.1/quartus/libraries/megafunctions/lpm_mult.tdf Line: 352
Warning (13024): Output pins are stuck at VCC or GND
    Warning (13410): Pin "SEG1" is stuck at VCC File: D:/intelFPGA_lite/Project/ALU_olimp/src/top_module.v Line: 8
    Warning (13410): Pin "SEG2" is stuck at VCC File: D:/intelFPGA_lite/Project/ALU_olimp/src/top_module.v Line: 8
    Warning (13410): Pin "SEG6" is stuck at GND File: D:/intelFPGA_lite/Project/ALU_olimp/src/top_module.v Line: 9
Info (286030): Timing-Driven Synthesis is running
Info (144001): Generated suppressed messages file D:/intelFPGA_lite/Project/ALU_olimp/output_files/ALU_olimp.map.smsg
Info (16010): Generating hard_block partition "hard_block:auto_generated_inst"
    Info (16011): Adding 0 node(s), including 0 DDIO, 0 PLL, 0 transceiver and 0 LCELL
Info (21057): Implemented 81 device resources after synthesis - the final resource count might be different
    Info (21058): Implemented 10 input pins
    Info (21059): Implemented 15 output pins
    Info (21061): Implemented 56 logic cells
Info: Quartus Prime Analysis & Synthesis was successful. 0 errors, 20 warnings
    Info: Peak virtual memory: 4810 megabytes
    Info: Processing ended: Sat May 13 10:14:51 2023
    Info: Elapsed time: 00:00:21
    Info: Total CPU time (on all processors): 00:00:27


+------------------------------------------+
; Analysis & Synthesis Suppressed Messages ;
+------------------------------------------+
The suppressed messages can be found in D:/intelFPGA_lite/Project/ALU_olimp/output_files/ALU_olimp.map.smsg.


