Reading netlist file: "D:\repos\MPEI_repos\MPEI\MPEI_Magistracy\digital_design\KM_4_UART_rx\impl\gwsynthesis\KM_4_UART_rx.vg"
Parsing netlist file "D:\repos\MPEI_repos\MPEI\MPEI_Magistracy\digital_design\KM_4_UART_rx\impl\gwsynthesis\KM_4_UART_rx.vg" completed
Processing netlist completed
Reading constraint file: "D:\repos\MPEI_repos\MPEI\MPEI_Magistracy\digital_design\KM_4_UART_rx\src\KM_4_UART_rx.cst"
Physical Constraint parsed completed
Running placement......
[10%] Placement Phase 0 completed
[20%] Placement Phase 1 completed
[30%] Placement Phase 2 completed
[50%] Placement Phase 3 completed
Running routing......
[60%] Routing Phase 0 completed
[70%] Routing Phase 1 completed
[80%] Routing Phase 2 completed
[90%] Routing Phase 3 completed
Running timing analysis......
[95%] Timing analysis completed
Placement and routing completed
Bitstream generation in progress......
Bitstream generation completed
Running power analysis......
[100%] Power analysis completed
Generate file "D:\repos\MPEI_repos\MPEI\MPEI_Magistracy\digital_design\KM_4_UART_rx\impl\pnr\KM_4_UART_rx.power.html" completed
Generate file "D:\repos\MPEI_repos\MPEI\MPEI_Magistracy\digital_design\KM_4_UART_rx\impl\pnr\KM_4_UART_rx.pin.html" completed
Generate file "D:\repos\MPEI_repos\MPEI\MPEI_Magistracy\digital_design\KM_4_UART_rx\impl\pnr\KM_4_UART_rx.rpt.html" completed
Generate file "D:\repos\MPEI_repos\MPEI\MPEI_Magistracy\digital_design\KM_4_UART_rx\impl\pnr\KM_4_UART_rx.rpt.txt" completed
Generate file "D:\repos\MPEI_repos\MPEI\MPEI_Magistracy\digital_design\KM_4_UART_rx\impl\pnr\KM_4_UART_rx.tr.html" completed
Thu Dec 21 22:50:45 2023

