#! /c/Source/iverilog-install/bin/vvp
:ivl_version "12.0 (devel)" "(s20150603-1539-g2693dd32b)";
:ivl_delay_selection "TYPICAL";
:vpi_time_precision - 9;
:vpi_module "C:\iverilog\lib\ivl\system.vpi";
:vpi_module "C:\iverilog\lib\ivl\vhdl_sys.vpi";
:vpi_module "C:\iverilog\lib\ivl\vhdl_textio.vpi";
:vpi_module "C:\iverilog\lib\ivl\v2005_math.vpi";
:vpi_module "C:\iverilog\lib\ivl\va_math.vpi";
S_0000025e9276db10 .scope module, "tb_universal_shift_register" "tb_universal_shift_register" 2 3;
 .timescale -9 -9;
P_0000025e92765df0 .param/l "WIDTH" 0 2 3, +C4<00000000000000000000000000001111>;
v0000025e92742ae0_0 .var "Data", 15 0;
v0000025e927741c0_0 .var "M", 15 0;
v0000025e92774260_0 .net "Q", 15 0, L_0000025e927898b0;  1 drivers
v0000025e927e0510_0 .var "clk", 0 0;
v0000025e927df930_0 .var "enable", 0 0;
v0000025e927dfa70_0 .var "res", 0 0;
v0000025e927df9d0_0 .var "set", 2 0;
S_0000025e92784ac0 .scope module, "DUT" "Universal_Shift_Register" 2 12, 3 1 0, S_0000025e9276db10;
 .timescale 0 0;
    .port_info 0 /INPUT 1 "clk";
    .port_info 1 /INPUT 1 "res";
    .port_info 2 /INPUT 16 "D";
    .port_info 3 /OUTPUT 16 "out_state";
    .port_info 4 /INPUT 3 "set";
    .port_info 5 /INPUT 16 "M";
    .port_info 6 /INPUT 1 "enable";
P_0000025e92784c50 .param/l "WIDTH" 0 3 1, +C4<00000000000000000000000000001111>;
P_0000025e92784c88 .param/l "logic_shft_left" 1 3 4, +C4<00000000000000000000000000000010>;
P_0000025e92784cc0 .param/l "logic_shft_right" 1 3 4, +C4<00000000000000000000000000000011>;
P_0000025e92784cf8 .param/l "parall_out" 1 3 4, +C4<00000000000000000000000000000001>;
P_0000025e92784d30 .param/l "ring_shft_left" 1 3 4, +C4<00000000000000000000000000000100>;
P_0000025e92784d68 .param/l "ring_shft_right" 1 3 4, +C4<00000000000000000000000000000101>;
P_0000025e92784da0 .param/l "serial_out" 1 3 4, +C4<00000000000000000000000000000110>;
L_0000025e927898b0 .functor BUFZ 16, v0000025e9276f550_0, C4<0000000000000000>, C4<0000000000000000>, C4<0000000000000000>;
v0000025e9272b950_0 .net "D", 15 0, v0000025e92742ae0_0;  1 drivers
v0000025e92742cd0_0 .net "M", 15 0, v0000025e927741c0_0;  1 drivers
v0000025e9276f550_0 .var "Q", 15 0;
v0000025e92784de0_0 .net "clk", 0 0, v0000025e927e0510_0;  1 drivers
v0000025e92784e80_0 .net "enable", 0 0, v0000025e927df930_0;  1 drivers
v0000025e92742720_0 .var "next_state", 2 0;
v0000025e927427c0_0 .net "out_state", 15 0, L_0000025e927898b0;  alias, 1 drivers
v0000025e92742860_0 .var "qQ", 15 0;
v0000025e92742900_0 .net "res", 0 0, v0000025e927dfa70_0;  1 drivers
v0000025e927429a0_0 .net "set", 2 0, v0000025e927df9d0_0;  1 drivers
v0000025e92742a40_0 .var "state", 2 0;
E_0000025e92774870/0 .event negedge, v0000025e92742900_0;
E_0000025e92774870/1 .event posedge, v0000025e92784de0_0;
E_0000025e92774870 .event/or E_0000025e92774870/0, E_0000025e92774870/1;
E_0000025e92774fb0/0 .event anyedge, v0000025e92742a40_0, v0000025e927429a0_0, v0000025e9272b950_0, v0000025e92742cd0_0;
E_0000025e92774fb0/1 .event anyedge, v0000025e92742860_0;
E_0000025e92774fb0 .event/or E_0000025e92774fb0/0, E_0000025e92774fb0/1;
    .scope S_0000025e92784ac0;
T_0 ;
    %wait E_0000025e92774870;
    %load/vec4 v0000025e92742900_0;
    %nor/r;
    %flag_set/vec4 8;
    %jmp/0xz  T_0.0, 8;
    %pushi/vec4 1, 0, 3;
    %assign/vec4 v0000025e92742a40_0, 0;
    %jmp T_0.1;
T_0.0 ;
    %load/vec4 v0000025e92742720_0;
    %assign/vec4 v0000025e92742a40_0, 0;
T_0.1 ;
    %jmp T_0;
    .thread T_0;
    .scope S_0000025e92784ac0;
T_1 ;
    %wait E_0000025e92774fb0;
    %load/vec4 v0000025e92742a40_0;
    %dup/vec4;
    %pushi/vec4 1, 0, 3;
    %cmp/u;
    %jmp/1 T_1.0, 6;
    %dup/vec4;
    %pushi/vec4 2, 0, 3;
    %cmp/u;
    %jmp/1 T_1.1, 6;
    %dup/vec4;
    %pushi/vec4 3, 0, 3;
    %cmp/u;
    %jmp/1 T_1.2, 6;
    %dup/vec4;
    %pushi/vec4 4, 0, 3;
    %cmp/u;
    %jmp/1 T_1.3, 6;
    %dup/vec4;
    %pushi/vec4 5, 0, 3;
    %cmp/u;
    %jmp/1 T_1.4, 6;
    %dup/vec4;
    %pushi/vec4 6, 0, 3;
    %cmp/u;
    %jmp/1 T_1.5, 6;
    %pushi/vec4 1, 0, 3;
    %store/vec4 v0000025e92742720_0, 0, 3;
    %jmp T_1.7;
T_1.0 ;
    %load/vec4 v0000025e927429a0_0;
    %pad/u 32;
    %cmpi/e 1, 0, 32;
    %jmp/0xz  T_1.8, 4;
    %load/vec4 v0000025e9272b950_0;
    %store/vec4 v0000025e9276f550_0, 0, 16;
    %pushi/vec4 1, 0, 3;
    %store/vec4 v0000025e92742720_0, 0, 3;
    %jmp T_1.9;
T_1.8 ;
    %load/vec4 v0000025e927429a0_0;
    %dup/vec4;
    %pushi/vec4 2, 0, 3;
    %cmp/u;
    %jmp/1 T_1.10, 6;
    %dup/vec4;
    %pushi/vec4 3, 0, 3;
    %cmp/u;
    %jmp/1 T_1.11, 6;
    %dup/vec4;
    %pushi/vec4 4, 0, 3;
    %cmp/u;
    %jmp/1 T_1.12, 6;
    %dup/vec4;
    %pushi/vec4 5, 0, 3;
    %cmp/u;
    %jmp/1 T_1.13, 6;
    %dup/vec4;
    %pushi/vec4 6, 0, 3;
    %cmp/u;
    %jmp/1 T_1.14, 6;
    %pushi/vec4 1, 0, 3;
    %store/vec4 v0000025e92742720_0, 0, 3;
    %jmp T_1.16;
T_1.10 ;
    %pushi/vec4 2, 0, 3;
    %store/vec4 v0000025e92742720_0, 0, 3;
    %jmp T_1.16;
T_1.11 ;
    %pushi/vec4 3, 0, 3;
    %store/vec4 v0000025e92742720_0, 0, 3;
    %jmp T_1.16;
T_1.12 ;
    %pushi/vec4 4, 0, 3;
    %store/vec4 v0000025e92742720_0, 0, 3;
    %jmp T_1.16;
T_1.13 ;
    %pushi/vec4 5, 0, 3;
    %store/vec4 v0000025e92742720_0, 0, 3;
    %jmp T_1.16;
T_1.14 ;
    %pushi/vec4 6, 0, 3;
    %store/vec4 v0000025e92742720_0, 0, 3;
    %jmp T_1.16;
T_1.16 ;
    %pop/vec4 1;
T_1.9 ;
    %jmp T_1.7;
T_1.1 ;
    %load/vec4 v0000025e927429a0_0;
    %pad/u 32;
    %cmpi/e 2, 0, 32;
    %jmp/0xz  T_1.17, 4;
    %load/vec4 v0000025e9272b950_0;
    %ix/getv 4, v0000025e92742cd0_0;
    %shiftl 4;
    %store/vec4 v0000025e9276f550_0, 0, 16;
    %pushi/vec4 2, 0, 3;
    %store/vec4 v0000025e92742720_0, 0, 3;
    %jmp T_1.18;
T_1.17 ;
    %load/vec4 v0000025e927429a0_0;
    %dup/vec4;
    %pushi/vec4 1, 0, 3;
    %cmp/u;
    %jmp/1 T_1.19, 6;
    %dup/vec4;
    %pushi/vec4 3, 0, 3;
    %cmp/u;
    %jmp/1 T_1.20, 6;
    %dup/vec4;
    %pushi/vec4 4, 0, 3;
    %cmp/u;
    %jmp/1 T_1.21, 6;
    %dup/vec4;
    %pushi/vec4 5, 0, 3;
    %cmp/u;
    %jmp/1 T_1.22, 6;
    %dup/vec4;
    %pushi/vec4 6, 0, 3;
    %cmp/u;
    %jmp/1 T_1.23, 6;
    %pushi/vec4 1, 0, 3;
    %store/vec4 v0000025e92742720_0, 0, 3;
    %jmp T_1.25;
T_1.19 ;
    %pushi/vec4 1, 0, 3;
    %store/vec4 v0000025e92742720_0, 0, 3;
    %jmp T_1.25;
T_1.20 ;
    %pushi/vec4 3, 0, 3;
    %store/vec4 v0000025e92742720_0, 0, 3;
    %jmp T_1.25;
T_1.21 ;
    %pushi/vec4 4, 0, 3;
    %store/vec4 v0000025e92742720_0, 0, 3;
    %jmp T_1.25;
T_1.22 ;
    %pushi/vec4 5, 0, 3;
    %store/vec4 v0000025e92742720_0, 0, 3;
    %jmp T_1.25;
T_1.23 ;
    %pushi/vec4 6, 0, 3;
    %store/vec4 v0000025e92742720_0, 0, 3;
    %jmp T_1.25;
T_1.25 ;
    %pop/vec4 1;
T_1.18 ;
    %jmp T_1.7;
T_1.2 ;
    %load/vec4 v0000025e927429a0_0;
    %pad/u 32;
    %cmpi/e 3, 0, 32;
    %jmp/0xz  T_1.26, 4;
    %load/vec4 v0000025e9272b950_0;
    %ix/getv 4, v0000025e92742cd0_0;
    %shiftr 4;
    %store/vec4 v0000025e9276f550_0, 0, 16;
    %pushi/vec4 5, 0, 3;
    %store/vec4 v0000025e92742720_0, 0, 3;
    %jmp T_1.27;
T_1.26 ;
    %load/vec4 v0000025e927429a0_0;
    %dup/vec4;
    %pushi/vec4 1, 0, 3;
    %cmp/u;
    %jmp/1 T_1.28, 6;
    %dup/vec4;
    %pushi/vec4 2, 0, 3;
    %cmp/u;
    %jmp/1 T_1.29, 6;
    %dup/vec4;
    %pushi/vec4 4, 0, 3;
    %cmp/u;
    %jmp/1 T_1.30, 6;
    %dup/vec4;
    %pushi/vec4 5, 0, 3;
    %cmp/u;
    %jmp/1 T_1.31, 6;
    %dup/vec4;
    %pushi/vec4 6, 0, 3;
    %cmp/u;
    %jmp/1 T_1.32, 6;
    %pushi/vec4 1, 0, 3;
    %store/vec4 v0000025e92742720_0, 0, 3;
    %jmp T_1.34;
T_1.28 ;
    %pushi/vec4 1, 0, 3;
    %store/vec4 v0000025e92742720_0, 0, 3;
    %jmp T_1.34;
T_1.29 ;
    %pushi/vec4 2, 0, 3;
    %store/vec4 v0000025e92742720_0, 0, 3;
    %jmp T_1.34;
T_1.30 ;
    %pushi/vec4 4, 0, 3;
    %store/vec4 v0000025e92742720_0, 0, 3;
    %jmp T_1.34;
T_1.31 ;
    %pushi/vec4 5, 0, 3;
    %store/vec4 v0000025e92742720_0, 0, 3;
    %jmp T_1.34;
T_1.32 ;
    %pushi/vec4 6, 0, 3;
    %store/vec4 v0000025e92742720_0, 0, 3;
    %jmp T_1.34;
T_1.34 ;
    %pop/vec4 1;
T_1.27 ;
    %jmp T_1.7;
T_1.3 ;
    %load/vec4 v0000025e927429a0_0;
    %pad/u 32;
    %cmpi/e 4, 0, 32;
    %jmp/0xz  T_1.35, 4;
    %load/vec4 v0000025e9272b950_0;
    %parti/s 14, 0, 2;
    %load/vec4 v0000025e9272b950_0;
    %parti/s 1, 14, 5;
    %concat/vec4; draw_concat_vec4
    %pad/u 16;
    %store/vec4 v0000025e9276f550_0, 0, 16;
    %pushi/vec4 4, 0, 3;
    %store/vec4 v0000025e92742720_0, 0, 3;
    %jmp T_1.36;
T_1.35 ;
    %load/vec4 v0000025e927429a0_0;
    %dup/vec4;
    %pushi/vec4 1, 0, 3;
    %cmp/u;
    %jmp/1 T_1.37, 6;
    %dup/vec4;
    %pushi/vec4 2, 0, 3;
    %cmp/u;
    %jmp/1 T_1.38, 6;
    %dup/vec4;
    %pushi/vec4 3, 0, 3;
    %cmp/u;
    %jmp/1 T_1.39, 6;
    %dup/vec4;
    %pushi/vec4 5, 0, 3;
    %cmp/u;
    %jmp/1 T_1.40, 6;
    %dup/vec4;
    %pushi/vec4 6, 0, 3;
    %cmp/u;
    %jmp/1 T_1.41, 6;
    %pushi/vec4 1, 0, 3;
    %store/vec4 v0000025e92742720_0, 0, 3;
    %jmp T_1.43;
T_1.37 ;
    %pushi/vec4 1, 0, 3;
    %store/vec4 v0000025e92742720_0, 0, 3;
    %jmp T_1.43;
T_1.38 ;
    %pushi/vec4 2, 0, 3;
    %store/vec4 v0000025e92742720_0, 0, 3;
    %jmp T_1.43;
T_1.39 ;
    %pushi/vec4 3, 0, 3;
    %store/vec4 v0000025e92742720_0, 0, 3;
    %jmp T_1.43;
T_1.40 ;
    %pushi/vec4 5, 0, 3;
    %store/vec4 v0000025e92742720_0, 0, 3;
    %jmp T_1.43;
T_1.41 ;
    %pushi/vec4 6, 0, 3;
    %store/vec4 v0000025e92742720_0, 0, 3;
    %jmp T_1.43;
T_1.43 ;
    %pop/vec4 1;
T_1.36 ;
    %jmp T_1.7;
T_1.4 ;
    %load/vec4 v0000025e927429a0_0;
    %pad/u 32;
    %cmpi/e 5, 0, 32;
    %jmp/0xz  T_1.44, 4;
    %load/vec4 v0000025e9272b950_0;
    %parti/s 1, 0, 2;
    %load/vec4 v0000025e9272b950_0;
    %parti/s 14, 1, 2;
    %concat/vec4; draw_concat_vec4
    %pad/u 16;
    %store/vec4 v0000025e9276f550_0, 0, 16;
    %pushi/vec4 5, 0, 3;
    %store/vec4 v0000025e92742720_0, 0, 3;
    %jmp T_1.45;
T_1.44 ;
    %load/vec4 v0000025e927429a0_0;
    %dup/vec4;
    %pushi/vec4 1, 0, 3;
    %cmp/u;
    %jmp/1 T_1.46, 6;
    %dup/vec4;
    %pushi/vec4 2, 0, 3;
    %cmp/u;
    %jmp/1 T_1.47, 6;
    %dup/vec4;
    %pushi/vec4 3, 0, 3;
    %cmp/u;
    %jmp/1 T_1.48, 6;
    %dup/vec4;
    %pushi/vec4 4, 0, 3;
    %cmp/u;
    %jmp/1 T_1.49, 6;
    %dup/vec4;
    %pushi/vec4 6, 0, 3;
    %cmp/u;
    %jmp/1 T_1.50, 6;
    %pushi/vec4 1, 0, 3;
    %store/vec4 v0000025e92742720_0, 0, 3;
    %jmp T_1.52;
T_1.46 ;
    %pushi/vec4 1, 0, 3;
    %store/vec4 v0000025e92742720_0, 0, 3;
    %jmp T_1.52;
T_1.47 ;
    %pushi/vec4 2, 0, 3;
    %store/vec4 v0000025e92742720_0, 0, 3;
    %jmp T_1.52;
T_1.48 ;
    %pushi/vec4 3, 0, 3;
    %store/vec4 v0000025e92742720_0, 0, 3;
    %jmp T_1.52;
T_1.49 ;
    %pushi/vec4 4, 0, 3;
    %store/vec4 v0000025e92742720_0, 0, 3;
    %jmp T_1.52;
T_1.50 ;
    %pushi/vec4 6, 0, 3;
    %store/vec4 v0000025e92742720_0, 0, 3;
    %jmp T_1.52;
T_1.52 ;
    %pop/vec4 1;
T_1.45 ;
    %jmp T_1.7;
T_1.5 ;
    %load/vec4 v0000025e927429a0_0;
    %pad/u 32;
    %cmpi/e 6, 0, 32;
    %jmp/0xz  T_1.53, 4;
    %pushi/vec4 6, 0, 3;
    %store/vec4 v0000025e92742720_0, 0, 3;
    %load/vec4 v0000025e92742860_0;
    %parti/s 1, 0, 2;
    %pad/u 16;
    %store/vec4 v0000025e9276f550_0, 0, 16;
    %jmp T_1.54;
T_1.53 ;
    %load/vec4 v0000025e927429a0_0;
    %dup/vec4;
    %pushi/vec4 1, 0, 3;
    %cmp/u;
    %jmp/1 T_1.55, 6;
    %dup/vec4;
    %pushi/vec4 2, 0, 3;
    %cmp/u;
    %jmp/1 T_1.56, 6;
    %dup/vec4;
    %pushi/vec4 3, 0, 3;
    %cmp/u;
    %jmp/1 T_1.57, 6;
    %dup/vec4;
    %pushi/vec4 4, 0, 3;
    %cmp/u;
    %jmp/1 T_1.58, 6;
    %dup/vec4;
    %pushi/vec4 5, 0, 3;
    %cmp/u;
    %jmp/1 T_1.59, 6;
    %pushi/vec4 1, 0, 3;
    %store/vec4 v0000025e92742720_0, 0, 3;
    %jmp T_1.61;
T_1.55 ;
    %pushi/vec4 1, 0, 3;
    %store/vec4 v0000025e92742720_0, 0, 3;
    %jmp T_1.61;
T_1.56 ;
    %pushi/vec4 2, 0, 3;
    %store/vec4 v0000025e92742720_0, 0, 3;
    %jmp T_1.61;
T_1.57 ;
    %pushi/vec4 3, 0, 3;
    %store/vec4 v0000025e92742720_0, 0, 3;
    %jmp T_1.61;
T_1.58 ;
    %pushi/vec4 4, 0, 3;
    %store/vec4 v0000025e92742720_0, 0, 3;
    %jmp T_1.61;
T_1.59 ;
    %pushi/vec4 5, 0, 3;
    %store/vec4 v0000025e92742720_0, 0, 3;
    %jmp T_1.61;
T_1.61 ;
    %pop/vec4 1;
T_1.54 ;
    %jmp T_1.7;
T_1.7 ;
    %pop/vec4 1;
    %jmp T_1;
    .thread T_1, $push;
    .scope S_0000025e92784ac0;
T_2 ;
    %wait E_0000025e92774870;
    %load/vec4 v0000025e92742900_0;
    %nor/r;
    %flag_set/vec4 8;
    %jmp/0xz  T_2.0, 8;
    %pushi/vec4 0, 0, 16;
    %assign/vec4 v0000025e92742860_0, 0;
    %jmp T_2.1;
T_2.0 ;
    %load/vec4 v0000025e927429a0_0;
    %pad/u 32;
    %cmpi/e 6, 0, 32;
    %flag_get/vec4 4;
    %jmp/0 T_2.4, 4;
    %load/vec4 v0000025e92784e80_0;
    %pad/u 32;
    %pushi/vec4 1, 0, 32;
    %cmp/e;
    %flag_get/vec4 4;
    %and;
T_2.4;
    %flag_set/vec4 8;
    %jmp/0xz  T_2.2, 8;
    %load/vec4 v0000025e9272b950_0;
    %assign/vec4 v0000025e92742860_0, 0;
    %jmp T_2.3;
T_2.2 ;
    %load/vec4 v0000025e927429a0_0;
    %pad/u 32;
    %cmpi/e 6, 0, 32;
    %flag_get/vec4 4;
    %jmp/0 T_2.7, 4;
    %load/vec4 v0000025e92784e80_0;
    %pad/u 32;
    %pushi/vec4 0, 0, 32;
    %cmp/e;
    %flag_get/vec4 4;
    %and;
T_2.7;
    %flag_set/vec4 8;
    %jmp/0xz  T_2.5, 8;
    %load/vec4 v0000025e92742860_0;
    %parti/s 1, 0, 2;
    %load/vec4 v0000025e92742860_0;
    %parti/s 15, 1, 2;
    %concat/vec4; draw_concat_vec4
    %assign/vec4 v0000025e92742860_0, 0;
T_2.5 ;
T_2.3 ;
T_2.1 ;
    %jmp T_2;
    .thread T_2;
    .scope S_0000025e9276db10;
T_3 ;
    %pushi/vec4 0, 0, 1;
    %store/vec4 v0000025e927e0510_0, 0, 1;
T_3.0 ;
    %delay 5, 0;
    %load/vec4 v0000025e927e0510_0;
    %inv;
    %store/vec4 v0000025e927e0510_0, 0, 1;
    %jmp T_3.0;
    %end;
    .thread T_3;
    .scope S_0000025e9276db10;
T_4 ;
    %pushi/vec4 1, 0, 1;
    %store/vec4 v0000025e927dfa70_0, 0, 1;
    %pushi/vec4 2, 0, 32;
T_4.0 %dup/vec4;
    %pushi/vec4 0, 0, 32;
    %cmp/s;
    %jmp/1xz T_4.1, 5;
    %jmp/1 T_4.1, 4;
    %pushi/vec4 1, 0, 32;
    %sub;
    %delay 1, 0;
    %load/vec4 v0000025e927dfa70_0;
    %inv;
    %store/vec4 v0000025e927dfa70_0, 0, 1;
    %jmp T_4.0;
T_4.1 ;
    %pop/vec4 1;
    %end;
    .thread T_4;
    .scope S_0000025e9276db10;
T_5 ;
    %pushi/vec4 2, 0, 16;
    %store/vec4 v0000025e927741c0_0, 0, 16;
    %pushi/vec4 2654, 0, 16;
    %store/vec4 v0000025e92742ae0_0, 0, 16;
    %end;
    .thread T_5;
    .scope S_0000025e9276db10;
T_6 ;
    %pushi/vec4 1, 0, 3;
    %store/vec4 v0000025e927df9d0_0, 0, 3;
    %delay 20, 0;
    %pushi/vec4 2, 0, 3;
    %store/vec4 v0000025e927df9d0_0, 0, 3;
    %delay 20, 0;
    %pushi/vec4 3, 0, 3;
    %store/vec4 v0000025e927df9d0_0, 0, 3;
    %delay 20, 0;
    %pushi/vec4 4, 0, 3;
    %store/vec4 v0000025e927df9d0_0, 0, 3;
    %delay 20, 0;
    %pushi/vec4 5, 0, 3;
    %store/vec4 v0000025e927df9d0_0, 0, 3;
    %delay 20, 0;
    %pushi/vec4 6, 0, 3;
    %store/vec4 v0000025e927df9d0_0, 0, 3;
    %delay 50, 0;
    %pushi/vec4 3, 0, 3;
    %store/vec4 v0000025e927df9d0_0, 0, 3;
    %delay 20, 0;
    %pushi/vec4 4, 0, 3;
    %store/vec4 v0000025e927df9d0_0, 0, 3;
    %end;
    .thread T_6;
    .scope S_0000025e9276db10;
T_7 ;
    %pushi/vec4 0, 0, 1;
    %store/vec4 v0000025e927df930_0, 0, 1;
    %delay 100, 0;
    %pushi/vec4 1, 0, 1;
    %store/vec4 v0000025e927df930_0, 0, 1;
    %delay 10, 0;
    %pushi/vec4 0, 0, 1;
    %store/vec4 v0000025e927df930_0, 0, 1;
    %end;
    .thread T_7;
    .scope S_0000025e9276db10;
T_8 ;
    %delay 200, 0;
    %vpi_call 2 51 "$display", "Testbench is OK!" {0 0 0};
    %vpi_call 2 52 "$finish" {0 0 0};
    %end;
    .thread T_8;
    .scope S_0000025e9276db10;
T_9 ;
    %vpi_call 2 57 "$dumpfile", "qqq.vcd" {0 0 0};
    %vpi_call 2 58 "$dumpvars" {0 0 0};
    %end;
    .thread T_9;
# The file index is used to find the file name in the following table.
:file_names 4;
    "N/A";
    "<interactive>";
    "tb_universal_shift_register.v";
    "./Universal_Shift_Register.v";
