#! /c/Source/iverilog-install/bin/vvp
:ivl_version "12.0 (devel)" "(s20150603-1539-g2693dd32b)";
:ivl_delay_selection "TYPICAL";
:vpi_time_precision + 0;
:vpi_module "C:\iverilog\lib\ivl\system.vpi";
:vpi_module "C:\iverilog\lib\ivl\vhdl_sys.vpi";
:vpi_module "C:\iverilog\lib\ivl\vhdl_textio.vpi";
:vpi_module "C:\iverilog\lib\ivl\v2005_math.vpi";
:vpi_module "C:\iverilog\lib\ivl\va_math.vpi";
S_000001aaf1db26e0 .scope module, "Universal_Shift_Register" "Universal_Shift_Register" 2 1;
 .timescale 0 0;
    .port_info 0 /INPUT 1 "clk";
    .port_info 1 /INPUT 1 "res";
    .port_info 2 /INPUT 16 "D";
    .port_info 3 /OUTPUT 16 "out_state";
    .port_info 4 /INPUT 3 "set";
    .port_info 5 /INPUT 16 "M";
    .port_info 6 /INPUT 1 "enable";
P_000001aaf1db2870 .param/l "WIDTH" 0 2 1, +C4<00000000000000000000000000001111>;
P_000001aaf1db28a8 .param/l "logic_shft_left" 1 2 4, +C4<00000000000000000000000000000010>;
P_000001aaf1db28e0 .param/l "logic_shft_right" 1 2 4, +C4<00000000000000000000000000000011>;
P_000001aaf1db2918 .param/l "parall_out" 1 2 4, +C4<00000000000000000000000000000001>;
P_000001aaf1db2950 .param/l "ring_shft_left" 1 2 4, +C4<00000000000000000000000000000100>;
P_000001aaf1db2988 .param/l "ring_shft_right" 1 2 4, +C4<00000000000000000000000000000101>;
P_000001aaf1db29c0 .param/l "serial_out" 1 2 4, +C4<00000000000000000000000000000110>;
L_000001aaf1df2ac0 .functor BUFZ 16, v000001aaf1db2a00_0, C4<0000000000000000>, C4<0000000000000000>, C4<0000000000000000>;
o000001aaf1df5fd8 .functor BUFZ 16, C4<zzzzzzzzzzzzzzzz>; HiZ drive
v000001aaf1c2a810_0 .net "D", 15 0, o000001aaf1df5fd8;  0 drivers
o000001aaf1df6008 .functor BUFZ 16, C4<zzzzzzzzzzzzzzzz>; HiZ drive
v000001aaf1c2a8b0_0 .net "M", 15 0, o000001aaf1df6008;  0 drivers
v000001aaf1db2a00_0 .var "Q", 15 0;
o000001aaf1df6068 .functor BUFZ 1, C4<z>; HiZ drive
v000001aaf1db2aa0_0 .net "clk", 0 0, o000001aaf1df6068;  0 drivers
o000001aaf1df6098 .functor BUFZ 1, C4<z>; HiZ drive
v000001aaf1e3ec50_0 .net "enable", 0 0, o000001aaf1df6098;  0 drivers
v000001aaf1e3ecf0_0 .var "next_state", 2 0;
v000001aaf1e3ed90_0 .net "out_state", 15 0, L_000001aaf1df2ac0;  1 drivers
v000001aaf1e3ee30_0 .var "qQ", 15 0;
o000001aaf1df6158 .functor BUFZ 1, C4<z>; HiZ drive
v000001aaf1e3eed0_0 .net "res", 0 0, o000001aaf1df6158;  0 drivers
o000001aaf1df6188 .functor BUFZ 3, C4<zzz>; HiZ drive
v000001aaf1de3630_0 .net "set", 2 0, o000001aaf1df6188;  0 drivers
v000001aaf1de36d0_0 .var "state", 2 0;
E_000001aaf1dd9370/0 .event negedge, v000001aaf1e3eed0_0;
E_000001aaf1dd9370/1 .event posedge, v000001aaf1db2aa0_0;
E_000001aaf1dd9370 .event/or E_000001aaf1dd9370/0, E_000001aaf1dd9370/1;
E_000001aaf1dd8d70/0 .event anyedge, v000001aaf1de36d0_0, v000001aaf1de3630_0, v000001aaf1c2a810_0, v000001aaf1c2a8b0_0;
E_000001aaf1dd8d70/1 .event anyedge, v000001aaf1e3ee30_0;
E_000001aaf1dd8d70 .event/or E_000001aaf1dd8d70/0, E_000001aaf1dd8d70/1;
    .scope S_000001aaf1db26e0;
T_0 ;
    %wait E_000001aaf1dd9370;
    %load/vec4 v000001aaf1e3eed0_0;
    %nor/r;
    %flag_set/vec4 8;
    %jmp/0xz  T_0.0, 8;
    %pushi/vec4 1, 0, 3;
    %assign/vec4 v000001aaf1de36d0_0, 0;
    %jmp T_0.1;
T_0.0 ;
    %load/vec4 v000001aaf1e3ecf0_0;
    %assign/vec4 v000001aaf1de36d0_0, 0;
T_0.1 ;
    %jmp T_0;
    .thread T_0;
    .scope S_000001aaf1db26e0;
T_1 ;
    %wait E_000001aaf1dd8d70;
    %load/vec4 v000001aaf1de36d0_0;
    %dup/vec4;
    %pushi/vec4 1, 0, 3;
    %cmp/u;
    %jmp/1 T_1.0, 6;
    %dup/vec4;
    %pushi/vec4 2, 0, 3;
    %cmp/u;
    %jmp/1 T_1.1, 6;
    %dup/vec4;
    %pushi/vec4 3, 0, 3;
    %cmp/u;
    %jmp/1 T_1.2, 6;
    %dup/vec4;
    %pushi/vec4 4, 0, 3;
    %cmp/u;
    %jmp/1 T_1.3, 6;
    %dup/vec4;
    %pushi/vec4 5, 0, 3;
    %cmp/u;
    %jmp/1 T_1.4, 6;
    %dup/vec4;
    %pushi/vec4 6, 0, 3;
    %cmp/u;
    %jmp/1 T_1.5, 6;
    %pushi/vec4 1, 0, 3;
    %store/vec4 v000001aaf1e3ecf0_0, 0, 3;
    %jmp T_1.7;
T_1.0 ;
    %load/vec4 v000001aaf1de3630_0;
    %pad/u 32;
    %cmpi/e 1, 0, 32;
    %jmp/0xz  T_1.8, 4;
    %load/vec4 v000001aaf1c2a810_0;
    %store/vec4 v000001aaf1db2a00_0, 0, 16;
    %pushi/vec4 1, 0, 3;
    %store/vec4 v000001aaf1e3ecf0_0, 0, 3;
    %jmp T_1.9;
T_1.8 ;
    %load/vec4 v000001aaf1de3630_0;
    %dup/vec4;
    %pushi/vec4 2, 0, 3;
    %cmp/u;
    %jmp/1 T_1.10, 6;
    %dup/vec4;
    %pushi/vec4 3, 0, 3;
    %cmp/u;
    %jmp/1 T_1.11, 6;
    %dup/vec4;
    %pushi/vec4 4, 0, 3;
    %cmp/u;
    %jmp/1 T_1.12, 6;
    %dup/vec4;
    %pushi/vec4 5, 0, 3;
    %cmp/u;
    %jmp/1 T_1.13, 6;
    %dup/vec4;
    %pushi/vec4 6, 0, 3;
    %cmp/u;
    %jmp/1 T_1.14, 6;
    %pushi/vec4 1, 0, 3;
    %store/vec4 v000001aaf1e3ecf0_0, 0, 3;
    %jmp T_1.16;
T_1.10 ;
    %pushi/vec4 2, 0, 3;
    %store/vec4 v000001aaf1e3ecf0_0, 0, 3;
    %jmp T_1.16;
T_1.11 ;
    %pushi/vec4 3, 0, 3;
    %store/vec4 v000001aaf1e3ecf0_0, 0, 3;
    %jmp T_1.16;
T_1.12 ;
    %pushi/vec4 4, 0, 3;
    %store/vec4 v000001aaf1e3ecf0_0, 0, 3;
    %jmp T_1.16;
T_1.13 ;
    %pushi/vec4 5, 0, 3;
    %store/vec4 v000001aaf1e3ecf0_0, 0, 3;
    %jmp T_1.16;
T_1.14 ;
    %pushi/vec4 6, 0, 3;
    %store/vec4 v000001aaf1e3ecf0_0, 0, 3;
    %jmp T_1.16;
T_1.16 ;
    %pop/vec4 1;
T_1.9 ;
    %jmp T_1.7;
T_1.1 ;
    %load/vec4 v000001aaf1de3630_0;
    %pad/u 32;
    %cmpi/e 2, 0, 32;
    %jmp/0xz  T_1.17, 4;
    %load/vec4 v000001aaf1c2a810_0;
    %ix/getv 4, v000001aaf1c2a8b0_0;
    %shiftl 4;
    %store/vec4 v000001aaf1db2a00_0, 0, 16;
    %pushi/vec4 2, 0, 3;
    %store/vec4 v000001aaf1e3ecf0_0, 0, 3;
    %jmp T_1.18;
T_1.17 ;
    %load/vec4 v000001aaf1de3630_0;
    %dup/vec4;
    %pushi/vec4 1, 0, 3;
    %cmp/u;
    %jmp/1 T_1.19, 6;
    %dup/vec4;
    %pushi/vec4 3, 0, 3;
    %cmp/u;
    %jmp/1 T_1.20, 6;
    %dup/vec4;
    %pushi/vec4 4, 0, 3;
    %cmp/u;
    %jmp/1 T_1.21, 6;
    %dup/vec4;
    %pushi/vec4 5, 0, 3;
    %cmp/u;
    %jmp/1 T_1.22, 6;
    %dup/vec4;
    %pushi/vec4 6, 0, 3;
    %cmp/u;
    %jmp/1 T_1.23, 6;
    %pushi/vec4 1, 0, 3;
    %store/vec4 v000001aaf1e3ecf0_0, 0, 3;
    %jmp T_1.25;
T_1.19 ;
    %pushi/vec4 1, 0, 3;
    %store/vec4 v000001aaf1e3ecf0_0, 0, 3;
    %jmp T_1.25;
T_1.20 ;
    %pushi/vec4 3, 0, 3;
    %store/vec4 v000001aaf1e3ecf0_0, 0, 3;
    %jmp T_1.25;
T_1.21 ;
    %pushi/vec4 4, 0, 3;
    %store/vec4 v000001aaf1e3ecf0_0, 0, 3;
    %jmp T_1.25;
T_1.22 ;
    %pushi/vec4 5, 0, 3;
    %store/vec4 v000001aaf1e3ecf0_0, 0, 3;
    %jmp T_1.25;
T_1.23 ;
    %pushi/vec4 6, 0, 3;
    %store/vec4 v000001aaf1e3ecf0_0, 0, 3;
    %jmp T_1.25;
T_1.25 ;
    %pop/vec4 1;
T_1.18 ;
    %jmp T_1.7;
T_1.2 ;
    %load/vec4 v000001aaf1de3630_0;
    %pad/u 32;
    %cmpi/e 3, 0, 32;
    %jmp/0xz  T_1.26, 4;
    %load/vec4 v000001aaf1c2a810_0;
    %ix/getv 4, v000001aaf1c2a8b0_0;
    %shiftr 4;
    %store/vec4 v000001aaf1db2a00_0, 0, 16;
    %pushi/vec4 5, 0, 3;
    %store/vec4 v000001aaf1e3ecf0_0, 0, 3;
    %jmp T_1.27;
T_1.26 ;
    %load/vec4 v000001aaf1de3630_0;
    %dup/vec4;
    %pushi/vec4 1, 0, 3;
    %cmp/u;
    %jmp/1 T_1.28, 6;
    %dup/vec4;
    %pushi/vec4 2, 0, 3;
    %cmp/u;
    %jmp/1 T_1.29, 6;
    %dup/vec4;
    %pushi/vec4 4, 0, 3;
    %cmp/u;
    %jmp/1 T_1.30, 6;
    %dup/vec4;
    %pushi/vec4 5, 0, 3;
    %cmp/u;
    %jmp/1 T_1.31, 6;
    %dup/vec4;
    %pushi/vec4 6, 0, 3;
    %cmp/u;
    %jmp/1 T_1.32, 6;
    %pushi/vec4 1, 0, 3;
    %store/vec4 v000001aaf1e3ecf0_0, 0, 3;
    %jmp T_1.34;
T_1.28 ;
    %pushi/vec4 1, 0, 3;
    %store/vec4 v000001aaf1e3ecf0_0, 0, 3;
    %jmp T_1.34;
T_1.29 ;
    %pushi/vec4 2, 0, 3;
    %store/vec4 v000001aaf1e3ecf0_0, 0, 3;
    %jmp T_1.34;
T_1.30 ;
    %pushi/vec4 4, 0, 3;
    %store/vec4 v000001aaf1e3ecf0_0, 0, 3;
    %jmp T_1.34;
T_1.31 ;
    %pushi/vec4 5, 0, 3;
    %store/vec4 v000001aaf1e3ecf0_0, 0, 3;
    %jmp T_1.34;
T_1.32 ;
    %pushi/vec4 6, 0, 3;
    %store/vec4 v000001aaf1e3ecf0_0, 0, 3;
    %jmp T_1.34;
T_1.34 ;
    %pop/vec4 1;
T_1.27 ;
    %jmp T_1.7;
T_1.3 ;
    %load/vec4 v000001aaf1de3630_0;
    %pad/u 32;
    %cmpi/e 4, 0, 32;
    %jmp/0xz  T_1.35, 4;
    %load/vec4 v000001aaf1c2a810_0;
    %parti/s 14, 0, 2;
    %load/vec4 v000001aaf1c2a810_0;
    %parti/s 1, 14, 5;
    %concat/vec4; draw_concat_vec4
    %pad/u 16;
    %store/vec4 v000001aaf1db2a00_0, 0, 16;
    %pushi/vec4 4, 0, 3;
    %store/vec4 v000001aaf1e3ecf0_0, 0, 3;
    %jmp T_1.36;
T_1.35 ;
    %load/vec4 v000001aaf1de3630_0;
    %dup/vec4;
    %pushi/vec4 1, 0, 3;
    %cmp/u;
    %jmp/1 T_1.37, 6;
    %dup/vec4;
    %pushi/vec4 2, 0, 3;
    %cmp/u;
    %jmp/1 T_1.38, 6;
    %dup/vec4;
    %pushi/vec4 3, 0, 3;
    %cmp/u;
    %jmp/1 T_1.39, 6;
    %dup/vec4;
    %pushi/vec4 5, 0, 3;
    %cmp/u;
    %jmp/1 T_1.40, 6;
    %dup/vec4;
    %pushi/vec4 6, 0, 3;
    %cmp/u;
    %jmp/1 T_1.41, 6;
    %pushi/vec4 1, 0, 3;
    %store/vec4 v000001aaf1e3ecf0_0, 0, 3;
    %jmp T_1.43;
T_1.37 ;
    %pushi/vec4 1, 0, 3;
    %store/vec4 v000001aaf1e3ecf0_0, 0, 3;
    %jmp T_1.43;
T_1.38 ;
    %pushi/vec4 2, 0, 3;
    %store/vec4 v000001aaf1e3ecf0_0, 0, 3;
    %jmp T_1.43;
T_1.39 ;
    %pushi/vec4 3, 0, 3;
    %store/vec4 v000001aaf1e3ecf0_0, 0, 3;
    %jmp T_1.43;
T_1.40 ;
    %pushi/vec4 5, 0, 3;
    %store/vec4 v000001aaf1e3ecf0_0, 0, 3;
    %jmp T_1.43;
T_1.41 ;
    %pushi/vec4 6, 0, 3;
    %store/vec4 v000001aaf1e3ecf0_0, 0, 3;
    %jmp T_1.43;
T_1.43 ;
    %pop/vec4 1;
T_1.36 ;
    %jmp T_1.7;
T_1.4 ;
    %load/vec4 v000001aaf1de3630_0;
    %pad/u 32;
    %cmpi/e 5, 0, 32;
    %jmp/0xz  T_1.44, 4;
    %load/vec4 v000001aaf1c2a810_0;
    %parti/s 1, 0, 2;
    %load/vec4 v000001aaf1c2a810_0;
    %parti/s 14, 1, 2;
    %concat/vec4; draw_concat_vec4
    %pad/u 16;
    %store/vec4 v000001aaf1db2a00_0, 0, 16;
    %pushi/vec4 5, 0, 3;
    %store/vec4 v000001aaf1e3ecf0_0, 0, 3;
    %jmp T_1.45;
T_1.44 ;
    %load/vec4 v000001aaf1de3630_0;
    %dup/vec4;
    %pushi/vec4 1, 0, 3;
    %cmp/u;
    %jmp/1 T_1.46, 6;
    %dup/vec4;
    %pushi/vec4 2, 0, 3;
    %cmp/u;
    %jmp/1 T_1.47, 6;
    %dup/vec4;
    %pushi/vec4 3, 0, 3;
    %cmp/u;
    %jmp/1 T_1.48, 6;
    %dup/vec4;
    %pushi/vec4 4, 0, 3;
    %cmp/u;
    %jmp/1 T_1.49, 6;
    %dup/vec4;
    %pushi/vec4 6, 0, 3;
    %cmp/u;
    %jmp/1 T_1.50, 6;
    %pushi/vec4 1, 0, 3;
    %store/vec4 v000001aaf1e3ecf0_0, 0, 3;
    %jmp T_1.52;
T_1.46 ;
    %pushi/vec4 1, 0, 3;
    %store/vec4 v000001aaf1e3ecf0_0, 0, 3;
    %jmp T_1.52;
T_1.47 ;
    %pushi/vec4 2, 0, 3;
    %store/vec4 v000001aaf1e3ecf0_0, 0, 3;
    %jmp T_1.52;
T_1.48 ;
    %pushi/vec4 3, 0, 3;
    %store/vec4 v000001aaf1e3ecf0_0, 0, 3;
    %jmp T_1.52;
T_1.49 ;
    %pushi/vec4 4, 0, 3;
    %store/vec4 v000001aaf1e3ecf0_0, 0, 3;
    %jmp T_1.52;
T_1.50 ;
    %pushi/vec4 6, 0, 3;
    %store/vec4 v000001aaf1e3ecf0_0, 0, 3;
    %jmp T_1.52;
T_1.52 ;
    %pop/vec4 1;
T_1.45 ;
    %jmp T_1.7;
T_1.5 ;
    %load/vec4 v000001aaf1de3630_0;
    %pad/u 32;
    %cmpi/e 6, 0, 32;
    %jmp/0xz  T_1.53, 4;
    %pushi/vec4 6, 0, 3;
    %store/vec4 v000001aaf1e3ecf0_0, 0, 3;
    %load/vec4 v000001aaf1e3ee30_0;
    %parti/s 1, 0, 2;
    %pad/u 16;
    %store/vec4 v000001aaf1db2a00_0, 0, 16;
    %jmp T_1.54;
T_1.53 ;
    %load/vec4 v000001aaf1de3630_0;
    %dup/vec4;
    %pushi/vec4 1, 0, 3;
    %cmp/u;
    %jmp/1 T_1.55, 6;
    %dup/vec4;
    %pushi/vec4 2, 0, 3;
    %cmp/u;
    %jmp/1 T_1.56, 6;
    %dup/vec4;
    %pushi/vec4 3, 0, 3;
    %cmp/u;
    %jmp/1 T_1.57, 6;
    %dup/vec4;
    %pushi/vec4 4, 0, 3;
    %cmp/u;
    %jmp/1 T_1.58, 6;
    %dup/vec4;
    %pushi/vec4 5, 0, 3;
    %cmp/u;
    %jmp/1 T_1.59, 6;
    %pushi/vec4 1, 0, 3;
    %store/vec4 v000001aaf1e3ecf0_0, 0, 3;
    %jmp T_1.61;
T_1.55 ;
    %pushi/vec4 1, 0, 3;
    %store/vec4 v000001aaf1e3ecf0_0, 0, 3;
    %jmp T_1.61;
T_1.56 ;
    %pushi/vec4 2, 0, 3;
    %store/vec4 v000001aaf1e3ecf0_0, 0, 3;
    %jmp T_1.61;
T_1.57 ;
    %pushi/vec4 3, 0, 3;
    %store/vec4 v000001aaf1e3ecf0_0, 0, 3;
    %jmp T_1.61;
T_1.58 ;
    %pushi/vec4 4, 0, 3;
    %store/vec4 v000001aaf1e3ecf0_0, 0, 3;
    %jmp T_1.61;
T_1.59 ;
    %pushi/vec4 5, 0, 3;
    %store/vec4 v000001aaf1e3ecf0_0, 0, 3;
    %jmp T_1.61;
T_1.61 ;
    %pop/vec4 1;
T_1.54 ;
    %jmp T_1.7;
T_1.7 ;
    %pop/vec4 1;
    %jmp T_1;
    .thread T_1, $push;
    .scope S_000001aaf1db26e0;
T_2 ;
    %wait E_000001aaf1dd9370;
    %load/vec4 v000001aaf1e3eed0_0;
    %nor/r;
    %flag_set/vec4 8;
    %jmp/0xz  T_2.0, 8;
    %pushi/vec4 0, 0, 16;
    %assign/vec4 v000001aaf1e3ee30_0, 0;
    %jmp T_2.1;
T_2.0 ;
    %load/vec4 v000001aaf1de3630_0;
    %pad/u 32;
    %cmpi/e 6, 0, 32;
    %flag_get/vec4 4;
    %jmp/0 T_2.4, 4;
    %load/vec4 v000001aaf1e3ec50_0;
    %pad/u 32;
    %pushi/vec4 1, 0, 32;
    %cmp/e;
    %flag_get/vec4 4;
    %and;
T_2.4;
    %flag_set/vec4 8;
    %jmp/0xz  T_2.2, 8;
    %load/vec4 v000001aaf1c2a810_0;
    %assign/vec4 v000001aaf1e3ee30_0, 0;
    %jmp T_2.3;
T_2.2 ;
    %load/vec4 v000001aaf1de3630_0;
    %pad/u 32;
    %cmpi/e 6, 0, 32;
    %flag_get/vec4 4;
    %jmp/0 T_2.7, 4;
    %load/vec4 v000001aaf1e3ec50_0;
    %pad/u 32;
    %pushi/vec4 0, 0, 32;
    %cmp/e;
    %flag_get/vec4 4;
    %and;
T_2.7;
    %flag_set/vec4 8;
    %jmp/0xz  T_2.5, 8;
    %load/vec4 v000001aaf1e3ee30_0;
    %parti/s 1, 0, 2;
    %load/vec4 v000001aaf1e3ee30_0;
    %parti/s 15, 1, 2;
    %concat/vec4; draw_concat_vec4
    %assign/vec4 v000001aaf1e3ee30_0, 0;
T_2.5 ;
T_2.3 ;
T_2.1 ;
    %jmp T_2;
    .thread T_2;
# The file index is used to find the file name in the following table.
:file_names 3;
    "N/A";
    "<interactive>";
    "Universal_Shift_Register.v";
