#! /c/Source/iverilog-install/bin/vvp
:ivl_version "12.0 (devel)" "(s20150603-1539-g2693dd32b)";
:ivl_delay_selection "TYPICAL";
:vpi_time_precision + 0;
:vpi_module "C:\iverilog\lib\ivl\system.vpi";
:vpi_module "C:\iverilog\lib\ivl\vhdl_sys.vpi";
:vpi_module "C:\iverilog\lib\ivl\vhdl_textio.vpi";
:vpi_module "C:\iverilog\lib\ivl\v2005_math.vpi";
:vpi_module "C:\iverilog\lib\ivl\va_math.vpi";
S_00000230d7afd770 .scope module, "traffic_light_top" "traffic_light_top" 2 2;
 .timescale 0 0;
    .port_info 0 /INPUT 1 "clk";
    .port_info 1 /OUTPUT 1 "led0";
    .port_info 2 /OUTPUT 1 "led1";
    .port_info 3 /OUTPUT 1 "led2";
    .port_info 4 /INPUT 1 "res";
    .port_info 5 /INPUT 1 "btn";
P_00000230d7ae6170 .param/l "GREEN" 1 2 8, +C4<00000000000000000000000000000001>;
P_00000230d7ae61a8 .param/l "RED" 1 2 8, +C4<00000000000000000000000000000000>;
P_00000230d7ae61e0 .param/l "YELLOW" 1 2 8, +C4<00000000000000000000000000000010>;
v00000230d7aefb10_0 .net *"_ivl_0", 31 0, L_00000230d7b56ca0;  1 drivers
L_00000230d7b58160 .functor BUFT 1, C4<00>, C4<0>, C4<0>, C4<0>;
v00000230d7aef610_0 .net/2s *"_ivl_10", 1 0, L_00000230d7b58160;  1 drivers
v00000230d7b57f60_0 .net *"_ivl_12", 1 0, L_00000230d7b577e0;  1 drivers
v00000230d7b57600_0 .net *"_ivl_16", 31 0, L_00000230d7b57880;  1 drivers
L_00000230d7b581a8 .functor BUFT 1, C4<000000000000000000000000000000>, C4<0>, C4<0>, C4<0>;
v00000230d7b56660_0 .net *"_ivl_19", 29 0, L_00000230d7b581a8;  1 drivers
L_00000230d7b581f0 .functor BUFT 1, C4<00000000000000000000000000000010>, C4<0>, C4<0>, C4<0>;
v00000230d7b57a60_0 .net/2u *"_ivl_20", 31 0, L_00000230d7b581f0;  1 drivers
v00000230d7b57100_0 .net *"_ivl_22", 0 0, L_00000230d7b57b00;  1 drivers
L_00000230d7b58238 .functor BUFT 1, C4<01>, C4<0>, C4<0>, C4<0>;
v00000230d7b562a0_0 .net/2s *"_ivl_24", 1 0, L_00000230d7b58238;  1 drivers
L_00000230d7b58280 .functor BUFT 1, C4<00>, C4<0>, C4<0>, C4<0>;
v00000230d7b56c00_0 .net/2s *"_ivl_26", 1 0, L_00000230d7b58280;  1 drivers
v00000230d7b57060_0 .net *"_ivl_28", 1 0, L_00000230d7b563e0;  1 drivers
L_00000230d7b58088 .functor BUFT 1, C4<000000000000000000000000000000>, C4<0>, C4<0>, C4<0>;
v00000230d7b56e80_0 .net *"_ivl_3", 29 0, L_00000230d7b58088;  1 drivers
v00000230d7b56b60_0 .net *"_ivl_32", 31 0, L_00000230d7b56480;  1 drivers
L_00000230d7b582c8 .functor BUFT 1, C4<000000000000000000000000000000>, C4<0>, C4<0>, C4<0>;
v00000230d7b57c40_0 .net *"_ivl_35", 29 0, L_00000230d7b582c8;  1 drivers
L_00000230d7b58310 .functor BUFT 1, C4<00000000000000000000000000000001>, C4<0>, C4<0>, C4<0>;
v00000230d7b574c0_0 .net/2u *"_ivl_36", 31 0, L_00000230d7b58310;  1 drivers
v00000230d7b57420_0 .net *"_ivl_38", 0 0, L_00000230d7b572e0;  1 drivers
L_00000230d7b580d0 .functor BUFT 1, C4<00000000000000000000000000000000>, C4<0>, C4<0>, C4<0>;
v00000230d7b57560_0 .net/2u *"_ivl_4", 31 0, L_00000230d7b580d0;  1 drivers
L_00000230d7b58358 .functor BUFT 1, C4<01>, C4<0>, C4<0>, C4<0>;
v00000230d7b56ac0_0 .net/2s *"_ivl_40", 1 0, L_00000230d7b58358;  1 drivers
L_00000230d7b583a0 .functor BUFT 1, C4<00>, C4<0>, C4<0>, C4<0>;
v00000230d7b56a20_0 .net/2s *"_ivl_42", 1 0, L_00000230d7b583a0;  1 drivers
v00000230d7b57920_0 .net *"_ivl_44", 1 0, L_00000230d7b567a0;  1 drivers
v00000230d7b576a0_0 .net *"_ivl_6", 0 0, L_00000230d7b57740;  1 drivers
L_00000230d7b58118 .functor BUFT 1, C4<01>, C4<0>, C4<0>, C4<0>;
v00000230d7b57380_0 .net/2s *"_ivl_8", 1 0, L_00000230d7b58118;  1 drivers
o00000230d7b01108 .functor BUFZ 1, C4<z>; HiZ drive
v00000230d7b568e0_0 .net "btn", 0 0, o00000230d7b01108;  0 drivers
o00000230d7b00fe8 .functor BUFZ 1, C4<z>; HiZ drive
v00000230d7b56de0_0 .net "clk", 0 0, o00000230d7b00fe8;  0 drivers
v00000230d7b56340_0 .net "led0", 0 0, L_00000230d7b57240;  1 drivers
v00000230d7b57e20_0 .net "led1", 0 0, L_00000230d7b56d40;  1 drivers
v00000230d7b571a0_0 .net "led2", 0 0, L_00000230d7b56700;  1 drivers
o00000230d7b01048 .functor BUFZ 1, C4<z>; HiZ drive
v00000230d7b57ec0_0 .net "res", 0 0, o00000230d7b01048;  0 drivers
v00000230d7b579c0_0 .net "state", 1 0, v00000230d7aef4d0_0;  1 drivers
L_00000230d7b56ca0 .concat [ 2 30 0 0], v00000230d7aef4d0_0, L_00000230d7b58088;
L_00000230d7b57740 .cmp/eq 32, L_00000230d7b56ca0, L_00000230d7b580d0;
L_00000230d7b577e0 .functor MUXZ 2, L_00000230d7b58160, L_00000230d7b58118, L_00000230d7b57740, C4<>;
L_00000230d7b57240 .part L_00000230d7b577e0, 0, 1;
L_00000230d7b57880 .concat [ 2 30 0 0], v00000230d7aef4d0_0, L_00000230d7b581a8;
L_00000230d7b57b00 .cmp/eq 32, L_00000230d7b57880, L_00000230d7b581f0;
L_00000230d7b563e0 .functor MUXZ 2, L_00000230d7b58280, L_00000230d7b58238, L_00000230d7b57b00, C4<>;
L_00000230d7b56d40 .part L_00000230d7b563e0, 0, 1;
L_00000230d7b56480 .concat [ 2 30 0 0], v00000230d7aef4d0_0, L_00000230d7b582c8;
L_00000230d7b572e0 .cmp/eq 32, L_00000230d7b56480, L_00000230d7b58310;
L_00000230d7b567a0 .functor MUXZ 2, L_00000230d7b583a0, L_00000230d7b58358, L_00000230d7b572e0, C4<>;
L_00000230d7b56700 .part L_00000230d7b567a0, 0, 1;
S_00000230d7afd900 .scope module, "DUT1" "traffic_light" 2 12, 3 2 0, S_00000230d7afd770;
 .timescale 0 0;
    .port_info 0 /INPUT 1 "clk";
    .port_info 1 /INPUT 1 "res";
    .port_info 2 /OUTPUT 2 "out_state";
    .port_info 3 /INPUT 1 "btn";
P_00000230d7afda90 .param/l "GREEN" 1 3 8, +C4<00000000000000000000000000000001>;
P_00000230d7afdac8 .param/l "RED" 1 3 8, +C4<00000000000000000000000000000000>;
P_00000230d7afdb00 .param/l "YELLOW" 1 3 8, +C4<00000000000000000000000000000010>;
v00000230d7aef9d0_0 .net "btn", 0 0, o00000230d7b01108;  alias, 0 drivers
v00000230d7aefbb0_0 .net "clk", 0 0, o00000230d7b00fe8;  alias, 0 drivers
v00000230d7aefd90_0 .net "clk_1Hz", 0 0, v00000230d7aeef30_0;  1 drivers
v00000230d7aef250_0 .var "cnt", 5 0;
v00000230d7aefe30_0 .var "cnt1", 1 0;
v00000230d7aef430_0 .var "next_state", 1 0;
v00000230d7aef570_0 .net "out_state", 1 0, v00000230d7aef4d0_0;  alias, 1 drivers
v00000230d7aefa70_0 .net "res", 0 0, o00000230d7b01048;  alias, 0 drivers
v00000230d7aef4d0_0 .var "state", 1 0;
E_00000230d7ae6a80 .event anyedge, v00000230d7aef4d0_0, v00000230d7aef250_0, v00000230d7aefe30_0;
E_00000230d7ae6700/0 .event negedge, v00000230d7aef1b0_0;
E_00000230d7ae6700/1 .event posedge, v00000230d7aeef30_0;
E_00000230d7ae6700 .event/or E_00000230d7ae6700/0, E_00000230d7ae6700/1;
E_00000230d7ae71c0 .event posedge, v00000230d7aeef30_0, v00000230d7aef9d0_0;
S_00000230d7af63e0 .scope module, "one_second" "timer" 3 16, 4 1 0, S_00000230d7afd900;
 .timescale 0 0;
    .port_info 0 /INPUT 1 "clk_50MHz";
    .port_info 1 /INPUT 1 "res";
    .port_info 2 /OUTPUT 1 "clk_1Hz";
P_00000230d7ae7240 .param/l "bit" 0 4 1, +C4<00000000000000000000000000000101>;
v00000230d7aeef30_0 .var "clk_1Hz", 0 0;
v00000230d7aeefd0_0 .net "clk_50MHz", 0 0, o00000230d7b00fe8;  alias, 0 drivers
v00000230d7aefcf0_0 .var "cnt", 5 0;
v00000230d7aef1b0_0 .net "res", 0 0, o00000230d7b01048;  alias, 0 drivers
E_00000230d7ae6b40/0 .event negedge, v00000230d7aef1b0_0;
E_00000230d7ae6b40/1 .event posedge, v00000230d7aeefd0_0;
E_00000230d7ae6b40 .event/or E_00000230d7ae6b40/0, E_00000230d7ae6b40/1;
    .scope S_00000230d7af63e0;
T_0 ;
    %wait E_00000230d7ae6b40;
    %load/vec4 v00000230d7aef1b0_0;
    %nor/r;
    %flag_set/vec4 8;
    %jmp/0xz  T_0.0, 8;
    %pushi/vec4 0, 0, 6;
    %assign/vec4 v00000230d7aefcf0_0, 0;
    %pushi/vec4 0, 0, 1;
    %assign/vec4 v00000230d7aeef30_0, 0;
    %jmp T_0.1;
T_0.0 ;
    %load/vec4 v00000230d7aefcf0_0;
    %pad/u 32;
    %cmpi/e 25, 0, 32;
    %jmp/0xz  T_0.2, 4;
    %pushi/vec4 0, 0, 6;
    %assign/vec4 v00000230d7aefcf0_0, 0;
    %load/vec4 v00000230d7aeef30_0;
    %inv;
    %assign/vec4 v00000230d7aeef30_0, 0;
    %jmp T_0.3;
T_0.2 ;
    %load/vec4 v00000230d7aefcf0_0;
    %addi 1, 0, 6;
    %store/vec4 v00000230d7aefcf0_0, 0, 6;
T_0.3 ;
T_0.1 ;
    %jmp T_0;
    .thread T_0;
    .scope S_00000230d7afd900;
T_1 ;
    %wait E_00000230d7ae6700;
    %load/vec4 v00000230d7aefa70_0;
    %nor/r;
    %flag_set/vec4 8;
    %jmp/0xz  T_1.0, 8;
    %pushi/vec4 0, 0, 6;
    %assign/vec4 v00000230d7aef250_0, 0;
    %jmp T_1.1;
T_1.0 ;
    %load/vec4 v00000230d7aef4d0_0;
    %pad/u 32;
    %cmpi/e 0, 0, 32;
    %flag_get/vec4 4;
    %jmp/0 T_1.6, 4;
    %load/vec4 v00000230d7aef250_0;
    %pad/u 32;
    %pushi/vec4 40, 0, 32;
    %cmp/e;
    %flag_get/vec4 4;
    %and;
T_1.6;
    %flag_set/vec4 8;
    %jmp/1 T_1.5, 8;
    %load/vec4 v00000230d7aef4d0_0;
    %pad/u 32;
    %cmpi/e 2, 0, 32;
    %flag_get/vec4 4;
    %jmp/0 T_1.7, 4;
    %load/vec4 v00000230d7aef250_0;
    %pad/u 32;
    %pushi/vec4 3, 0, 32;
    %cmp/e;
    %flag_get/vec4 4;
    %and;
T_1.7;
    %flag_set/vec4 9;
    %flag_or 8, 9;
T_1.5;
    %jmp/1 T_1.4, 8;
    %load/vec4 v00000230d7aef4d0_0;
    %pad/u 32;
    %cmpi/e 1, 0, 32;
    %flag_get/vec4 4;
    %jmp/0 T_1.8, 4;
    %load/vec4 v00000230d7aef250_0;
    %pad/u 32;
    %pushi/vec4 21, 0, 32;
    %cmp/e;
    %flag_get/vec4 4;
    %and;
T_1.8;
    %flag_set/vec4 9;
    %flag_or 8, 9;
T_1.4;
    %jmp/0xz  T_1.2, 8;
    %pushi/vec4 0, 0, 6;
    %assign/vec4 v00000230d7aef250_0, 0;
    %jmp T_1.3;
T_1.2 ;
    %load/vec4 v00000230d7aef250_0;
    %addi 1, 0, 6;
    %assign/vec4 v00000230d7aef250_0, 0;
T_1.3 ;
T_1.1 ;
    %jmp T_1;
    .thread T_1;
    .scope S_00000230d7afd900;
T_2 ;
    %wait E_00000230d7ae71c0;
    %load/vec4 v00000230d7aef9d0_0;
    %flag_set/vec4 9;
    %flag_get/vec4 9;
    %jmp/0 T_2.2, 9;
    %load/vec4 v00000230d7aef4d0_0;
    %pad/u 32;
    %pushi/vec4 0, 0, 32;
    %cmp/e;
    %flag_get/vec4 4;
    %and;
T_2.2;
    %flag_set/vec4 8;
    %jmp/0xz  T_2.0, 8;
    %load/vec4 v00000230d7aefe30_0;
    %addi 1, 0, 2;
    %assign/vec4 v00000230d7aefe30_0, 0;
    %jmp T_2.1;
T_2.0 ;
    %pushi/vec4 0, 0, 2;
    %assign/vec4 v00000230d7aefe30_0, 0;
T_2.1 ;
    %jmp T_2;
    .thread T_2;
    .scope S_00000230d7afd900;
T_3 ;
    %wait E_00000230d7ae6700;
    %load/vec4 v00000230d7aefa70_0;
    %nor/r;
    %flag_set/vec4 8;
    %jmp/0xz  T_3.0, 8;
    %pushi/vec4 0, 0, 2;
    %assign/vec4 v00000230d7aef4d0_0, 0;
    %jmp T_3.1;
T_3.0 ;
    %load/vec4 v00000230d7aef430_0;
    %assign/vec4 v00000230d7aef4d0_0, 0;
T_3.1 ;
    %jmp T_3;
    .thread T_3;
    .scope S_00000230d7afd900;
T_4 ;
    %wait E_00000230d7ae6a80;
    %load/vec4 v00000230d7aef4d0_0;
    %dup/vec4;
    %pushi/vec4 0, 0, 2;
    %cmp/u;
    %jmp/1 T_4.0, 6;
    %dup/vec4;
    %pushi/vec4 1, 0, 2;
    %cmp/u;
    %jmp/1 T_4.1, 6;
    %dup/vec4;
    %pushi/vec4 2, 0, 2;
    %cmp/u;
    %jmp/1 T_4.2, 6;
    %jmp T_4.3;
T_4.0 ;
    %load/vec4 v00000230d7aef250_0;
    %pad/u 32;
    %cmpi/e 40, 0, 32;
    %jmp/0xz  T_4.4, 4;
    %pushi/vec4 1, 0, 2;
    %store/vec4 v00000230d7aef430_0, 0, 2;
    %jmp T_4.5;
T_4.4 ;
    %load/vec4 v00000230d7aefe30_0;
    %pad/u 32;
    %cmpi/e 3, 0, 32;
    %jmp/0xz  T_4.6, 4;
    %pushi/vec4 1, 0, 2;
    %store/vec4 v00000230d7aef430_0, 0, 2;
    %jmp T_4.7;
T_4.6 ;
    %pushi/vec4 0, 0, 2;
    %store/vec4 v00000230d7aef430_0, 0, 2;
T_4.7 ;
T_4.5 ;
    %jmp T_4.3;
T_4.1 ;
    %load/vec4 v00000230d7aef250_0;
    %pad/u 32;
    %cmpi/e 21, 0, 32;
    %flag_mov 8, 4;
    %jmp/0 T_4.8, 8;
    %pushi/vec4 2, 0, 32;
    %jmp/1 T_4.9, 8;
T_4.8 ; End of true expr.
    %pushi/vec4 1, 0, 32;
    %jmp/0 T_4.9, 8;
 ; End of false expr.
    %blend;
T_4.9;
    %pad/s 2;
    %store/vec4 v00000230d7aef430_0, 0, 2;
    %jmp T_4.3;
T_4.2 ;
    %load/vec4 v00000230d7aef250_0;
    %pad/u 32;
    %cmpi/e 3, 0, 32;
    %flag_mov 8, 4;
    %jmp/0 T_4.10, 8;
    %pushi/vec4 0, 0, 32;
    %jmp/1 T_4.11, 8;
T_4.10 ; End of true expr.
    %pushi/vec4 2, 0, 32;
    %jmp/0 T_4.11, 8;
 ; End of false expr.
    %blend;
T_4.11;
    %pad/s 2;
    %store/vec4 v00000230d7aef430_0, 0, 2;
    %jmp T_4.3;
T_4.3 ;
    %pop/vec4 1;
    %jmp T_4;
    .thread T_4, $push;
# The file index is used to find the file name in the following table.
:file_names 5;
    "N/A";
    "<interactive>";
    "traffic_light_top.v";
    "./traffic_light.v";
    "./timer.v";
