GowinSynthesis start
Running parser ...
Analyzing Verilog file 'D:\repos\MPEI_repos\MPEI\MPEI_Magistracy\Term_one\digital_design\KM_3_seven_seg_and_lcd\Sipeed_Tang_Primer_20k\lcd1602\lcd1602_scrolling\src\LCD_TEST.sv'
Analyzing Verilog file 'D:\repos\MPEI_repos\MPEI\MPEI_Magistracy\Term_one\digital_design\KM_3_seven_seg_and_lcd\Sipeed_Tang_Primer_20k\lcd1602\lcd1602_scrolling\src\LCD_TEST_4.sv'
Analyzing Verilog file 'D:\repos\MPEI_repos\MPEI\MPEI_Magistracy\Term_one\digital_design\KM_3_seven_seg_and_lcd\Sipeed_Tang_Primer_20k\lcd1602\lcd1602_scrolling\src\tm1638_board.sv'
Analyzing Verilog file 'D:\repos\MPEI_repos\MPEI\MPEI_Magistracy\Term_one\digital_design\KM_3_seven_seg_and_lcd\Sipeed_Tang_Primer_20k\lcd1602\lcd1602_scrolling\src\top.sv'
Undeclared symbol 'rst_n', assumed default net type 'wire'("D:\repos\MPEI_repos\MPEI\MPEI_Magistracy\Term_one\digital_design\KM_3_seven_seg_and_lcd\Sipeed_Tang_Primer_20k\lcd1602\lcd1602_scrolling\src\top.sv":32)
Compiling module 'top'("D:\repos\MPEI_repos\MPEI\MPEI_Magistracy\Term_one\digital_design\KM_3_seven_seg_and_lcd\Sipeed_Tang_Primer_20k\lcd1602\lcd1602_scrolling\src\top.sv":1)
Compiling module 'LCD_TEST'("D:\repos\MPEI_repos\MPEI\MPEI_Magistracy\Term_one\digital_design\KM_3_seven_seg_and_lcd\Sipeed_Tang_Primer_20k\lcd1602\lcd1602_scrolling\src\LCD_TEST.sv":1)
WARN  (EX3791) : Expression size 5 truncated to fit in target size 4("D:\repos\MPEI_repos\MPEI\MPEI_Magistracy\Term_one\digital_design\KM_3_seven_seg_and_lcd\Sipeed_Tang_Primer_20k\lcd1602\lcd1602_scrolling\src\LCD_TEST.sv":78)
WARN  (EX3791) : Expression size 5 truncated to fit in target size 4("D:\repos\MPEI_repos\MPEI\MPEI_Magistracy\Term_one\digital_design\KM_3_seven_seg_and_lcd\Sipeed_Tang_Primer_20k\lcd1602\lcd1602_scrolling\src\LCD_TEST.sv":94)
Compiling module 'tm1638_board_controller'("D:\repos\MPEI_repos\MPEI\MPEI_Magistracy\Term_one\digital_design\KM_3_seven_seg_and_lcd\Sipeed_Tang_Primer_20k\lcd1602\lcd1602_scrolling\src\tm1638_board.sv":218)
Compiling module 'tm1638_sio'("D:\repos\MPEI_repos\MPEI\MPEI_Magistracy\Term_one\digital_design\KM_3_seven_seg_and_lcd\Sipeed_Tang_Primer_20k\lcd1602\lcd1602_scrolling\src\tm1638_board.sv":475)
WARN  (EX3791) : Expression size 7 truncated to fit in target size 6("D:\repos\MPEI_repos\MPEI\MPEI_Magistracy\Term_one\digital_design\KM_3_seven_seg_and_lcd\Sipeed_Tang_Primer_20k\lcd1602\lcd1602_scrolling\src\tm1638_board.sv":538)
WARN  (EX3791) : Expression size 7 truncated to fit in target size 6("D:\repos\MPEI_repos\MPEI\MPEI_Magistracy\Term_one\digital_design\KM_3_seven_seg_and_lcd\Sipeed_Tang_Primer_20k\lcd1602\lcd1602_scrolling\src\tm1638_board.sv":547)
WARN  (EX3791) : Expression size 4 truncated to fit in target size 3("D:\repos\MPEI_repos\MPEI\MPEI_Magistracy\Term_one\digital_design\KM_3_seven_seg_and_lcd\Sipeed_Tang_Primer_20k\lcd1602\lcd1602_scrolling\src\tm1638_board.sv":558)
WARN  (EX3791) : Expression size 7 truncated to fit in target size 6("D:\repos\MPEI_repos\MPEI\MPEI_Magistracy\Term_one\digital_design\KM_3_seven_seg_and_lcd\Sipeed_Tang_Primer_20k\lcd1602\lcd1602_scrolling\src\tm1638_board.sv":455)
WARN  (EX3791) : Expression size 21 truncated to fit in target size 20("D:\repos\MPEI_repos\MPEI\MPEI_Magistracy\Term_one\digital_design\KM_3_seven_seg_and_lcd\Sipeed_Tang_Primer_20k\lcd1602\lcd1602_scrolling\src\tm1638_board.sv":465)
WARN  (EX1998) : Net 'tm_led[7]' does not have a driver("D:\repos\MPEI_repos\MPEI\MPEI_Magistracy\Term_one\digital_design\KM_3_seven_seg_and_lcd\Sipeed_Tang_Primer_20k\lcd1602\lcd1602_scrolling\src\top.sv":19)
WARN  (EX1998) : Net 'tm_digit[7]' does not have a driver("D:\repos\MPEI_repos\MPEI\MPEI_Magistracy\Term_one\digital_design\KM_3_seven_seg_and_lcd\Sipeed_Tang_Primer_20k\lcd1602\lcd1602_scrolling\src\top.sv":20)
WARN  (EX1998) : Net 'abcdefgh[7]' does not have a driver("D:\repos\MPEI_repos\MPEI\MPEI_Magistracy\Term_one\digital_design\KM_3_seven_seg_and_lcd\Sipeed_Tang_Primer_20k\lcd1602\lcd1602_scrolling\src\top.sv":24)
NOTE  (EX0101) : Current top module is "top"
[5%] Running netlist conversion ...
WARN  (CV0021) : Inout GPIO_0[7:4] is unused("D:\repos\MPEI_repos\MPEI\MPEI_Magistracy\Term_one\digital_design\KM_3_seven_seg_and_lcd\Sipeed_Tang_Primer_20k\lcd1602\lcd1602_scrolling\src\top.sv":9)
WARN  (CV0019) : Inout GPIO_0[0] is unused("D:\repos\MPEI_repos\MPEI\MPEI_Magistracy\Term_one\digital_design\KM_3_seven_seg_and_lcd\Sipeed_Tang_Primer_20k\lcd1602\lcd1602_scrolling\src\top.sv":9)
Running device independent optimization ...
[10%] Optimizing Phase 0 completed
[15%] Optimizing Phase 1 completed
[25%] Optimizing Phase 2 completed
Running inference ...
[30%] Inferring Phase 0 completed
[40%] Inferring Phase 1 completed
[50%] Inferring Phase 2 completed
[55%] Inferring Phase 3 completed
Running technical mapping ...
[60%] Tech-Mapping Phase 0 completed
[65%] Tech-Mapping Phase 1 completed
[75%] Tech-Mapping Phase 2 completed
[80%] Tech-Mapping Phase 3 completed
[90%] Tech-Mapping Phase 4 completed
[95%] Generate netlist file "D:\repos\MPEI_repos\MPEI\MPEI_Magistracy\Term_one\digital_design\KM_3_seven_seg_and_lcd\Sipeed_Tang_Primer_20k\lcd1602\lcd1602_scrolling\impl\gwsynthesis\fpga_project.vg" completed
[100%] Generate report file "D:\repos\MPEI_repos\MPEI\MPEI_Magistracy\Term_one\digital_design\KM_3_seven_seg_and_lcd\Sipeed_Tang_Primer_20k\lcd1602\lcd1602_scrolling\impl\gwsynthesis\fpga_project_syn.rpt.html" completed
GowinSynthesis finish
