#! /c/Source/iverilog-install/bin/vvp
:ivl_version "12.0 (devel)" "(s20150603-1539-g2693dd32b)";
:ivl_delay_selection "TYPICAL";
:vpi_time_precision + 0;
:vpi_module "C:\iverilog\lib\ivl\system.vpi";
:vpi_module "C:\iverilog\lib\ivl\vhdl_sys.vpi";
:vpi_module "C:\iverilog\lib\ivl\vhdl_textio.vpi";
:vpi_module "C:\iverilog\lib\ivl\v2005_math.vpi";
:vpi_module "C:\iverilog\lib\ivl\va_math.vpi";
S_0000023007402830 .scope module, "cnt_FSM" "cnt_FSM" 2 1;
 .timescale 0 0;
    .port_info 0 /INPUT 1 "clk";
    .port_info 1 /INPUT 1 "rst_n";
    .port_info 2 /OUTPUT 8 "Q";
P_0000023007430660 .param/l "COUNT0" 1 2 4, C4<00000001>;
P_0000023007430698 .param/l "COUNT1" 1 2 5, C4<00000010>;
P_00000230074306d0 .param/l "COUNT2" 1 2 6, C4<00000100>;
P_0000023007430708 .param/l "COUNT3" 1 2 7, C4<00001000>;
P_0000023007430740 .param/l "COUNT4" 1 2 8, C4<00010000>;
P_0000023007430778 .param/l "COUNT5" 1 2 9, C4<00100000>;
P_00000230074307b0 .param/l "COUNT6" 1 2 10, C4<01000000>;
P_00000230074307e8 .param/l "COUNT7" 1 2 11, C4<10000000>;
P_0000023007430820 .param/l "RESET" 1 2 3, +C4<00000000000000000000000000000000>;
v000002300742b610_0 .net "Q", 7 0, L_00000230074e1560;  1 drivers
v000002300742b750_0 .net *"_ivl_0", 31 0, L_0000023007484850;  1 drivers
L_0000023007486530 .functor BUFT 1, C4<00000001>, C4<0>, C4<0>, C4<0>;
v000002300742bf70_0 .net/2u *"_ivl_10", 7 0, L_0000023007486530;  1 drivers
v000002300742b890_0 .net *"_ivl_12", 0 0, L_00000230074848f0;  1 drivers
L_0000023007486578 .functor BUFT 1, C4<00000001>, C4<0>, C4<0>, C4<0>;
v000002300742b9d0_0 .net/2u *"_ivl_14", 7 0, L_0000023007486578;  1 drivers
L_00000230074865c0 .functor BUFT 1, C4<00000010>, C4<0>, C4<0>, C4<0>;
v000002300742ba70_0 .net/2u *"_ivl_16", 7 0, L_00000230074865c0;  1 drivers
v000002300742bb10_0 .net *"_ivl_18", 0 0, L_0000023007484990;  1 drivers
L_0000023007486608 .functor BUFT 1, C4<00000010>, C4<0>, C4<0>, C4<0>;
v000002300742bbb0_0 .net/2u *"_ivl_20", 7 0, L_0000023007486608;  1 drivers
L_0000023007486650 .functor BUFT 1, C4<00000100>, C4<0>, C4<0>, C4<0>;
v000002300742bc50_0 .net/2u *"_ivl_22", 7 0, L_0000023007486650;  1 drivers
v000002300742bed0_0 .net *"_ivl_24", 0 0, L_0000023007484ad0;  1 drivers
L_0000023007486698 .functor BUFT 1, C4<00000100>, C4<0>, C4<0>, C4<0>;
v0000023007486330_0 .net/2u *"_ivl_26", 7 0, L_0000023007486698;  1 drivers
L_00000230074866e0 .functor BUFT 1, C4<00001000>, C4<0>, C4<0>, C4<0>;
v0000023007485890_0 .net/2u *"_ivl_28", 7 0, L_00000230074866e0;  1 drivers
L_0000023007486458 .functor BUFT 1, C4<000000000000000000000000>, C4<0>, C4<0>, C4<0>;
v0000023007485f70_0 .net *"_ivl_3", 23 0, L_0000023007486458;  1 drivers
v0000023007486290_0 .net *"_ivl_30", 0 0, L_0000023007484c10;  1 drivers
L_0000023007486728 .functor BUFT 1, C4<00001000>, C4<0>, C4<0>, C4<0>;
v0000023007484490_0 .net/2u *"_ivl_32", 7 0, L_0000023007486728;  1 drivers
L_0000023007486770 .functor BUFT 1, C4<00010000>, C4<0>, C4<0>, C4<0>;
v0000023007485bb0_0 .net/2u *"_ivl_34", 7 0, L_0000023007486770;  1 drivers
v0000023007484a30_0 .net *"_ivl_36", 0 0, L_0000023007484d50;  1 drivers
L_00000230074867b8 .functor BUFT 1, C4<00010000>, C4<0>, C4<0>, C4<0>;
v00000230074856b0_0 .net/2u *"_ivl_38", 7 0, L_00000230074867b8;  1 drivers
L_00000230074864a0 .functor BUFT 1, C4<00000000000000000000000000000000>, C4<0>, C4<0>, C4<0>;
v0000023007484530_0 .net/2u *"_ivl_4", 31 0, L_00000230074864a0;  1 drivers
L_0000023007486800 .functor BUFT 1, C4<00100000>, C4<0>, C4<0>, C4<0>;
v00000230074860b0_0 .net/2u *"_ivl_40", 7 0, L_0000023007486800;  1 drivers
v00000230074861f0_0 .net *"_ivl_42", 0 0, L_0000023007484df0;  1 drivers
L_0000023007486848 .functor BUFT 1, C4<00100000>, C4<0>, C4<0>, C4<0>;
v0000023007485d90_0 .net/2u *"_ivl_44", 7 0, L_0000023007486848;  1 drivers
L_0000023007486890 .functor BUFT 1, C4<01000000>, C4<0>, C4<0>, C4<0>;
v0000023007484cb0_0 .net/2u *"_ivl_46", 7 0, L_0000023007486890;  1 drivers
v0000023007485cf0_0 .net *"_ivl_48", 0 0, L_0000023007485610;  1 drivers
L_00000230074868d8 .functor BUFT 1, C4<01000000>, C4<0>, C4<0>, C4<0>;
v0000023007485b10_0 .net/2u *"_ivl_50", 7 0, L_00000230074868d8;  1 drivers
L_0000023007486920 .functor BUFT 1, C4<10000000>, C4<0>, C4<0>, C4<0>;
v0000023007485e30_0 .net/2u *"_ivl_52", 7 0, L_0000023007486920;  1 drivers
v0000023007485250_0 .net *"_ivl_54", 0 0, L_0000023007484f30;  1 drivers
L_0000023007486968 .functor BUFT 1, C4<10000000>, C4<0>, C4<0>, C4<0>;
v00000230074845d0_0 .net/2u *"_ivl_56", 7 0, L_0000023007486968;  1 drivers
L_00000230074869b0 .functor BUFT 1, C4<00000000>, C4<0>, C4<0>, C4<0>;
v0000023007485ed0_0 .net/2u *"_ivl_58", 7 0, L_00000230074869b0;  1 drivers
v0000023007484b70_0 .net *"_ivl_6", 0 0, L_00000230074859d0;  1 drivers
v0000023007485a70_0 .net *"_ivl_60", 7 0, L_0000023007484fd0;  1 drivers
v0000023007484670_0 .net *"_ivl_62", 7 0, L_0000023007485070;  1 drivers
v00000230074854d0_0 .net *"_ivl_64", 7 0, L_0000023007485110;  1 drivers
v0000023007485c50_0 .net *"_ivl_66", 7 0, L_00000230074852f0;  1 drivers
v0000023007485570_0 .net *"_ivl_68", 7 0, L_00000230074857f0;  1 drivers
v0000023007485430_0 .net *"_ivl_70", 7 0, L_0000023007485390;  1 drivers
v00000230074851b0_0 .net *"_ivl_72", 7 0, L_0000023007485750;  1 drivers
v0000023007484e90_0 .net *"_ivl_74", 7 0, L_00000230074e25a0;  1 drivers
L_00000230074864e8 .functor BUFT 1, C4<00000000>, C4<0>, C4<0>, C4<0>;
v0000023007486010_0 .net/2u *"_ivl_8", 7 0, L_00000230074864e8;  1 drivers
o00000230074396e8 .functor BUFZ 1, C4<z>; HiZ drive
v00000230074847b0_0 .net "clk", 0 0, o00000230074396e8;  0 drivers
v0000023007486150_0 .var "nextstate", 7 0;
o0000023007439748 .functor BUFZ 1, C4<z>; HiZ drive
v0000023007485930_0 .net "rst_n", 0 0, o0000023007439748;  0 drivers
v0000023007484710_0 .var "state", 7 0;
E_0000023007427b50 .event anyedge, v0000023007484710_0;
E_0000023007427290/0 .event negedge, v0000023007485930_0;
E_0000023007427290/1 .event posedge, v00000230074847b0_0;
E_0000023007427290 .event/or E_0000023007427290/0, E_0000023007427290/1;
L_0000023007484850 .concat [ 8 24 0 0], v0000023007484710_0, L_0000023007486458;
L_00000230074859d0 .cmp/eq 32, L_0000023007484850, L_00000230074864a0;
L_00000230074848f0 .cmp/eq 8, v0000023007484710_0, L_0000023007486530;
L_0000023007484990 .cmp/eq 8, v0000023007484710_0, L_00000230074865c0;
L_0000023007484ad0 .cmp/eq 8, v0000023007484710_0, L_0000023007486650;
L_0000023007484c10 .cmp/eq 8, v0000023007484710_0, L_00000230074866e0;
L_0000023007484d50 .cmp/eq 8, v0000023007484710_0, L_0000023007486770;
L_0000023007484df0 .cmp/eq 8, v0000023007484710_0, L_0000023007486800;
L_0000023007485610 .cmp/eq 8, v0000023007484710_0, L_0000023007486890;
L_0000023007484f30 .cmp/eq 8, v0000023007484710_0, L_0000023007486920;
L_0000023007484fd0 .functor MUXZ 8, L_00000230074869b0, L_0000023007486968, L_0000023007484f30, C4<>;
L_0000023007485070 .functor MUXZ 8, L_0000023007484fd0, L_00000230074868d8, L_0000023007485610, C4<>;
L_0000023007485110 .functor MUXZ 8, L_0000023007485070, L_0000023007486848, L_0000023007484df0, C4<>;
L_00000230074852f0 .functor MUXZ 8, L_0000023007485110, L_00000230074867b8, L_0000023007484d50, C4<>;
L_00000230074857f0 .functor MUXZ 8, L_00000230074852f0, L_0000023007486728, L_0000023007484c10, C4<>;
L_0000023007485390 .functor MUXZ 8, L_00000230074857f0, L_0000023007486698, L_0000023007484ad0, C4<>;
L_0000023007485750 .functor MUXZ 8, L_0000023007485390, L_0000023007486608, L_0000023007484990, C4<>;
L_00000230074e25a0 .functor MUXZ 8, L_0000023007485750, L_0000023007486578, L_00000230074848f0, C4<>;
L_00000230074e1560 .functor MUXZ 8, L_00000230074e25a0, L_00000230074864e8, L_00000230074859d0, C4<>;
    .scope S_0000023007402830;
T_0 ;
    %wait E_0000023007427290;
    %load/vec4 v0000023007485930_0;
    %nor/r;
    %flag_set/vec4 8;
    %jmp/0xz  T_0.0, 8;
    %pushi/vec4 0, 0, 8;
    %store/vec4 v0000023007484710_0, 0, 8;
    %jmp T_0.1;
T_0.0 ;
    %load/vec4 v0000023007486150_0;
    %store/vec4 v0000023007484710_0, 0, 8;
T_0.1 ;
    %jmp T_0;
    .thread T_0;
    .scope S_0000023007402830;
T_1 ;
    %wait E_0000023007427b50;
    %load/vec4 v0000023007484710_0;
    %dup/vec4;
    %pushi/vec4 0, 0, 8;
    %cmp/u;
    %jmp/1 T_1.0, 6;
    %dup/vec4;
    %pushi/vec4 1, 0, 8;
    %cmp/u;
    %jmp/1 T_1.1, 6;
    %dup/vec4;
    %pushi/vec4 2, 0, 8;
    %cmp/u;
    %jmp/1 T_1.2, 6;
    %dup/vec4;
    %pushi/vec4 4, 0, 8;
    %cmp/u;
    %jmp/1 T_1.3, 6;
    %dup/vec4;
    %pushi/vec4 8, 0, 8;
    %cmp/u;
    %jmp/1 T_1.4, 6;
    %dup/vec4;
    %pushi/vec4 16, 0, 8;
    %cmp/u;
    %jmp/1 T_1.5, 6;
    %dup/vec4;
    %pushi/vec4 32, 0, 8;
    %cmp/u;
    %jmp/1 T_1.6, 6;
    %dup/vec4;
    %pushi/vec4 64, 0, 8;
    %cmp/u;
    %jmp/1 T_1.7, 6;
    %dup/vec4;
    %pushi/vec4 128, 0, 8;
    %cmp/u;
    %jmp/1 T_1.8, 6;
    %pushi/vec4 0, 0, 8;
    %store/vec4 v0000023007486150_0, 0, 8;
    %jmp T_1.10;
T_1.0 ;
    %pushi/vec4 1, 0, 8;
    %store/vec4 v0000023007486150_0, 0, 8;
    %jmp T_1.10;
T_1.1 ;
    %pushi/vec4 2, 0, 8;
    %store/vec4 v0000023007486150_0, 0, 8;
    %jmp T_1.10;
T_1.2 ;
    %pushi/vec4 4, 0, 8;
    %store/vec4 v0000023007486150_0, 0, 8;
    %jmp T_1.10;
T_1.3 ;
    %pushi/vec4 8, 0, 8;
    %store/vec4 v0000023007486150_0, 0, 8;
    %jmp T_1.10;
T_1.4 ;
    %pushi/vec4 16, 0, 8;
    %store/vec4 v0000023007486150_0, 0, 8;
    %jmp T_1.10;
T_1.5 ;
    %pushi/vec4 32, 0, 8;
    %store/vec4 v0000023007486150_0, 0, 8;
    %jmp T_1.10;
T_1.6 ;
    %pushi/vec4 64, 0, 8;
    %store/vec4 v0000023007486150_0, 0, 8;
    %jmp T_1.10;
T_1.7 ;
    %pushi/vec4 128, 0, 8;
    %store/vec4 v0000023007486150_0, 0, 8;
    %jmp T_1.10;
T_1.8 ;
    %pushi/vec4 1, 0, 8;
    %store/vec4 v0000023007486150_0, 0, 8;
    %jmp T_1.10;
T_1.10 ;
    %pop/vec4 1;
    %jmp T_1;
    .thread T_1, $push;
# The file index is used to find the file name in the following table.
:file_names 3;
    "N/A";
    "<interactive>";
    "cnt_FSM.v";
