#! /c/Source/iverilog-install/bin/vvp
:ivl_version "12.0 (devel)" "(s20150603-1539-g2693dd32b)";
:ivl_delay_selection "TYPICAL";
:vpi_time_precision - 9;
:vpi_module "C:\iverilog\lib\ivl\system.vpi";
:vpi_module "C:\iverilog\lib\ivl\vhdl_sys.vpi";
:vpi_module "C:\iverilog\lib\ivl\vhdl_textio.vpi";
:vpi_module "C:\iverilog\lib\ivl\v2005_math.vpi";
:vpi_module "C:\iverilog\lib\ivl\va_math.vpi";
S_000001cecde687a0 .scope module, "tb_cnt_2_10_FSM" "tb_cnt_2_10_FSM" 2 5;
 .timescale -9 -9;
v000001cecdebd6a0_0 .var *"_ivl_0", 0 0; Local signal
v000001cecdebde20_0 .var *"_ivl_1", 0 0; Local signal
v000001cecdebd740_0 .var "iclk", 0 0;
v000001cecdebcde0_0 .var "irstn", 0 0;
v000001cecdebcc00_0 .net "oQ", 7 0, L_000001cecdeba8d0;  1 drivers
S_000001cecde68930 .scope module, "DUT" "cnt_FSM" 2 10, 3 1 0, S_000001cecde687a0;
 .timescale 0 0;
    .port_info 0 /INPUT 1 "clk";
    .port_info 1 /INPUT 1 "rst_n";
    .port_info 2 /OUTPUT 8 "Q";
P_000001cecde32760 .param/l "COUNT0" 1 3 4, C4<00000001>;
P_000001cecde32798 .param/l "COUNT1" 1 3 5, C4<00000010>;
P_000001cecde327d0 .param/l "COUNT2" 1 3 6, C4<00000100>;
P_000001cecde32808 .param/l "COUNT3" 1 3 7, C4<00001000>;
P_000001cecde32840 .param/l "COUNT4" 1 3 8, C4<00010000>;
P_000001cecde32878 .param/l "COUNT5" 1 3 9, C4<00100000>;
P_000001cecde328b0 .param/l "COUNT6" 1 3 10, C4<01000000>;
P_000001cecde328e8 .param/l "COUNT7" 1 3 11, C4<10000000>;
P_000001cecde32920 .param/l "RESET" 1 3 3, +C4<00000000000000000000000000000000>;
v000001cecde5a500_0 .net "Q", 7 0, L_000001cecdeba8d0;  alias, 1 drivers
v000001cecde5a960_0 .net *"_ivl_0", 31 0, L_000001cecdebcfc0;  1 drivers
L_000001cecdec7180 .functor BUFT 1, C4<00000001>, C4<0>, C4<0>, C4<0>;
v000001cecde5ac80_0 .net/2u *"_ivl_10", 7 0, L_000001cecdec7180;  1 drivers
v000001cecde5b0e0_0 .net *"_ivl_12", 0 0, L_000001cecdebda60;  1 drivers
L_000001cecdec71c8 .functor BUFT 1, C4<00000001>, C4<0>, C4<0>, C4<0>;
v000001cecde5adc0_0 .net/2u *"_ivl_14", 7 0, L_000001cecdec71c8;  1 drivers
L_000001cecdec7210 .functor BUFT 1, C4<00000010>, C4<0>, C4<0>, C4<0>;
v000001cecde5ae60_0 .net/2u *"_ivl_16", 7 0, L_000001cecdec7210;  1 drivers
v000001cecde5afa0_0 .net *"_ivl_18", 0 0, L_000001cecdebdb00;  1 drivers
L_000001cecdec7258 .functor BUFT 1, C4<00000010>, C4<0>, C4<0>, C4<0>;
v000001cecde5b180_0 .net/2u *"_ivl_20", 7 0, L_000001cecdec7258;  1 drivers
L_000001cecdec72a0 .functor BUFT 1, C4<00000100>, C4<0>, C4<0>, C4<0>;
v000001cecde5b2c0_0 .net/2u *"_ivl_22", 7 0, L_000001cecdec72a0;  1 drivers
v000001cecde5a5a0_0 .net *"_ivl_24", 0 0, L_000001cecdebdc40;  1 drivers
L_000001cecdec72e8 .functor BUFT 1, C4<00000100>, C4<0>, C4<0>, C4<0>;
v000001cecdebc340_0 .net/2u *"_ivl_26", 7 0, L_000001cecdec72e8;  1 drivers
L_000001cecdec7330 .functor BUFT 1, C4<00001000>, C4<0>, C4<0>, C4<0>;
v000001cecdebd7e0_0 .net/2u *"_ivl_28", 7 0, L_000001cecdec7330;  1 drivers
L_000001cecdec70a8 .functor BUFT 1, C4<000000000000000000000000>, C4<0>, C4<0>, C4<0>;
v000001cecdebd880_0 .net *"_ivl_3", 23 0, L_000001cecdec70a8;  1 drivers
v000001cecdebce80_0 .net *"_ivl_30", 0 0, L_000001cecdebc5c0;  1 drivers
L_000001cecdec7378 .functor BUFT 1, C4<00001000>, C4<0>, C4<0>, C4<0>;
v000001cecdebc840_0 .net/2u *"_ivl_32", 7 0, L_000001cecdec7378;  1 drivers
L_000001cecdec73c0 .functor BUFT 1, C4<00010000>, C4<0>, C4<0>, C4<0>;
v000001cecdebd600_0 .net/2u *"_ivl_34", 7 0, L_000001cecdec73c0;  1 drivers
v000001cecdebc3e0_0 .net *"_ivl_36", 0 0, L_000001cecdebc200;  1 drivers
L_000001cecdec7408 .functor BUFT 1, C4<00010000>, C4<0>, C4<0>, C4<0>;
v000001cecdebd1a0_0 .net/2u *"_ivl_38", 7 0, L_000001cecdec7408;  1 drivers
L_000001cecdec70f0 .functor BUFT 1, C4<00000000000000000000000000000000>, C4<0>, C4<0>, C4<0>;
v000001cecdebcca0_0 .net/2u *"_ivl_4", 31 0, L_000001cecdec70f0;  1 drivers
L_000001cecdec7450 .functor BUFT 1, C4<00100000>, C4<0>, C4<0>, C4<0>;
v000001cecdebc980_0 .net/2u *"_ivl_40", 7 0, L_000001cecdec7450;  1 drivers
v000001cecdebc700_0 .net *"_ivl_42", 0 0, L_000001cecdebdce0;  1 drivers
L_000001cecdec7498 .functor BUFT 1, C4<00100000>, C4<0>, C4<0>, C4<0>;
v000001cecdebc7a0_0 .net/2u *"_ivl_44", 7 0, L_000001cecdec7498;  1 drivers
L_000001cecdec74e0 .functor BUFT 1, C4<01000000>, C4<0>, C4<0>, C4<0>;
v000001cecdebc0c0_0 .net/2u *"_ivl_46", 7 0, L_000001cecdec74e0;  1 drivers
v000001cecdebd2e0_0 .net *"_ivl_48", 0 0, L_000001cecdebdd80;  1 drivers
L_000001cecdec7528 .functor BUFT 1, C4<01000000>, C4<0>, C4<0>, C4<0>;
v000001cecdebc660_0 .net/2u *"_ivl_50", 7 0, L_000001cecdec7528;  1 drivers
L_000001cecdec7570 .functor BUFT 1, C4<10000000>, C4<0>, C4<0>, C4<0>;
v000001cecdebc160_0 .net/2u *"_ivl_52", 7 0, L_000001cecdec7570;  1 drivers
v000001cecdebc8e0_0 .net *"_ivl_54", 0 0, L_000001cecdebcb60;  1 drivers
L_000001cecdec75b8 .functor BUFT 1, C4<10000000>, C4<0>, C4<0>, C4<0>;
v000001cecdebca20_0 .net/2u *"_ivl_56", 7 0, L_000001cecdec75b8;  1 drivers
L_000001cecdec7600 .functor BUFT 1, C4<00000000>, C4<0>, C4<0>, C4<0>;
v000001cecdebc480_0 .net/2u *"_ivl_58", 7 0, L_000001cecdec7600;  1 drivers
v000001cecdebd920_0 .net *"_ivl_6", 0 0, L_000001cecdebdec0;  1 drivers
v000001cecdebd9c0_0 .net *"_ivl_60", 7 0, L_000001cecdebdf60;  1 drivers
v000001cecdebcd40_0 .net *"_ivl_62", 7 0, L_000001cecdebc2a0;  1 drivers
v000001cecdebd560_0 .net *"_ivl_64", 7 0, L_000001cecdebb050;  1 drivers
v000001cecdebd060_0 .net *"_ivl_66", 7 0, L_000001cecdebb0f0;  1 drivers
v000001cecdebc520_0 .net *"_ivl_68", 7 0, L_000001cecdebb9b0;  1 drivers
v000001cecdebcf20_0 .net *"_ivl_70", 7 0, L_000001cecdeba830;  1 drivers
v000001cecdebd100_0 .net *"_ivl_72", 7 0, L_000001cecdebbaf0;  1 drivers
v000001cecdebdba0_0 .net *"_ivl_74", 7 0, L_000001cecdebb550;  1 drivers
L_000001cecdec7138 .functor BUFT 1, C4<00000000>, C4<0>, C4<0>, C4<0>;
v000001cecdebd240_0 .net/2u *"_ivl_8", 7 0, L_000001cecdec7138;  1 drivers
v000001cecdebcac0_0 .net "clk", 0 0, v000001cecdebd740_0;  1 drivers
v000001cecdebd4c0_0 .var "nextstate", 7 0;
v000001cecdebd380_0 .net "rst_n", 0 0, v000001cecdebcde0_0;  1 drivers
v000001cecdebd420_0 .var "state", 7 0;
E_000001cecde5c430 .event anyedge, v000001cecdebd420_0;
E_000001cecde5c0b0/0 .event negedge, v000001cecdebd380_0;
E_000001cecde5c0b0/1 .event posedge, v000001cecdebcac0_0;
E_000001cecde5c0b0 .event/or E_000001cecde5c0b0/0, E_000001cecde5c0b0/1;
L_000001cecdebcfc0 .concat [ 8 24 0 0], v000001cecdebd420_0, L_000001cecdec70a8;
L_000001cecdebdec0 .cmp/eq 32, L_000001cecdebcfc0, L_000001cecdec70f0;
L_000001cecdebda60 .cmp/eq 8, v000001cecdebd420_0, L_000001cecdec7180;
L_000001cecdebdb00 .cmp/eq 8, v000001cecdebd420_0, L_000001cecdec7210;
L_000001cecdebdc40 .cmp/eq 8, v000001cecdebd420_0, L_000001cecdec72a0;
L_000001cecdebc5c0 .cmp/eq 8, v000001cecdebd420_0, L_000001cecdec7330;
L_000001cecdebc200 .cmp/eq 8, v000001cecdebd420_0, L_000001cecdec73c0;
L_000001cecdebdce0 .cmp/eq 8, v000001cecdebd420_0, L_000001cecdec7450;
L_000001cecdebdd80 .cmp/eq 8, v000001cecdebd420_0, L_000001cecdec74e0;
L_000001cecdebcb60 .cmp/eq 8, v000001cecdebd420_0, L_000001cecdec7570;
L_000001cecdebdf60 .functor MUXZ 8, L_000001cecdec7600, L_000001cecdec75b8, L_000001cecdebcb60, C4<>;
L_000001cecdebc2a0 .functor MUXZ 8, L_000001cecdebdf60, L_000001cecdec7528, L_000001cecdebdd80, C4<>;
L_000001cecdebb050 .functor MUXZ 8, L_000001cecdebc2a0, L_000001cecdec7498, L_000001cecdebdce0, C4<>;
L_000001cecdebb0f0 .functor MUXZ 8, L_000001cecdebb050, L_000001cecdec7408, L_000001cecdebc200, C4<>;
L_000001cecdebb9b0 .functor MUXZ 8, L_000001cecdebb0f0, L_000001cecdec7378, L_000001cecdebc5c0, C4<>;
L_000001cecdeba830 .functor MUXZ 8, L_000001cecdebb9b0, L_000001cecdec72e8, L_000001cecdebdc40, C4<>;
L_000001cecdebbaf0 .functor MUXZ 8, L_000001cecdeba830, L_000001cecdec7258, L_000001cecdebdb00, C4<>;
L_000001cecdebb550 .functor MUXZ 8, L_000001cecdebbaf0, L_000001cecdec71c8, L_000001cecdebda60, C4<>;
L_000001cecdeba8d0 .functor MUXZ 8, L_000001cecdebb550, L_000001cecdec7138, L_000001cecdebdec0, C4<>;
    .scope S_000001cecde68930;
T_0 ;
    %wait E_000001cecde5c0b0;
    %load/vec4 v000001cecdebd380_0;
    %nor/r;
    %flag_set/vec4 8;
    %jmp/0xz  T_0.0, 8;
    %pushi/vec4 0, 0, 8;
    %store/vec4 v000001cecdebd420_0, 0, 8;
    %jmp T_0.1;
T_0.0 ;
    %load/vec4 v000001cecdebd4c0_0;
    %store/vec4 v000001cecdebd420_0, 0, 8;
T_0.1 ;
    %jmp T_0;
    .thread T_0;
    .scope S_000001cecde68930;
T_1 ;
    %wait E_000001cecde5c430;
    %load/vec4 v000001cecdebd420_0;
    %dup/vec4;
    %pushi/vec4 0, 0, 8;
    %cmp/u;
    %jmp/1 T_1.0, 6;
    %dup/vec4;
    %pushi/vec4 1, 0, 8;
    %cmp/u;
    %jmp/1 T_1.1, 6;
    %dup/vec4;
    %pushi/vec4 2, 0, 8;
    %cmp/u;
    %jmp/1 T_1.2, 6;
    %dup/vec4;
    %pushi/vec4 4, 0, 8;
    %cmp/u;
    %jmp/1 T_1.3, 6;
    %dup/vec4;
    %pushi/vec4 8, 0, 8;
    %cmp/u;
    %jmp/1 T_1.4, 6;
    %dup/vec4;
    %pushi/vec4 16, 0, 8;
    %cmp/u;
    %jmp/1 T_1.5, 6;
    %dup/vec4;
    %pushi/vec4 32, 0, 8;
    %cmp/u;
    %jmp/1 T_1.6, 6;
    %dup/vec4;
    %pushi/vec4 64, 0, 8;
    %cmp/u;
    %jmp/1 T_1.7, 6;
    %dup/vec4;
    %pushi/vec4 128, 0, 8;
    %cmp/u;
    %jmp/1 T_1.8, 6;
    %pushi/vec4 0, 0, 8;
    %store/vec4 v000001cecdebd4c0_0, 0, 8;
    %jmp T_1.10;
T_1.0 ;
    %pushi/vec4 1, 0, 8;
    %store/vec4 v000001cecdebd4c0_0, 0, 8;
    %jmp T_1.10;
T_1.1 ;
    %pushi/vec4 2, 0, 8;
    %store/vec4 v000001cecdebd4c0_0, 0, 8;
    %jmp T_1.10;
T_1.2 ;
    %pushi/vec4 4, 0, 8;
    %store/vec4 v000001cecdebd4c0_0, 0, 8;
    %jmp T_1.10;
T_1.3 ;
    %pushi/vec4 8, 0, 8;
    %store/vec4 v000001cecdebd4c0_0, 0, 8;
    %jmp T_1.10;
T_1.4 ;
    %pushi/vec4 16, 0, 8;
    %store/vec4 v000001cecdebd4c0_0, 0, 8;
    %jmp T_1.10;
T_1.5 ;
    %pushi/vec4 32, 0, 8;
    %store/vec4 v000001cecdebd4c0_0, 0, 8;
    %jmp T_1.10;
T_1.6 ;
    %pushi/vec4 64, 0, 8;
    %store/vec4 v000001cecdebd4c0_0, 0, 8;
    %jmp T_1.10;
T_1.7 ;
    %pushi/vec4 128, 0, 8;
    %store/vec4 v000001cecdebd4c0_0, 0, 8;
    %jmp T_1.10;
T_1.8 ;
    %pushi/vec4 1, 0, 8;
    %store/vec4 v000001cecdebd4c0_0, 0, 8;
    %jmp T_1.10;
T_1.10 ;
    %pop/vec4 1;
    %jmp T_1;
    .thread T_1, $push;
    .scope S_000001cecde687a0;
T_2 ;
    %pushi/vec4 0, 0, 1;
    %store/vec4 v000001cecdebd740_0, 0, 1;
    %pushi/vec4 1, 0, 1;
    %store/vec4 v000001cecdebcde0_0, 0, 1;
    %end;
    .thread T_2;
    .scope S_000001cecde687a0;
T_3 ;
    %delay 10, 0;
    %load/vec4 v000001cecdebd740_0;
    %inv;
    %store/vec4 v000001cecdebd740_0, 0, 1;
    %jmp T_3;
    .thread T_3;
    .scope S_000001cecde687a0;
T_4 ;
    %load/vec4 v000001cecdebcde0_0;
    %inv;
    %store/vec4 v000001cecdebd6a0_0, 0, 1;
    %pushi/vec4 20, 0, 64;
    %ix/vec4 4;
    %delayx 4;
    %load/vec4 v000001cecdebd6a0_0;
    %store/vec4 v000001cecdebcde0_0, 0, 1;
    %load/vec4 v000001cecdebcde0_0;
    %inv;
    %store/vec4 v000001cecdebde20_0, 0, 1;
    %pushi/vec4 20, 0, 64;
    %ix/vec4 4;
    %delayx 4;
    %load/vec4 v000001cecdebde20_0;
    %store/vec4 v000001cecdebcde0_0, 0, 1;
    %end;
    .thread T_4;
    .scope S_000001cecde687a0;
T_5 ;
    %vpi_call 2 28 "$dumpvars" {0 0 0};
    %delay 300, 0;
    %vpi_call 2 29 "$finish" {0 0 0};
    %end;
    .thread T_5;
# The file index is used to find the file name in the following table.
:file_names 4;
    "N/A";
    "<interactive>";
    "tb_cnt_FSM.v";
    "./cnt_FSM.v";
