#! /c/Source/iverilog-install/bin/vvp
:ivl_version "12.0 (devel)" "(s20150603-1539-g2693dd32b)";
:ivl_delay_selection "TYPICAL";
:vpi_time_precision + 0;
:vpi_module "C:\iverilog\lib\ivl\system.vpi";
:vpi_module "C:\iverilog\lib\ivl\vhdl_sys.vpi";
:vpi_module "C:\iverilog\lib\ivl\vhdl_textio.vpi";
:vpi_module "C:\iverilog\lib\ivl\v2005_math.vpi";
:vpi_module "C:\iverilog\lib\ivl\va_math.vpi";
S_000002cb4de063e0 .scope module, "traffic_light" "traffic_light" 2 2;
 .timescale 0 0;
    .port_info 0 /INPUT 1 "clk";
    .port_info 1 /INPUT 1 "res";
    .port_info 2 /OUTPUT 2 "out_state";
P_000002cb4de06570 .param/l "GREEN" 1 2 8, +C4<00000000000000000000000000000010>;
P_000002cb4de065a8 .param/l "RED" 1 2 8, +C4<00000000000000000000000000000000>;
P_000002cb4de065e0 .param/l "YELLOW1" 1 2 8, +C4<00000000000000000000000000000001>;
P_000002cb4de06618 .param/l "YELLOW2" 1 2 8, +C4<00000000000000000000000000000011>;
L_000002cb4ddffca0 .functor AND 1, L_000002cb4de63b50, L_000002cb4de638d0, C4<1>, C4<1>;
L_000002cb4de00560 .functor OR 1, L_000002cb4de653b0, L_000002cb4de65770, C4<0>, C4<0>;
L_000002cb4ddff840 .functor AND 1, L_000002cb4de00560, L_000002cb4de63970, C4<1>, C4<1>;
L_000002cb4ddff8b0 .functor OR 1, L_000002cb4ddffca0, L_000002cb4ddff840, C4<0>, C4<0>;
L_000002cb4de00090 .functor AND 1, L_000002cb4de649b0, L_000002cb4de63ab0, C4<1>, C4<1>;
L_000002cb4de00250 .functor OR 1, L_000002cb4ddff8b0, L_000002cb4de00090, C4<0>, C4<0>;
L_000002cb4de00170 .functor BUFZ 2, v000002cb4de65450_0, C4<00>, C4<00>, C4<00>;
v000002cb4ddfd2b0_0 .net *"_ivl_0", 31 0, L_000002cb4de64e10;  1 drivers
L_000002cb4de65928 .functor BUFT 1, C4<00000000000000000000000000>, C4<0>, C4<0>, C4<0>;
v000002cb4ddfd710_0 .net *"_ivl_11", 25 0, L_000002cb4de65928;  1 drivers
L_000002cb4de65970 .functor BUFT 1, C4<00000000000000000000000000101000>, C4<0>, C4<0>, C4<0>;
v000002cb4ddfd350_0 .net/2u *"_ivl_12", 31 0, L_000002cb4de65970;  1 drivers
v000002cb4ddfd3f0_0 .net *"_ivl_14", 0 0, L_000002cb4de638d0;  1 drivers
v000002cb4ddfd170_0 .net *"_ivl_17", 0 0, L_000002cb4ddffca0;  1 drivers
v000002cb4ddfd490_0 .net *"_ivl_18", 31 0, L_000002cb4de647d0;  1 drivers
L_000002cb4de659b8 .functor BUFT 1, C4<000000000000000000000000000000>, C4<0>, C4<0>, C4<0>;
v000002cb4ddfcdb0_0 .net *"_ivl_21", 29 0, L_000002cb4de659b8;  1 drivers
L_000002cb4de65a00 .functor BUFT 1, C4<00000000000000000000000000000001>, C4<0>, C4<0>, C4<0>;
v000002cb4ddfce50_0 .net/2u *"_ivl_22", 31 0, L_000002cb4de65a00;  1 drivers
v000002cb4ddfcf90_0 .net *"_ivl_24", 0 0, L_000002cb4de653b0;  1 drivers
v000002cb4ddfd530_0 .net *"_ivl_26", 31 0, L_000002cb4de64c30;  1 drivers
L_000002cb4de65a48 .functor BUFT 1, C4<000000000000000000000000000000>, C4<0>, C4<0>, C4<0>;
v000002cb4ddfd7b0_0 .net *"_ivl_29", 29 0, L_000002cb4de65a48;  1 drivers
L_000002cb4de65898 .functor BUFT 1, C4<000000000000000000000000000000>, C4<0>, C4<0>, C4<0>;
v000002cb4ddfd8f0_0 .net *"_ivl_3", 29 0, L_000002cb4de65898;  1 drivers
L_000002cb4de65a90 .functor BUFT 1, C4<00000000000000000000000000000011>, C4<0>, C4<0>, C4<0>;
v000002cb4de64550_0 .net/2u *"_ivl_30", 31 0, L_000002cb4de65a90;  1 drivers
v000002cb4de644b0_0 .net *"_ivl_32", 0 0, L_000002cb4de65770;  1 drivers
v000002cb4de65130_0 .net *"_ivl_35", 0 0, L_000002cb4de00560;  1 drivers
v000002cb4de63f10_0 .net *"_ivl_36", 31 0, L_000002cb4de63e70;  1 drivers
L_000002cb4de65ad8 .functor BUFT 1, C4<00000000000000000000000000>, C4<0>, C4<0>, C4<0>;
v000002cb4de651d0_0 .net *"_ivl_39", 25 0, L_000002cb4de65ad8;  1 drivers
L_000002cb4de658e0 .functor BUFT 1, C4<00000000000000000000000000000000>, C4<0>, C4<0>, C4<0>;
v000002cb4de64a50_0 .net/2u *"_ivl_4", 31 0, L_000002cb4de658e0;  1 drivers
L_000002cb4de65b20 .functor BUFT 1, C4<00000000000000000000000000000011>, C4<0>, C4<0>, C4<0>;
v000002cb4de64d70_0 .net/2u *"_ivl_40", 31 0, L_000002cb4de65b20;  1 drivers
v000002cb4de64cd0_0 .net *"_ivl_42", 0 0, L_000002cb4de63970;  1 drivers
v000002cb4de63bf0_0 .net *"_ivl_45", 0 0, L_000002cb4ddff840;  1 drivers
v000002cb4de65590_0 .net *"_ivl_47", 0 0, L_000002cb4ddff8b0;  1 drivers
v000002cb4de64eb0_0 .net *"_ivl_48", 31 0, L_000002cb4de63a10;  1 drivers
L_000002cb4de65b68 .functor BUFT 1, C4<000000000000000000000000000000>, C4<0>, C4<0>, C4<0>;
v000002cb4de64370_0 .net *"_ivl_51", 29 0, L_000002cb4de65b68;  1 drivers
L_000002cb4de65bb0 .functor BUFT 1, C4<00000000000000000000000000000010>, C4<0>, C4<0>, C4<0>;
v000002cb4de65270_0 .net/2u *"_ivl_52", 31 0, L_000002cb4de65bb0;  1 drivers
v000002cb4de64af0_0 .net *"_ivl_54", 0 0, L_000002cb4de649b0;  1 drivers
v000002cb4de64b90_0 .net *"_ivl_56", 31 0, L_000002cb4de65310;  1 drivers
L_000002cb4de65bf8 .functor BUFT 1, C4<00000000000000000000000000>, C4<0>, C4<0>, C4<0>;
v000002cb4de64f50_0 .net *"_ivl_59", 25 0, L_000002cb4de65bf8;  1 drivers
v000002cb4de63c90_0 .net *"_ivl_6", 0 0, L_000002cb4de63b50;  1 drivers
L_000002cb4de65c40 .functor BUFT 1, C4<00000000000000000000000000010101>, C4<0>, C4<0>, C4<0>;
v000002cb4de65630_0 .net/2u *"_ivl_60", 31 0, L_000002cb4de65c40;  1 drivers
v000002cb4de64050_0 .net *"_ivl_62", 0 0, L_000002cb4de63ab0;  1 drivers
v000002cb4de64410_0 .net *"_ivl_65", 0 0, L_000002cb4de00090;  1 drivers
v000002cb4de654f0_0 .net *"_ivl_8", 31 0, L_000002cb4de64730;  1 drivers
o000002cb4de0e008 .functor BUFZ 1, C4<z>; HiZ drive
v000002cb4de63d30_0 .net "clk", 0 0, o000002cb4de0e008;  0 drivers
v000002cb4de64ff0_0 .net "clk_1Hz", 0 0, v000002cb4ddfdc10_0;  1 drivers
v000002cb4de64690_0 .var "cnt", 5 0;
v000002cb4de65090_0 .var "next_state", 1 0;
v000002cb4de63dd0_0 .net "out_state", 1 0, L_000002cb4de00170;  1 drivers
v000002cb4de656d0_0 .net "proverka", 0 0, L_000002cb4de00250;  1 drivers
o000002cb4de0e068 .functor BUFZ 1, C4<z>; HiZ drive
v000002cb4de645f0_0 .net "res", 0 0, o000002cb4de0e068;  0 drivers
v000002cb4de65450_0 .var "state", 1 0;
v000002cb4de64230_0 .var "txstate", 63 0;
E_000002cb4ddf6fe0/0 .event negedge, v000002cb4ddfd5d0_0;
E_000002cb4ddf6fe0/1 .event posedge, v000002cb4ddfdc10_0;
E_000002cb4ddf6fe0 .event/or E_000002cb4ddf6fe0/0, E_000002cb4ddf6fe0/1;
E_000002cb4ddf7460 .event anyedge, v000002cb4de65450_0, v000002cb4de64690_0;
E_000002cb4ddf75a0 .event anyedge, v000002cb4de65450_0;
L_000002cb4de64e10 .concat [ 2 30 0 0], v000002cb4de65450_0, L_000002cb4de65898;
L_000002cb4de63b50 .cmp/eq 32, L_000002cb4de64e10, L_000002cb4de658e0;
L_000002cb4de64730 .concat [ 6 26 0 0], v000002cb4de64690_0, L_000002cb4de65928;
L_000002cb4de638d0 .cmp/eq 32, L_000002cb4de64730, L_000002cb4de65970;
L_000002cb4de647d0 .concat [ 2 30 0 0], v000002cb4de65450_0, L_000002cb4de659b8;
L_000002cb4de653b0 .cmp/eq 32, L_000002cb4de647d0, L_000002cb4de65a00;
L_000002cb4de64c30 .concat [ 2 30 0 0], v000002cb4de65450_0, L_000002cb4de65a48;
L_000002cb4de65770 .cmp/eq 32, L_000002cb4de64c30, L_000002cb4de65a90;
L_000002cb4de63e70 .concat [ 6 26 0 0], v000002cb4de64690_0, L_000002cb4de65ad8;
L_000002cb4de63970 .cmp/eq 32, L_000002cb4de63e70, L_000002cb4de65b20;
L_000002cb4de63a10 .concat [ 2 30 0 0], v000002cb4de65450_0, L_000002cb4de65b68;
L_000002cb4de649b0 .cmp/eq 32, L_000002cb4de63a10, L_000002cb4de65bb0;
L_000002cb4de65310 .concat [ 6 26 0 0], v000002cb4de64690_0, L_000002cb4de65bf8;
L_000002cb4de63ab0 .cmp/eq 32, L_000002cb4de65310, L_000002cb4de65c40;
S_000002cb4de06660 .scope module, "one_second" "timer" 2 27, 3 1 0, S_000002cb4de063e0;
 .timescale 0 0;
    .port_info 0 /INPUT 1 "clk_50MHz";
    .port_info 1 /INPUT 1 "res";
    .port_info 2 /OUTPUT 1 "clk_1Hz";
P_000002cb4ddf7560 .param/l "bit" 0 3 1, +C4<00000000000000000000000000000101>;
v000002cb4ddfdc10_0 .var "clk_1Hz", 0 0;
v000002cb4ddfd670_0 .net "clk_50MHz", 0 0, o000002cb4de0e008;  alias, 0 drivers
v000002cb4ddfd030_0 .var "cnt", 5 0;
v000002cb4ddfd5d0_0 .net "res", 0 0, o000002cb4de0e068;  alias, 0 drivers
E_000002cb4ddf7620/0 .event negedge, v000002cb4ddfd5d0_0;
E_000002cb4ddf7620/1 .event posedge, v000002cb4ddfd670_0;
E_000002cb4ddf7620 .event/or E_000002cb4ddf7620/0, E_000002cb4ddf7620/1;
    .scope S_000002cb4de06660;
T_0 ;
    %wait E_000002cb4ddf7620;
    %load/vec4 v000002cb4ddfd5d0_0;
    %nor/r;
    %flag_set/vec4 8;
    %jmp/0xz  T_0.0, 8;
    %pushi/vec4 0, 0, 6;
    %assign/vec4 v000002cb4ddfd030_0, 0;
    %pushi/vec4 0, 0, 1;
    %assign/vec4 v000002cb4ddfdc10_0, 0;
    %jmp T_0.1;
T_0.0 ;
    %load/vec4 v000002cb4ddfd030_0;
    %pad/u 32;
    %cmpi/e 25, 0, 32;
    %jmp/0xz  T_0.2, 4;
    %pushi/vec4 0, 0, 6;
    %assign/vec4 v000002cb4ddfd030_0, 0;
    %load/vec4 v000002cb4ddfdc10_0;
    %inv;
    %assign/vec4 v000002cb4ddfdc10_0, 0;
    %jmp T_0.3;
T_0.2 ;
    %load/vec4 v000002cb4ddfd030_0;
    %addi 1, 0, 6;
    %store/vec4 v000002cb4ddfd030_0, 0, 6;
T_0.3 ;
T_0.1 ;
    %jmp T_0;
    .thread T_0;
    .scope S_000002cb4de063e0;
T_1 ;
    %wait E_000002cb4ddf75a0;
    %load/vec4 v000002cb4de65450_0;
    %dup/vec4;
    %pushi/vec4 0, 0, 2;
    %cmp/u;
    %jmp/1 T_1.0, 6;
    %dup/vec4;
    %pushi/vec4 1, 0, 2;
    %cmp/u;
    %jmp/1 T_1.1, 6;
    %dup/vec4;
    %pushi/vec4 2, 0, 2;
    %cmp/u;
    %jmp/1 T_1.2, 6;
    %dup/vec4;
    %pushi/vec4 3, 0, 2;
    %cmp/u;
    %jmp/1 T_1.3, 6;
    %jmp T_1.4;
T_1.0 ;
    %pushi/vec4 0, 0, 32; draw_string_vec4
    %pushi/vec4 5391684, 0, 32; draw_string_vec4
    %concat/vec4; draw_string_vec4
    %store/vec4 v000002cb4de64230_0, 0, 64;
    %jmp T_1.4;
T_1.1 ;
    %pushi/vec4 22853, 0, 32; draw_string_vec4
    %pushi/vec4 1280069463, 0, 32; draw_string_vec4
    %concat/vec4; draw_string_vec4
    %store/vec4 v000002cb4de64230_0, 0, 64;
    %jmp T_1.4;
T_1.2 ;
    %pushi/vec4 71, 0, 32; draw_string_vec4
    %pushi/vec4 1380271438, 0, 32; draw_string_vec4
    %concat/vec4; draw_string_vec4
    %store/vec4 v000002cb4de64230_0, 0, 64;
    %jmp T_1.4;
T_1.3 ;
    %pushi/vec4 5850444, 0, 32; draw_string_vec4
    %pushi/vec4 1280268082, 0, 32; draw_string_vec4
    %concat/vec4; draw_string_vec4
    %store/vec4 v000002cb4de64230_0, 0, 64;
    %jmp T_1.4;
T_1.4 ;
    %pop/vec4 1;
    %jmp T_1;
    .thread T_1, $push;
    .scope S_000002cb4de063e0;
T_2 ;
    %wait E_000002cb4ddf6fe0;
    %load/vec4 v000002cb4de645f0_0;
    %nor/r;
    %flag_set/vec4 8;
    %jmp/0xz  T_2.0, 8;
    %pushi/vec4 0, 0, 6;
    %assign/vec4 v000002cb4de64690_0, 0;
    %jmp T_2.1;
T_2.0 ;
    %load/vec4 v000002cb4de656d0_0;
    %flag_set/vec4 8;
    %jmp/0xz  T_2.2, 8;
    %pushi/vec4 0, 0, 6;
    %assign/vec4 v000002cb4de64690_0, 0;
    %jmp T_2.3;
T_2.2 ;
    %load/vec4 v000002cb4de64690_0;
    %addi 1, 0, 6;
    %assign/vec4 v000002cb4de64690_0, 0;
T_2.3 ;
T_2.1 ;
    %jmp T_2;
    .thread T_2;
    .scope S_000002cb4de063e0;
T_3 ;
    %wait E_000002cb4ddf7460;
    %load/vec4 v000002cb4de65450_0;
    %dup/vec4;
    %pushi/vec4 0, 0, 2;
    %cmp/u;
    %jmp/1 T_3.0, 6;
    %dup/vec4;
    %pushi/vec4 1, 0, 2;
    %cmp/u;
    %jmp/1 T_3.1, 6;
    %dup/vec4;
    %pushi/vec4 2, 0, 2;
    %cmp/u;
    %jmp/1 T_3.2, 6;
    %dup/vec4;
    %pushi/vec4 3, 0, 2;
    %cmp/u;
    %jmp/1 T_3.3, 6;
    %jmp T_3.4;
T_3.0 ;
    %load/vec4 v000002cb4de64690_0;
    %pad/u 32;
    %cmpi/e 40, 0, 32;
    %flag_mov 8, 4;
    %jmp/0 T_3.5, 8;
    %pushi/vec4 1, 0, 32;
    %jmp/1 T_3.6, 8;
T_3.5 ; End of true expr.
    %pushi/vec4 0, 0, 32;
    %jmp/0 T_3.6, 8;
 ; End of false expr.
    %blend;
T_3.6;
    %pad/s 2;
    %store/vec4 v000002cb4de65090_0, 0, 2;
    %jmp T_3.4;
T_3.1 ;
    %load/vec4 v000002cb4de64690_0;
    %pad/u 32;
    %cmpi/e 3, 0, 32;
    %flag_mov 8, 4;
    %jmp/0 T_3.7, 8;
    %pushi/vec4 2, 0, 32;
    %jmp/1 T_3.8, 8;
T_3.7 ; End of true expr.
    %pushi/vec4 1, 0, 32;
    %jmp/0 T_3.8, 8;
 ; End of false expr.
    %blend;
T_3.8;
    %pad/s 2;
    %store/vec4 v000002cb4de65090_0, 0, 2;
    %jmp T_3.4;
T_3.2 ;
    %load/vec4 v000002cb4de64690_0;
    %pad/u 32;
    %cmpi/e 21, 0, 32;
    %flag_mov 8, 4;
    %jmp/0 T_3.9, 8;
    %pushi/vec4 3, 0, 32;
    %jmp/1 T_3.10, 8;
T_3.9 ; End of true expr.
    %pushi/vec4 2, 0, 32;
    %jmp/0 T_3.10, 8;
 ; End of false expr.
    %blend;
T_3.10;
    %pad/s 2;
    %store/vec4 v000002cb4de65090_0, 0, 2;
    %jmp T_3.4;
T_3.3 ;
    %load/vec4 v000002cb4de64690_0;
    %pad/u 32;
    %cmpi/e 3, 0, 32;
    %flag_mov 8, 4;
    %jmp/0 T_3.11, 8;
    %pushi/vec4 0, 0, 32;
    %jmp/1 T_3.12, 8;
T_3.11 ; End of true expr.
    %pushi/vec4 3, 0, 32;
    %jmp/0 T_3.12, 8;
 ; End of false expr.
    %blend;
T_3.12;
    %pad/s 2;
    %store/vec4 v000002cb4de65090_0, 0, 2;
    %jmp T_3.4;
T_3.4 ;
    %pop/vec4 1;
    %jmp T_3;
    .thread T_3, $push;
    .scope S_000002cb4de063e0;
T_4 ;
    %wait E_000002cb4ddf6fe0;
    %load/vec4 v000002cb4de645f0_0;
    %nor/r;
    %flag_set/vec4 8;
    %jmp/0xz  T_4.0, 8;
    %pushi/vec4 0, 0, 2;
    %assign/vec4 v000002cb4de65450_0, 0;
    %jmp T_4.1;
T_4.0 ;
    %load/vec4 v000002cb4de65090_0;
    %assign/vec4 v000002cb4de65450_0, 0;
T_4.1 ;
    %jmp T_4;
    .thread T_4;
# The file index is used to find the file name in the following table.
:file_names 4;
    "N/A";
    "<interactive>";
    "traffic_light.v";
    "./timer.v";
