#! /c/Source/iverilog-install/bin/vvp
:ivl_version "12.0 (devel)" "(s20150603-1539-g2693dd32b)";
:ivl_delay_selection "TYPICAL";
:vpi_time_precision + 0;
:vpi_module "C:\iverilog\lib\ivl\system.vpi";
:vpi_module "C:\iverilog\lib\ivl\vhdl_sys.vpi";
:vpi_module "C:\iverilog\lib\ivl\vhdl_textio.vpi";
:vpi_module "C:\iverilog\lib\ivl\v2005_math.vpi";
:vpi_module "C:\iverilog\lib\ivl\va_math.vpi";
S_000002bf688c2830 .scope module, "div_new" "div_new" 2 1;
 .timescale 0 0;
    .port_info 0 /INPUT 5 "A";
    .port_info 1 /INPUT 5 "B";
    .port_info 2 /OUTPUT 5 "quotient";
    .port_info 3 /OUTPUT 5 "reminder";
    .port_info 4 /INPUT 1 "clk";
    .port_info 5 /INPUT 1 "res";
    .port_info 6 /INPUT 1 "load";
    .port_info 7 /OUTPUT 1 "error";
o000002bf688fffd8 .functor BUFZ 5, C4<zzzzz>; HiZ drive
v000002bf688c29c0_0 .net "A", 4 0, o000002bf688fffd8;  0 drivers
o000002bf68900008 .functor BUFZ 5, C4<zzzzz>; HiZ drive
v000002bf688c2a60_0 .net "B", 4 0, o000002bf68900008;  0 drivers
v000002bf688c2b00_0 .net *"_ivl_2", 31 0, L_000002bf6894c930;  1 drivers
L_000002bf6894d858 .functor BUFT 1, C4<0000000000000000000000000000>, C4<0>, C4<0>, C4<0>;
v000002bf688c2ba0_0 .net *"_ivl_5", 27 0, L_000002bf6894d858;  1 drivers
L_000002bf6894d8a0 .functor BUFT 1, C4<00000000000000000000000000000000>, C4<0>, C4<0>, C4<0>;
v000002bf6868bcd0_0 .net/2u *"_ivl_6", 31 0, L_000002bf6894d8a0;  1 drivers
o000002bf689000c8 .functor BUFZ 1, C4<z>; HiZ drive
v000002bf6868bd70_0 .net "clk", 0 0, o000002bf689000c8;  0 drivers
v000002bf6868be10_0 .var "cnt", 3 0;
v000002bf6868beb0_0 .var/s "divident_copy", 9 0;
v000002bf688f40e0_0 .var "divider", 4 0;
v000002bf688f4180_0 .var/s "divider_copy", 9 0;
v000002bf688f4220_0 .var "divisible", 4 0;
v000002bf688f42c0_0 .var "error", 0 0;
o000002bf68900218 .functor BUFZ 1, C4<z>; HiZ drive
v000002bf688f4360_0 .net "load", 0 0, o000002bf68900218;  0 drivers
v000002bf6894d510_0 .var "quotient", 4 0;
v000002bf6894d5b0_0 .net "ready", 0 0, L_000002bf6894cb10;  1 drivers
v000002bf6894ce30_0 .var "reminder", 4 0;
o000002bf689002d8 .functor BUFZ 1, C4<z>; HiZ drive
v000002bf6894d3d0_0 .net "res", 0 0, o000002bf689002d8;  0 drivers
v000002bf6894ccf0_0 .net/s "w_diff", 9 0, L_000002bf6894ca70;  1 drivers
E_000002bf688e5e30/0 .event negedge, v000002bf6894d3d0_0;
E_000002bf688e5e30/1 .event posedge, v000002bf6868bd70_0;
E_000002bf688e5e30 .event/or E_000002bf688e5e30/0, E_000002bf688e5e30/1;
L_000002bf6894ca70 .arith/sub 10, v000002bf6868beb0_0, v000002bf688f4180_0;
L_000002bf6894c930 .concat [ 4 28 0 0], v000002bf6868be10_0, L_000002bf6894d858;
L_000002bf6894cb10 .cmp/eq 32, L_000002bf6894c930, L_000002bf6894d8a0;
    .scope S_000002bf688c2830;
T_0 ;
    %wait E_000002bf688e5e30;
    %load/vec4 v000002bf6894d3d0_0;
    %nor/r;
    %flag_set/vec4 8;
    %jmp/0xz  T_0.0, 8;
    %pushi/vec4 0, 0, 10;
    %assign/vec4 v000002bf6868beb0_0, 0;
    %pushi/vec4 0, 0, 10;
    %assign/vec4 v000002bf688f4180_0, 0;
    %pushi/vec4 0, 0, 1;
    %assign/vec4 v000002bf688f42c0_0, 0;
    %pushi/vec4 0, 0, 4;
    %assign/vec4 v000002bf6868be10_0, 0;
    %pushi/vec4 0, 0, 5;
    %assign/vec4 v000002bf6894d510_0, 0;
    %pushi/vec4 0, 0, 5;
    %assign/vec4 v000002bf6894ce30_0, 0;
    %pushi/vec4 0, 0, 5;
    %assign/vec4 v000002bf688f4220_0, 0;
    %pushi/vec4 0, 0, 5;
    %assign/vec4 v000002bf688f40e0_0, 0;
    %jmp T_0.1;
T_0.0 ;
    %load/vec4 v000002bf688f4360_0;
    %flag_set/vec4 8;
    %jmp/0xz  T_0.2, 8;
    %load/vec4 v000002bf688c29c0_0;
    %pad/u 32;
    %cmpi/ne 0, 0, 32;
    %flag_get/vec4 4;
    %jmp/0 T_0.6, 4;
    %load/vec4 v000002bf688c2a60_0;
    %pad/u 32;
    %pushi/vec4 0, 0, 32;
    %cmp/ne;
    %flag_get/vec4 4;
    %and;
T_0.6;
    %flag_set/vec4 8;
    %jmp/0xz  T_0.4, 8;
    %load/vec4 v000002bf688c2a60_0;
    %load/vec4 v000002bf688c29c0_0;
    %cmp/u;
    %jmp/0xz  T_0.7, 5;
    %load/vec4 v000002bf688c29c0_0;
    %assign/vec4 v000002bf688f4220_0, 0;
    %load/vec4 v000002bf688c2a60_0;
    %assign/vec4 v000002bf688f40e0_0, 0;
    %pushi/vec4 0, 0, 1;
    %assign/vec4 v000002bf688f42c0_0, 0;
    %jmp T_0.8;
T_0.7 ;
    %load/vec4 v000002bf688c29c0_0;
    %load/vec4 v000002bf688c2a60_0;
    %cmp/u;
    %jmp/0xz  T_0.9, 5;
    %load/vec4 v000002bf688c2a60_0;
    %assign/vec4 v000002bf688f4220_0, 0;
    %load/vec4 v000002bf688c29c0_0;
    %assign/vec4 v000002bf688f40e0_0, 0;
    %pushi/vec4 0, 0, 1;
    %assign/vec4 v000002bf688f42c0_0, 0;
T_0.9 ;
T_0.8 ;
    %jmp T_0.5;
T_0.4 ;
    %pushi/vec4 1, 0, 1;
    %assign/vec4 v000002bf688f42c0_0, 0;
T_0.5 ;
    %jmp T_0.3;
T_0.2 ;
    %load/vec4 v000002bf6894d5b0_0;
    %flag_set/vec4 9;
    %flag_get/vec4 9;
    %jmp/0 T_0.13, 9;
    %load/vec4 v000002bf688f42c0_0;
    %nor/r;
    %and;
T_0.13;
    %flag_set/vec4 8;
    %jmp/0xz  T_0.11, 8;
    %pushi/vec4 5, 0, 4;
    %assign/vec4 v000002bf6868be10_0, 0;
    %pushi/vec4 0, 0, 5;
    %assign/vec4 v000002bf6894d510_0, 0;
    %pushi/vec4 0, 0, 5;
    %load/vec4 v000002bf688f4220_0;
    %concat/vec4; draw_concat_vec4
    %assign/vec4 v000002bf6868beb0_0, 0;
    %pushi/vec4 0, 0, 1;
    %load/vec4 v000002bf688f40e0_0;
    %concat/vec4; draw_concat_vec4
    %concati/vec4 0, 0, 4;
    %assign/vec4 v000002bf688f4180_0, 0;
    %load/vec4 v000002bf6868beb0_0;
    %parti/s 5, 0, 2;
    %store/vec4 v000002bf6894ce30_0, 0, 5;
    %jmp T_0.12;
T_0.11 ;
    %load/vec4 v000002bf6894d5b0_0;
    %nor/r;
    %flag_set/vec4 9;
    %flag_get/vec4 9;
    %jmp/0 T_0.16, 9;
    %load/vec4 v000002bf688f42c0_0;
    %nor/r;
    %and;
T_0.16;
    %flag_set/vec4 8;
    %jmp/0xz  T_0.14, 8;
    %load/vec4 v000002bf6868be10_0;
    %subi 1, 0, 4;
    %assign/vec4 v000002bf6868be10_0, 0;
    %load/vec4 v000002bf688f4180_0;
    %ix/load 4, 1, 0;
    %flag_set/imm 4, 0;
    %shiftr 4;
    %assign/vec4 v000002bf688f4180_0, 0;
    %load/vec4 v000002bf6894ccf0_0;
    %parti/s 1, 9, 5;
    %nor/r;
    %flag_set/vec4 8;
    %jmp/0xz  T_0.17, 8;
    %load/vec4 v000002bf6894ccf0_0;
    %assign/vec4 v000002bf6868beb0_0, 0;
    %load/vec4 v000002bf6894d510_0;
    %parti/s 4, 0, 2;
    %concati/vec4 1, 0, 1;
    %assign/vec4 v000002bf6894d510_0, 0;
    %jmp T_0.18;
T_0.17 ;
    %load/vec4 v000002bf6894d510_0;
    %parti/s 4, 0, 2;
    %concati/vec4 0, 0, 1;
    %assign/vec4 v000002bf6894d510_0, 0;
T_0.18 ;
    %jmp T_0.15;
T_0.14 ;
    %pushi/vec4 0, 0, 5;
    %assign/vec4 v000002bf6894d510_0, 0;
    %pushi/vec4 0, 0, 5;
    %assign/vec4 v000002bf6894ce30_0, 0;
T_0.15 ;
T_0.12 ;
T_0.3 ;
T_0.1 ;
    %jmp T_0;
    .thread T_0;
# The file index is used to find the file name in the following table.
:file_names 3;
    "N/A";
    "<interactive>";
    "div_new.v";
