Reading netlist file: "D:\repos\MPEI_repos\MPEI\MPEI_Magistracy\Term_one\digital_design\KM_3_seven_seg_and_lcd\Sipeed_Tang_Primer_20k\7seg\7seg_scrolling\impl\gwsynthesis\7seg_scrolling.vg"
Parsing netlist file "D:\repos\MPEI_repos\MPEI\MPEI_Magistracy\Term_one\digital_design\KM_3_seven_seg_and_lcd\Sipeed_Tang_Primer_20k\7seg\7seg_scrolling\impl\gwsynthesis\7seg_scrolling.vg" completed
Processing netlist completed
Reading constraint file: "D:\repos\MPEI_repos\MPEI\MPEI_Magistracy\Term_one\digital_design\KM_3_seven_seg_and_lcd\Sipeed_Tang_Primer_20k\7seg\7seg_scrolling\src\fpga_project.cst"
Physical Constraint parsed completed
Running placement......
[10%] Placement Phase 0 completed
[20%] Placement Phase 1 completed
[30%] Placement Phase 2 completed
[50%] Placement Phase 3 completed
Running routing......
[60%] Routing Phase 0 completed
[70%] Routing Phase 1 completed
[80%] Routing Phase 2 completed
[90%] Routing Phase 3 completed
Running timing analysis......
[95%] Timing analysis completed
Placement and routing completed
Bitstream generation in progress......
Bitstream generation completed
Running power analysis......
[100%] Power analysis completed
Generate file "D:\repos\MPEI_repos\MPEI\MPEI_Magistracy\Term_one\digital_design\KM_3_seven_seg_and_lcd\Sipeed_Tang_Primer_20k\7seg\7seg_scrolling\impl\pnr\7seg_scrolling.power.html" completed
Generate file "D:\repos\MPEI_repos\MPEI\MPEI_Magistracy\Term_one\digital_design\KM_3_seven_seg_and_lcd\Sipeed_Tang_Primer_20k\7seg\7seg_scrolling\impl\pnr\7seg_scrolling.pin.html" completed
Generate file "D:\repos\MPEI_repos\MPEI\MPEI_Magistracy\Term_one\digital_design\KM_3_seven_seg_and_lcd\Sipeed_Tang_Primer_20k\7seg\7seg_scrolling\impl\pnr\7seg_scrolling.rpt.html" completed
Generate file "D:\repos\MPEI_repos\MPEI\MPEI_Magistracy\Term_one\digital_design\KM_3_seven_seg_and_lcd\Sipeed_Tang_Primer_20k\7seg\7seg_scrolling\impl\pnr\7seg_scrolling.rpt.txt" completed
Generate file "D:\repos\MPEI_repos\MPEI\MPEI_Magistracy\Term_one\digital_design\KM_3_seven_seg_and_lcd\Sipeed_Tang_Primer_20k\7seg\7seg_scrolling\impl\pnr\7seg_scrolling.tr.html" completed
Thu Mar 21 15:42:23 2024

