#! /c/Source/iverilog-install/bin/vvp
:ivl_version "12.0 (devel)" "(s20150603-1539-g2693dd32b)";
:ivl_delay_selection "TYPICAL";
:vpi_time_precision - 9;
:vpi_module "C:\iverilog\lib\ivl\system.vpi";
:vpi_module "C:\iverilog\lib\ivl\vhdl_sys.vpi";
:vpi_module "C:\iverilog\lib\ivl\vhdl_textio.vpi";
:vpi_module "C:\iverilog\lib\ivl\v2005_math.vpi";
:vpi_module "C:\iverilog\lib\ivl\va_math.vpi";
S_000002934fd44560 .scope module, "tb_traffic_light_top" "tb_traffic_light_top" 2 4;
 .timescale -9 -9;
v000002934fdbdc60_0 .var "btn", 0 0;
v000002934fdbce00_0 .var "clk", 0 0;
v000002934fdbd3a0_0 .net "led0", 0 0, L_000002934fdcee50;  1 drivers
v000002934fdbdd00_0 .net "led1", 0 0, L_000002934fdcf530;  1 drivers
v000002934fdbdee0_0 .net "led2", 0 0, L_000002934fdcfcb0;  1 drivers
v000002934fdbd620_0 .var "res", 0 0;
S_000002934fd4ea50 .scope module, "DUT" "traffic_light_top" 2 10, 3 2 0, S_000002934fd44560;
 .timescale 0 0;
    .port_info 0 /INPUT 1 "clk";
    .port_info 1 /OUTPUT 1 "led0";
    .port_info 2 /OUTPUT 1 "led1";
    .port_info 3 /OUTPUT 1 "led2";
    .port_info 4 /INPUT 1 "btn_res";
    .port_info 5 /INPUT 1 "btn";
P_000002934fd43520 .param/l "GREEN" 1 3 8, +C4<00000000000000000000000000000010>;
P_000002934fd43558 .param/l "RED" 1 3 8, +C4<00000000000000000000000000000000>;
P_000002934fd43590 .param/l "YELLOW1" 1 3 8, +C4<00000000000000000000000000000001>;
P_000002934fd435c8 .param/l "YELLOW2" 1 3 8, +C4<00000000000000000000000000000011>;
L_000002934fd3c650 .functor OR 1, L_000002934fdcf710, L_000002934fdcf7b0, C4<0>, C4<0>;
v000002934fdbd080_0 .net *"_ivl_0", 31 0, L_000002934fdcec70;  1 drivers
L_000002934fe00550 .functor BUFT 1, C4<00>, C4<0>, C4<0>, C4<0>;
v000002934fdbe160_0 .net/2s *"_ivl_10", 1 0, L_000002934fe00550;  1 drivers
v000002934fdbd760_0 .net *"_ivl_12", 1 0, L_000002934fdd0070;  1 drivers
v000002934fdbd120_0 .net *"_ivl_16", 31 0, L_000002934fdd0110;  1 drivers
L_000002934fe00598 .functor BUFT 1, C4<000000000000000000000000000000>, C4<0>, C4<0>, C4<0>;
v000002934fdbc7c0_0 .net *"_ivl_19", 29 0, L_000002934fe00598;  1 drivers
L_000002934fe005e0 .functor BUFT 1, C4<00000000000000000000000000000001>, C4<0>, C4<0>, C4<0>;
v000002934fdbc720_0 .net/2u *"_ivl_20", 31 0, L_000002934fe005e0;  1 drivers
v000002934fdbdda0_0 .net *"_ivl_22", 0 0, L_000002934fdcf710;  1 drivers
v000002934fdbcea0_0 .net *"_ivl_24", 31 0, L_000002934fdd0250;  1 drivers
L_000002934fe00628 .functor BUFT 1, C4<000000000000000000000000000000>, C4<0>, C4<0>, C4<0>;
v000002934fdbe3e0_0 .net *"_ivl_27", 29 0, L_000002934fe00628;  1 drivers
L_000002934fe00670 .functor BUFT 1, C4<00000000000000000000000000000011>, C4<0>, C4<0>, C4<0>;
v000002934fdbd300_0 .net/2u *"_ivl_28", 31 0, L_000002934fe00670;  1 drivers
L_000002934fe00478 .functor BUFT 1, C4<000000000000000000000000000000>, C4<0>, C4<0>, C4<0>;
v000002934fdbcf40_0 .net *"_ivl_3", 29 0, L_000002934fe00478;  1 drivers
v000002934fdbc860_0 .net *"_ivl_30", 0 0, L_000002934fdcf7b0;  1 drivers
v000002934fdbe480_0 .net *"_ivl_32", 0 0, L_000002934fd3c650;  1 drivers
L_000002934fe006b8 .functor BUFT 1, C4<01>, C4<0>, C4<0>, C4<0>;
v000002934fdbcd60_0 .net/2s *"_ivl_34", 1 0, L_000002934fe006b8;  1 drivers
L_000002934fe00700 .functor BUFT 1, C4<00>, C4<0>, C4<0>, C4<0>;
v000002934fdbd440_0 .net/2s *"_ivl_36", 1 0, L_000002934fe00700;  1 drivers
v000002934fdbd800_0 .net *"_ivl_38", 1 0, L_000002934fdceef0;  1 drivers
L_000002934fe004c0 .functor BUFT 1, C4<00000000000000000000000000000000>, C4<0>, C4<0>, C4<0>;
v000002934fdbc9a0_0 .net/2u *"_ivl_4", 31 0, L_000002934fe004c0;  1 drivers
v000002934fdbd940_0 .net *"_ivl_42", 31 0, L_000002934fdd0610;  1 drivers
L_000002934fe00748 .functor BUFT 1, C4<000000000000000000000000000000>, C4<0>, C4<0>, C4<0>;
v000002934fdbd8a0_0 .net *"_ivl_45", 29 0, L_000002934fe00748;  1 drivers
L_000002934fe00790 .functor BUFT 1, C4<00000000000000000000000000000010>, C4<0>, C4<0>, C4<0>;
v000002934fdbcc20_0 .net/2u *"_ivl_46", 31 0, L_000002934fe00790;  1 drivers
v000002934fdbca40_0 .net *"_ivl_48", 0 0, L_000002934fdcef90;  1 drivers
L_000002934fe007d8 .functor BUFT 1, C4<01>, C4<0>, C4<0>, C4<0>;
v000002934fdbcb80_0 .net/2s *"_ivl_50", 1 0, L_000002934fe007d8;  1 drivers
L_000002934fe00820 .functor BUFT 1, C4<00>, C4<0>, C4<0>, C4<0>;
v000002934fdbd1c0_0 .net/2s *"_ivl_52", 1 0, L_000002934fe00820;  1 drivers
v000002934fdbc5e0_0 .net *"_ivl_54", 1 0, L_000002934fdcfa30;  1 drivers
v000002934fdbda80_0 .net *"_ivl_6", 0 0, L_000002934fdcfe90;  1 drivers
L_000002934fe00508 .functor BUFT 1, C4<01>, C4<0>, C4<0>, C4<0>;
v000002934fdbd580_0 .net/2s *"_ivl_8", 1 0, L_000002934fe00508;  1 drivers
v000002934fdbc680_0 .net "btn", 0 0, v000002934fdbdc60_0;  1 drivers
v000002934fdbd9e0_0 .net "btn_res", 0 0, v000002934fdbd620_0;  1 drivers
v000002934fdbc900_0 .net "clk", 0 0, v000002934fdbce00_0;  1 drivers
v000002934fdbde40_0 .net "led0", 0 0, L_000002934fdcee50;  alias, 1 drivers
v000002934fdbcae0_0 .net "led1", 0 0, L_000002934fdcf530;  alias, 1 drivers
v000002934fdbdb20_0 .net "led2", 0 0, L_000002934fdcfcb0;  alias, 1 drivers
v000002934fdbdbc0_0 .net "state", 1 0, L_000002934fd3c5e0;  1 drivers
L_000002934fdcec70 .concat [ 2 30 0 0], L_000002934fd3c5e0, L_000002934fe00478;
L_000002934fdcfe90 .cmp/eq 32, L_000002934fdcec70, L_000002934fe004c0;
L_000002934fdd0070 .functor MUXZ 2, L_000002934fe00550, L_000002934fe00508, L_000002934fdcfe90, C4<>;
L_000002934fdcee50 .part L_000002934fdd0070, 0, 1;
L_000002934fdd0110 .concat [ 2 30 0 0], L_000002934fd3c5e0, L_000002934fe00598;
L_000002934fdcf710 .cmp/eq 32, L_000002934fdd0110, L_000002934fe005e0;
L_000002934fdd0250 .concat [ 2 30 0 0], L_000002934fd3c5e0, L_000002934fe00628;
L_000002934fdcf7b0 .cmp/eq 32, L_000002934fdd0250, L_000002934fe00670;
L_000002934fdceef0 .functor MUXZ 2, L_000002934fe00700, L_000002934fe006b8, L_000002934fd3c650, C4<>;
L_000002934fdcf530 .part L_000002934fdceef0, 0, 1;
L_000002934fdd0610 .concat [ 2 30 0 0], L_000002934fd3c5e0, L_000002934fe00748;
L_000002934fdcef90 .cmp/eq 32, L_000002934fdd0610, L_000002934fe00790;
L_000002934fdcfa30 .functor MUXZ 2, L_000002934fe00820, L_000002934fe007d8, L_000002934fdcef90, C4<>;
L_000002934fdcfcb0 .part L_000002934fdcfa30, 0, 1;
S_000002934fd4ebe0 .scope module, "DUT1" "traffic_light" 3 12, 4 2 0, S_000002934fd4ea50;
 .timescale 0 0;
    .port_info 0 /INPUT 1 "clk";
    .port_info 1 /INPUT 1 "res";
    .port_info 2 /OUTPUT 2 "out_state";
    .port_info 3 /INPUT 1 "btn";
P_000002934fd446f0 .param/l "GREEN" 1 4 8, +C4<00000000000000000000000000000010>;
P_000002934fd44728 .param/l "RED" 1 4 8, +C4<00000000000000000000000000000000>;
P_000002934fd44760 .param/l "YELLOW1" 1 4 8, +C4<00000000000000000000000000000001>;
P_000002934fd44798 .param/l "YELLOW2" 1 4 8, +C4<00000000000000000000000000000011>;
L_000002934fd3ba80 .functor AND 1, L_000002934fdbe020, L_000002934fdbe200, C4<1>, C4<1>;
L_000002934fd3c6c0 .functor OR 1, L_000002934fdbe340, L_000002934fdd01b0, C4<0>, C4<0>;
L_000002934fd3c180 .functor AND 1, L_000002934fd3c6c0, L_000002934fdcfc10, C4<1>, C4<1>;
L_000002934fd3c730 .functor OR 1, L_000002934fd3ba80, L_000002934fd3c180, C4<0>, C4<0>;
L_000002934fd3c1f0 .functor AND 1, L_000002934fdcedb0, L_000002934fdcffd0, C4<1>, C4<1>;
L_000002934fd3c570 .functor OR 1, L_000002934fd3c730, L_000002934fd3c1f0, C4<0>, C4<0>;
L_000002934fd3c5e0 .functor BUFZ 2, v000002934fdbd6c0_0, C4<00>, C4<00>, C4<00>;
v000002934fd5fc60_0 .net *"_ivl_0", 31 0, L_000002934fdbdf80;  1 drivers
L_000002934fe00118 .functor BUFT 1, C4<00000000000000000000000000>, C4<0>, C4<0>, C4<0>;
v000002934fd5fda0_0 .net *"_ivl_11", 25 0, L_000002934fe00118;  1 drivers
L_000002934fe00160 .functor BUFT 1, C4<00000000000000000000000000101000>, C4<0>, C4<0>, C4<0>;
v000002934fd5f760_0 .net/2u *"_ivl_12", 31 0, L_000002934fe00160;  1 drivers
v000002934fd5eae0_0 .net *"_ivl_14", 0 0, L_000002934fdbe200;  1 drivers
v000002934fd605c0_0 .net *"_ivl_17", 0 0, L_000002934fd3ba80;  1 drivers
v000002934fd5fd00_0 .net *"_ivl_18", 31 0, L_000002934fdbe2a0;  1 drivers
L_000002934fe001a8 .functor BUFT 1, C4<000000000000000000000000000000>, C4<0>, C4<0>, C4<0>;
v000002934fd603e0_0 .net *"_ivl_21", 29 0, L_000002934fe001a8;  1 drivers
L_000002934fe001f0 .functor BUFT 1, C4<00000000000000000000000000000001>, C4<0>, C4<0>, C4<0>;
v000002934fd5f9e0_0 .net/2u *"_ivl_22", 31 0, L_000002934fe001f0;  1 drivers
v000002934fd5fa80_0 .net *"_ivl_24", 0 0, L_000002934fdbe340;  1 drivers
v000002934fd5ec20_0 .net *"_ivl_26", 31 0, L_000002934fdcfdf0;  1 drivers
L_000002934fe00238 .functor BUFT 1, C4<000000000000000000000000000000>, C4<0>, C4<0>, C4<0>;
v000002934fd60340_0 .net *"_ivl_29", 29 0, L_000002934fe00238;  1 drivers
L_000002934fe00088 .functor BUFT 1, C4<000000000000000000000000000000>, C4<0>, C4<0>, C4<0>;
v000002934fd5f300_0 .net *"_ivl_3", 29 0, L_000002934fe00088;  1 drivers
L_000002934fe00280 .functor BUFT 1, C4<00000000000000000000000000000011>, C4<0>, C4<0>, C4<0>;
v000002934fd5ef40_0 .net/2u *"_ivl_30", 31 0, L_000002934fe00280;  1 drivers
v000002934fd5fee0_0 .net *"_ivl_32", 0 0, L_000002934fdd01b0;  1 drivers
v000002934fd5ee00_0 .net *"_ivl_35", 0 0, L_000002934fd3c6c0;  1 drivers
v000002934fd5f260_0 .net *"_ivl_36", 31 0, L_000002934fdcf3f0;  1 drivers
L_000002934fe002c8 .functor BUFT 1, C4<00000000000000000000000000>, C4<0>, C4<0>, C4<0>;
v000002934fd5ff80_0 .net *"_ivl_39", 25 0, L_000002934fe002c8;  1 drivers
L_000002934fe000d0 .functor BUFT 1, C4<00000000000000000000000000000000>, C4<0>, C4<0>, C4<0>;
v000002934fd60020_0 .net/2u *"_ivl_4", 31 0, L_000002934fe000d0;  1 drivers
L_000002934fe00310 .functor BUFT 1, C4<00000000000000000000000000000011>, C4<0>, C4<0>, C4<0>;
v000002934fd600c0_0 .net/2u *"_ivl_40", 31 0, L_000002934fe00310;  1 drivers
v000002934fd60480_0 .net *"_ivl_42", 0 0, L_000002934fdcfc10;  1 drivers
v000002934fd60520_0 .net *"_ivl_45", 0 0, L_000002934fd3c180;  1 drivers
v000002934fd60200_0 .net *"_ivl_47", 0 0, L_000002934fd3c730;  1 drivers
v000002934fd5eea0_0 .net *"_ivl_48", 31 0, L_000002934fdcff30;  1 drivers
L_000002934fe00358 .functor BUFT 1, C4<000000000000000000000000000000>, C4<0>, C4<0>, C4<0>;
v000002934fd602a0_0 .net *"_ivl_51", 29 0, L_000002934fe00358;  1 drivers
L_000002934fe003a0 .functor BUFT 1, C4<00000000000000000000000000000010>, C4<0>, C4<0>, C4<0>;
v000002934fd5f120_0 .net/2u *"_ivl_52", 31 0, L_000002934fe003a0;  1 drivers
v000002934fd5ed60_0 .net *"_ivl_54", 0 0, L_000002934fdcedb0;  1 drivers
v000002934fd60660_0 .net *"_ivl_56", 31 0, L_000002934fdcf850;  1 drivers
L_000002934fe003e8 .functor BUFT 1, C4<00000000000000000000000000>, C4<0>, C4<0>, C4<0>;
v000002934fd5e900_0 .net *"_ivl_59", 25 0, L_000002934fe003e8;  1 drivers
v000002934fd5f3a0_0 .net *"_ivl_6", 0 0, L_000002934fdbe020;  1 drivers
L_000002934fe00430 .functor BUFT 1, C4<00000000000000000000000000010101>, C4<0>, C4<0>, C4<0>;
v000002934fd5f440_0 .net/2u *"_ivl_60", 31 0, L_000002934fe00430;  1 drivers
v000002934fd5f4e0_0 .net *"_ivl_62", 0 0, L_000002934fdcffd0;  1 drivers
v000002934fd5f580_0 .net *"_ivl_65", 0 0, L_000002934fd3c1f0;  1 drivers
v000002934fd5f620_0 .net *"_ivl_8", 31 0, L_000002934fdbe0c0;  1 drivers
v000002934fd5f6c0_0 .net "btn", 0 0, v000002934fdbdc60_0;  alias, 1 drivers
v000002934fd60700_0 .net "clk", 0 0, v000002934fdbce00_0;  alias, 1 drivers
v000002934fd5f800_0 .net "clk_1Hz", 0 0, v000002934fd5efe0_0;  1 drivers
v000002934fd5e860_0 .var "cnt", 5 0;
v000002934fd406c0_0 .var "cnt1", 1 0;
v000002934fd40800_0 .var "next_state", 1 0;
v000002934fdbd260_0 .net "out_state", 1 0, L_000002934fd3c5e0;  alias, 1 drivers
v000002934fdbcfe0_0 .net "proverka", 0 0, L_000002934fd3c570;  1 drivers
v000002934fdbccc0_0 .net "res", 0 0, v000002934fdbd620_0;  alias, 1 drivers
v000002934fdbd6c0_0 .var "state", 1 0;
v000002934fdbd4e0_0 .var "txstate", 63 0;
E_000002934fd5b9b0/0 .event negedge, v000002934fd5ea40_0;
E_000002934fd5b9b0/1 .event posedge, v000002934fd5efe0_0;
E_000002934fd5b9b0 .event/or E_000002934fd5b9b0/0, E_000002934fd5b9b0/1;
E_000002934fd5b430 .event posedge, v000002934fd5efe0_0, v000002934fd5f6c0_0;
E_000002934fd5c170 .event anyedge, v000002934fdbd6c0_0, v000002934fd5e860_0, v000002934fd406c0_0;
E_000002934fd5beb0 .event anyedge, v000002934fdbd6c0_0;
L_000002934fdbdf80 .concat [ 2 30 0 0], v000002934fdbd6c0_0, L_000002934fe00088;
L_000002934fdbe020 .cmp/eq 32, L_000002934fdbdf80, L_000002934fe000d0;
L_000002934fdbe0c0 .concat [ 6 26 0 0], v000002934fd5e860_0, L_000002934fe00118;
L_000002934fdbe200 .cmp/eq 32, L_000002934fdbe0c0, L_000002934fe00160;
L_000002934fdbe2a0 .concat [ 2 30 0 0], v000002934fdbd6c0_0, L_000002934fe001a8;
L_000002934fdbe340 .cmp/eq 32, L_000002934fdbe2a0, L_000002934fe001f0;
L_000002934fdcfdf0 .concat [ 2 30 0 0], v000002934fdbd6c0_0, L_000002934fe00238;
L_000002934fdd01b0 .cmp/eq 32, L_000002934fdcfdf0, L_000002934fe00280;
L_000002934fdcf3f0 .concat [ 6 26 0 0], v000002934fd5e860_0, L_000002934fe002c8;
L_000002934fdcfc10 .cmp/eq 32, L_000002934fdcf3f0, L_000002934fe00310;
L_000002934fdcff30 .concat [ 2 30 0 0], v000002934fdbd6c0_0, L_000002934fe00358;
L_000002934fdcedb0 .cmp/eq 32, L_000002934fdcff30, L_000002934fe003a0;
L_000002934fdcf850 .concat [ 6 26 0 0], v000002934fd5e860_0, L_000002934fe003e8;
L_000002934fdcffd0 .cmp/eq 32, L_000002934fdcf850, L_000002934fe00430;
S_000002934fd46440 .scope module, "one_second" "timer" 4 27, 5 1 0, S_000002934fd4ebe0;
 .timescale 0 0;
    .port_info 0 /INPUT 1 "clk_50MHz";
    .port_info 1 /INPUT 1 "res";
    .port_info 2 /OUTPUT 1 "clk_1Hz";
P_000002934fd5b7b0 .param/l "bit" 0 5 1, +C4<00000000000000000000000000000101>;
v000002934fd5efe0_0 .var "clk_1Hz", 0 0;
v000002934fd5f080_0 .net "clk_50MHz", 0 0, v000002934fdbce00_0;  alias, 1 drivers
v000002934fd5fe40_0 .var "cnt", 5 0;
v000002934fd5ea40_0 .net "res", 0 0, v000002934fdbd620_0;  alias, 1 drivers
E_000002934fd5be30/0 .event negedge, v000002934fd5ea40_0;
E_000002934fd5be30/1 .event posedge, v000002934fd5f080_0;
E_000002934fd5be30 .event/or E_000002934fd5be30/0, E_000002934fd5be30/1;
    .scope S_000002934fd46440;
T_0 ;
    %wait E_000002934fd5be30;
    %load/vec4 v000002934fd5ea40_0;
    %nor/r;
    %flag_set/vec4 8;
    %jmp/0xz  T_0.0, 8;
    %pushi/vec4 0, 0, 6;
    %assign/vec4 v000002934fd5fe40_0, 0;
    %pushi/vec4 0, 0, 1;
    %assign/vec4 v000002934fd5efe0_0, 0;
    %jmp T_0.1;
T_0.0 ;
    %load/vec4 v000002934fd5fe40_0;
    %pad/u 32;
    %cmpi/e 25, 0, 32;
    %jmp/0xz  T_0.2, 4;
    %pushi/vec4 0, 0, 6;
    %assign/vec4 v000002934fd5fe40_0, 0;
    %load/vec4 v000002934fd5efe0_0;
    %inv;
    %assign/vec4 v000002934fd5efe0_0, 0;
    %jmp T_0.3;
T_0.2 ;
    %load/vec4 v000002934fd5fe40_0;
    %addi 1, 0, 6;
    %store/vec4 v000002934fd5fe40_0, 0, 6;
T_0.3 ;
T_0.1 ;
    %jmp T_0;
    .thread T_0;
    .scope S_000002934fd4ebe0;
T_1 ;
    %wait E_000002934fd5beb0;
    %load/vec4 v000002934fdbd6c0_0;
    %dup/vec4;
    %pushi/vec4 0, 0, 2;
    %cmp/u;
    %jmp/1 T_1.0, 6;
    %dup/vec4;
    %pushi/vec4 1, 0, 2;
    %cmp/u;
    %jmp/1 T_1.1, 6;
    %dup/vec4;
    %pushi/vec4 2, 0, 2;
    %cmp/u;
    %jmp/1 T_1.2, 6;
    %dup/vec4;
    %pushi/vec4 3, 0, 2;
    %cmp/u;
    %jmp/1 T_1.3, 6;
    %jmp T_1.4;
T_1.0 ;
    %pushi/vec4 0, 0, 32; draw_string_vec4
    %pushi/vec4 5391684, 0, 32; draw_string_vec4
    %concat/vec4; draw_string_vec4
    %store/vec4 v000002934fdbd4e0_0, 0, 64;
    %jmp T_1.4;
T_1.1 ;
    %pushi/vec4 22853, 0, 32; draw_string_vec4
    %pushi/vec4 1280069463, 0, 32; draw_string_vec4
    %concat/vec4; draw_string_vec4
    %store/vec4 v000002934fdbd4e0_0, 0, 64;
    %jmp T_1.4;
T_1.2 ;
    %pushi/vec4 71, 0, 32; draw_string_vec4
    %pushi/vec4 1380271438, 0, 32; draw_string_vec4
    %concat/vec4; draw_string_vec4
    %store/vec4 v000002934fdbd4e0_0, 0, 64;
    %jmp T_1.4;
T_1.3 ;
    %pushi/vec4 5850444, 0, 32; draw_string_vec4
    %pushi/vec4 1280268082, 0, 32; draw_string_vec4
    %concat/vec4; draw_string_vec4
    %store/vec4 v000002934fdbd4e0_0, 0, 64;
    %jmp T_1.4;
T_1.4 ;
    %pop/vec4 1;
    %jmp T_1;
    .thread T_1, $push;
    .scope S_000002934fd4ebe0;
T_2 ;
    %wait E_000002934fd5b9b0;
    %load/vec4 v000002934fdbccc0_0;
    %nor/r;
    %flag_set/vec4 8;
    %jmp/0xz  T_2.0, 8;
    %pushi/vec4 0, 0, 6;
    %assign/vec4 v000002934fd5e860_0, 0;
    %jmp T_2.1;
T_2.0 ;
    %load/vec4 v000002934fdbcfe0_0;
    %flag_set/vec4 8;
    %jmp/0xz  T_2.2, 8;
    %pushi/vec4 0, 0, 6;
    %assign/vec4 v000002934fd5e860_0, 0;
    %jmp T_2.3;
T_2.2 ;
    %load/vec4 v000002934fd5e860_0;
    %addi 1, 0, 6;
    %assign/vec4 v000002934fd5e860_0, 0;
T_2.3 ;
T_2.1 ;
    %jmp T_2;
    .thread T_2;
    .scope S_000002934fd4ebe0;
T_3 ;
    %wait E_000002934fd5c170;
    %load/vec4 v000002934fdbd6c0_0;
    %dup/vec4;
    %pushi/vec4 0, 0, 2;
    %cmp/u;
    %jmp/1 T_3.0, 6;
    %dup/vec4;
    %pushi/vec4 1, 0, 2;
    %cmp/u;
    %jmp/1 T_3.1, 6;
    %dup/vec4;
    %pushi/vec4 2, 0, 2;
    %cmp/u;
    %jmp/1 T_3.2, 6;
    %dup/vec4;
    %pushi/vec4 3, 0, 2;
    %cmp/u;
    %jmp/1 T_3.3, 6;
    %jmp T_3.4;
T_3.0 ;
    %load/vec4 v000002934fd5e860_0;
    %pad/u 32;
    %cmpi/e 40, 0, 32;
    %jmp/0xz  T_3.5, 4;
    %pushi/vec4 1, 0, 2;
    %store/vec4 v000002934fd40800_0, 0, 2;
    %jmp T_3.6;
T_3.5 ;
    %load/vec4 v000002934fd406c0_0;
    %pad/u 32;
    %cmpi/e 3, 0, 32;
    %jmp/0xz  T_3.7, 4;
    %pushi/vec4 2, 0, 2;
    %store/vec4 v000002934fd40800_0, 0, 2;
    %jmp T_3.8;
T_3.7 ;
    %pushi/vec4 0, 0, 2;
    %store/vec4 v000002934fd40800_0, 0, 2;
T_3.8 ;
T_3.6 ;
    %jmp T_3.4;
T_3.1 ;
    %load/vec4 v000002934fd5e860_0;
    %pad/u 32;
    %cmpi/e 3, 0, 32;
    %flag_mov 8, 4;
    %jmp/0 T_3.9, 8;
    %pushi/vec4 2, 0, 32;
    %jmp/1 T_3.10, 8;
T_3.9 ; End of true expr.
    %pushi/vec4 1, 0, 32;
    %jmp/0 T_3.10, 8;
 ; End of false expr.
    %blend;
T_3.10;
    %pad/s 2;
    %store/vec4 v000002934fd40800_0, 0, 2;
    %jmp T_3.4;
T_3.2 ;
    %load/vec4 v000002934fd5e860_0;
    %pad/u 32;
    %cmpi/e 21, 0, 32;
    %flag_mov 8, 4;
    %jmp/0 T_3.11, 8;
    %pushi/vec4 3, 0, 32;
    %jmp/1 T_3.12, 8;
T_3.11 ; End of true expr.
    %pushi/vec4 2, 0, 32;
    %jmp/0 T_3.12, 8;
 ; End of false expr.
    %blend;
T_3.12;
    %pad/s 2;
    %store/vec4 v000002934fd40800_0, 0, 2;
    %jmp T_3.4;
T_3.3 ;
    %load/vec4 v000002934fd5e860_0;
    %pad/u 32;
    %cmpi/e 3, 0, 32;
    %flag_mov 8, 4;
    %jmp/0 T_3.13, 8;
    %pushi/vec4 0, 0, 32;
    %jmp/1 T_3.14, 8;
T_3.13 ; End of true expr.
    %pushi/vec4 3, 0, 32;
    %jmp/0 T_3.14, 8;
 ; End of false expr.
    %blend;
T_3.14;
    %pad/s 2;
    %store/vec4 v000002934fd40800_0, 0, 2;
    %jmp T_3.4;
T_3.4 ;
    %pop/vec4 1;
    %jmp T_3;
    .thread T_3, $push;
    .scope S_000002934fd4ebe0;
T_4 ;
    %wait E_000002934fd5b430;
    %load/vec4 v000002934fd5f6c0_0;
    %flag_set/vec4 9;
    %flag_get/vec4 9;
    %jmp/0 T_4.2, 9;
    %load/vec4 v000002934fdbd6c0_0;
    %pad/u 32;
    %pushi/vec4 0, 0, 32;
    %cmp/e;
    %flag_get/vec4 4;
    %and;
T_4.2;
    %flag_set/vec4 8;
    %jmp/0xz  T_4.0, 8;
    %load/vec4 v000002934fd406c0_0;
    %addi 1, 0, 2;
    %assign/vec4 v000002934fd406c0_0, 0;
    %jmp T_4.1;
T_4.0 ;
    %load/vec4 v000002934fd5e860_0;
    %pad/u 32;
    %cmpi/e 37, 0, 32;
    %jmp/0xz  T_4.3, 4;
    %pushi/vec4 0, 0, 2;
    %assign/vec4 v000002934fd406c0_0, 0;
    %jmp T_4.4;
T_4.3 ;
    %pushi/vec4 0, 0, 2;
    %assign/vec4 v000002934fd406c0_0, 0;
T_4.4 ;
T_4.1 ;
    %jmp T_4;
    .thread T_4;
    .scope S_000002934fd4ebe0;
T_5 ;
    %wait E_000002934fd5b9b0;
    %load/vec4 v000002934fdbccc0_0;
    %nor/r;
    %flag_set/vec4 8;
    %jmp/0xz  T_5.0, 8;
    %pushi/vec4 0, 0, 2;
    %assign/vec4 v000002934fdbd6c0_0, 0;
    %jmp T_5.1;
T_5.0 ;
    %load/vec4 v000002934fd40800_0;
    %assign/vec4 v000002934fdbd6c0_0, 0;
T_5.1 ;
    %jmp T_5;
    .thread T_5;
    .scope S_000002934fd44560;
T_6 ;
    %pushi/vec4 0, 0, 1;
    %store/vec4 v000002934fdbce00_0, 0, 1;
    %vpi_call 2 14 "$display", "Running testbench" {0 0 0};
    %end;
    .thread T_6;
    .scope S_000002934fd44560;
T_7 ;
    %pushi/vec4 1, 0, 1;
    %store/vec4 v000002934fdbd620_0, 0, 1;
    %pushi/vec4 0, 0, 1;
    %store/vec4 v000002934fdbdc60_0, 0, 1;
    %pushi/vec4 2, 0, 32;
T_7.0 %dup/vec4;
    %pushi/vec4 0, 0, 32;
    %cmp/s;
    %jmp/1xz T_7.1, 5;
    %jmp/1 T_7.1, 4;
    %pushi/vec4 1, 0, 32;
    %sub;
    %delay 1, 0;
    %load/vec4 v000002934fdbd620_0;
    %inv;
    %store/vec4 v000002934fdbd620_0, 0, 1;
    %jmp T_7.0;
T_7.1 ;
    %pop/vec4 1;
    %end;
    .thread T_7;
    .scope S_000002934fd44560;
T_8 ;
    %delay 3000, 0;
    %pushi/vec4 1, 0, 1;
    %store/vec4 v000002934fdbdc60_0, 0, 1;
    %delay 3010, 0;
    %pushi/vec4 0, 0, 1;
    %store/vec4 v000002934fdbdc60_0, 0, 1;
    %end;
    .thread T_8;
    .scope S_000002934fd44560;
T_9 ;
    %delay 1, 0;
    %load/vec4 v000002934fdbce00_0;
    %nor/r;
    %store/vec4 v000002934fdbce00_0, 0, 1;
    %jmp T_9;
    .thread T_9;
    .scope S_000002934fd44560;
T_10 ;
    %delay 30000, 0;
    %vpi_call 2 29 "$display", "Testbench is OK!" {0 0 0};
    %vpi_call 2 30 "$finish" {0 0 0};
    %end;
    .thread T_10;
    .scope S_000002934fd44560;
T_11 ;
    %vpi_call 2 35 "$dumpfile", "qqq.vcd" {0 0 0};
    %vpi_call 2 36 "$dumpvars" {0 0 0};
    %end;
    .thread T_11;
# The file index is used to find the file name in the following table.
:file_names 6;
    "N/A";
    "<interactive>";
    "tb_traffic_light_top.v";
    "./traffic_light_top.v";
    "./traffic_light.v";
    "./timer.v";
