#! /c/Source/iverilog-install/bin/vvp
:ivl_version "12.0 (devel)" "(s20150603-1539-g2693dd32b)";
:ivl_delay_selection "TYPICAL";
:vpi_time_precision + 0;
:vpi_module "C:\iverilog\lib\ivl\system.vpi";
:vpi_module "C:\iverilog\lib\ivl\vhdl_sys.vpi";
:vpi_module "C:\iverilog\lib\ivl\vhdl_textio.vpi";
:vpi_module "C:\iverilog\lib\ivl\v2005_math.vpi";
:vpi_module "C:\iverilog\lib\ivl\va_math.vpi";
S_000001e2a684e030 .scope module, "divider" "divider" 2 1;
 .timescale 0 0;
    .port_info 0 /INPUT 1 "clk";
    .port_info 1 /INPUT 1 "res";
    .port_info 2 /INPUT 16 "divisible";
    .port_info 3 /INPUT 16 "divider";
    .port_info 4 /OUTPUT 1 "sign";
    .port_info 5 /OUTPUT 5 "exponent";
    .port_info 6 /OUTPUT 1 "load";
    .port_info 7 /INPUT 1 "ready";
    .port_info 8 /OUTPUT 1 "ready_stop";
o000001e2a6896fb8 .functor BUFZ 1, C4<z>; HiZ drive
v000001e2a6862720_0 .net "clk", 0 0, o000001e2a6896fb8;  0 drivers
o000001e2a6896fe8 .functor BUFZ 16, C4<zzzzzzzzzzzzzzzz>; HiZ drive
v000001e2a68627c0_0 .net "divider", 15 0, o000001e2a6896fe8;  0 drivers
o000001e2a6897018 .functor BUFZ 16, C4<zzzzzzzzzzzzzzzz>; HiZ drive
v000001e2a6862860_0 .net "divisible", 15 0, o000001e2a6897018;  0 drivers
v000001e2a6862900_0 .var "exponent", 4 0;
v000001e2a68629a0_0 .var "load", 0 0;
o000001e2a68970a8 .functor BUFZ 1, C4<z>; HiZ drive
v000001e2a6862a40_0 .net "ready", 0 0, o000001e2a68970a8;  0 drivers
v000001e2a6862ae0_0 .var "ready_stop", 0 0;
o000001e2a6897108 .functor BUFZ 1, C4<z>; HiZ drive
v000001e2a684b960_0 .net "res", 0 0, o000001e2a6897108;  0 drivers
v000001e2a684ba00_0 .var "sign", 0 0;
E_000001e2a684cd30/0 .event negedge, v000001e2a684b960_0;
E_000001e2a684cd30/1 .event posedge, v000001e2a6862720_0;
E_000001e2a684cd30 .event/or E_000001e2a684cd30/0, E_000001e2a684cd30/1;
    .scope S_000001e2a684e030;
T_0 ;
    %wait E_000001e2a684cd30;
    %load/vec4 v000001e2a684b960_0;
    %nor/r;
    %flag_set/vec4 8;
    %jmp/0xz  T_0.0, 8;
    %pushi/vec4 0, 0, 1;
    %assign/vec4 v000001e2a684ba00_0, 0;
    %pushi/vec4 0, 0, 5;
    %assign/vec4 v000001e2a6862900_0, 0;
    %pushi/vec4 0, 0, 1;
    %assign/vec4 v000001e2a68629a0_0, 0;
    %jmp T_0.1;
T_0.0 ;
    %load/vec4 v000001e2a6862a40_0;
    %flag_set/vec4 8;
    %jmp/0xz  T_0.2, 8;
    %load/vec4 v000001e2a6862860_0;
    %parti/s 1, 15, 5;
    %load/vec4 v000001e2a68627c0_0;
    %parti/s 1, 15, 5;
    %xor;
    %assign/vec4 v000001e2a684ba00_0, 0;
    %load/vec4 v000001e2a6862860_0;
    %parti/s 5, 10, 5;
    %load/vec4 v000001e2a68627c0_0;
    %parti/s 5, 10, 5;
    %sub;
    %addi 15, 0, 5;
    %assign/vec4 v000001e2a6862900_0, 0;
    %pushi/vec4 1, 0, 1;
    %assign/vec4 v000001e2a68629a0_0, 0;
    %pushi/vec4 1, 0, 1;
    %assign/vec4 v000001e2a6862ae0_0, 0;
    %jmp T_0.3;
T_0.2 ;
    %pushi/vec4 0, 0, 1;
    %assign/vec4 v000001e2a6862ae0_0, 0;
T_0.3 ;
T_0.1 ;
    %jmp T_0;
    .thread T_0;
# The file index is used to find the file name in the following table.
:file_names 3;
    "N/A";
    "<interactive>";
    "divider.v";
