#! /c/Source/iverilog-install/bin/vvp
:ivl_version "12.0 (devel)" "(s20150603-1539-g2693dd32b)";
:ivl_delay_selection "TYPICAL";
:vpi_time_precision + 0;
:vpi_module "C:\iverilog\lib\ivl\system.vpi";
:vpi_module "C:\iverilog\lib\ivl\vhdl_sys.vpi";
:vpi_module "C:\iverilog\lib\ivl\vhdl_textio.vpi";
:vpi_module "C:\iverilog\lib\ivl\v2005_math.vpi";
:vpi_module "C:\iverilog\lib\ivl\va_math.vpi";
S_0000020421972830 .scope module, "shift_register_right" "shift_register_right" 2 1;
 .timescale 0 0;
    .port_info 0 /INPUT 1 "sign";
    .port_info 1 /INPUT 5 "exponent";
    .port_info 2 /INPUT 10 "fraction";
    .port_info 3 /OUTPUT 1 "out";
    .port_info 4 /INPUT 1 "clk";
    .port_info 5 /INPUT 1 "res";
    .port_info 6 /OUTPUT 1 "tready";
    .port_info 7 /INPUT 1 "load";
    .port_info 8 /OUTPUT 1 "load_done";
o00000204219a6fb8 .functor BUFZ 1, C4<z>; HiZ drive
v0000020421972a60_0 .net "clk", 0 0, o00000204219a6fb8;  0 drivers
v0000020421972b00_0 .var "cnt", 4 0;
v00000204219ebc30_0 .var "dout", 15 0;
o00000204219a7048 .functor BUFZ 5, C4<zzzzz>; HiZ drive
v00000204219ebcd0_0 .net "exponent", 4 0, o00000204219a7048;  0 drivers
o00000204219a7078 .functor BUFZ 10, C4<zzzzzzzzzz>; HiZ drive
v00000204219ebd70_0 .net "fraction", 9 0, o00000204219a7078;  0 drivers
o00000204219a70a8 .functor BUFZ 1, C4<z>; HiZ drive
v00000204219ebe10_0 .net "load", 0 0, o00000204219a70a8;  0 drivers
v00000204219ebeb0_0 .var "load_done", 0 0;
v00000204219ebf50_0 .var "out", 0 0;
o00000204219a7138 .functor BUFZ 1, C4<z>; HiZ drive
v00000204219ebff0_0 .net "res", 0 0, o00000204219a7138;  0 drivers
o00000204219a7168 .functor BUFZ 1, C4<z>; HiZ drive
v00000204219ec090_0 .net "sign", 0 0, o00000204219a7168;  0 drivers
v00000204219ec130_0 .var "tready", 0 0;
E_0000020421995720/0 .event negedge, v00000204219ebff0_0;
E_0000020421995720/1 .event posedge, v0000020421972a60_0;
E_0000020421995720 .event/or E_0000020421995720/0, E_0000020421995720/1;
    .scope S_0000020421972830;
T_0 ;
    %wait E_0000020421995720;
    %load/vec4 v00000204219ebff0_0;
    %nor/r;
    %flag_set/vec4 8;
    %jmp/0xz  T_0.0, 8;
    %pushi/vec4 0, 0, 1;
    %assign/vec4 v00000204219ebf50_0, 0;
    %pushi/vec4 0, 0, 16;
    %assign/vec4 v00000204219ebc30_0, 0;
    %pushi/vec4 0, 0, 1;
    %assign/vec4 v00000204219ec130_0, 0;
    %pushi/vec4 0, 0, 1;
    %assign/vec4 v00000204219ebeb0_0, 0;
    %pushi/vec4 0, 0, 5;
    %assign/vec4 v0000020421972b00_0, 0;
    %jmp T_0.1;
T_0.0 ;
    %load/vec4 v00000204219ebe10_0;
    %flag_set/vec4 8;
    %jmp/0xz  T_0.2, 8;
    %pushi/vec4 0, 0, 5;
    %assign/vec4 v0000020421972b00_0, 0;
    %load/vec4 v00000204219ec090_0;
    %load/vec4 v00000204219ebcd0_0;
    %concat/vec4; draw_concat_vec4
    %load/vec4 v00000204219ebd70_0;
    %concat/vec4; draw_concat_vec4
    %assign/vec4 v00000204219ebc30_0, 0;
    %pushi/vec4 1, 0, 1;
    %assign/vec4 v00000204219ebeb0_0, 0;
    %jmp T_0.3;
T_0.2 ;
    %load/vec4 v0000020421972b00_0;
    %cmpi/u 16, 0, 5;
    %jmp/0xz  T_0.4, 5;
    %load/vec4 v0000020421972b00_0;
    %addi 1, 0, 5;
    %assign/vec4 v0000020421972b00_0, 0;
    %load/vec4 v00000204219ebc30_0;
    %parti/s 1, 0, 2;
    %assign/vec4 v00000204219ebf50_0, 0;
    %pushi/vec4 0, 0, 1;
    %load/vec4 v00000204219ebc30_0;
    %parti/s 15, 1, 2;
    %concat/vec4; draw_concat_vec4
    %assign/vec4 v00000204219ebc30_0, 0;
    %pushi/vec4 0, 0, 1;
    %assign/vec4 v00000204219ebeb0_0, 0;
    %pushi/vec4 1, 0, 1;
    %assign/vec4 v00000204219ec130_0, 0;
T_0.4 ;
T_0.3 ;
T_0.1 ;
    %jmp T_0;
    .thread T_0;
# The file index is used to find the file name in the following table.
:file_names 3;
    "N/A";
    "<interactive>";
    "shift_register_right.v";
